---------------------------------------------------------------
[ 2019-04-04T22:44:48+08:00 ] 127.0.0.1 POST 127.0.0.1/admin/project/info/index
[运行时间：0.327802s] [吞吐率：3.05req/s] [内存消耗：3,880.77kb] [文件加载：84]
[ info ] [ BEHAVIOR ] Run Closure @app_init [ RunTime:0.002199s ]
[ info ] [ CACHE ] INIT File
[ info ] [ BEHAVIOR ] Run Closure @app_init [ RunTime:0.007621s ]
[ info ] [ LANG ] /Users/work/WEB/fastadmin/thinkphp/lang/zh-cn.php
[ info ] [ ROUTE ] array (
  'type' => 'module',
  'module' => 
  array (
    0 => 'admin',
    1 => 'project.info',
    2 => 'index',
  ),
)
[ info ] [ HEADER ] array (
  'host' => '127.0.0.1',
  'accept' => 'application/json, text/javascript, */*; q=0.01',
  'x-requested-with' => 'XMLHttpRequest',
  'accept-language' => 'zh-cn',
  'accept-encoding' => 'gzip, deflate',
  'content-type' => 'application/x-www-form-urlencoded; charset=UTF-8',
  'origin' => 'http://127.0.0.1',
  'user-agent' => 'Mozilla/5.0 (Macintosh; Intel Mac OS X 10_13_6) AppleWebKit/605.1.15 (KHTML, like Gecko) Version/12.1 Safari/605.1.15',
  'connection' => 'keep-alive',
  'referer' => 'http://127.0.0.1/admin/contract/info?addtabs=1',
  'content-length' => '171',
  'cookie' => 'Hm_lpvt_baca6fe3dceaf818f5f835b0ae97e4cc=1553930228; Hm_lpvt_3456bee468c83cc63fb5147f119f1075=1553788642; Hm_lpvt_bfc6c23974fbad0bbfed25f88a973fb0=1553777905; PHPSESSID=2aph93tipahci51qk2kpbe6l07; CNZZDATA1254842228=871315088-1553774523-%7C1553785334; Hm_lvt_3456bee468c83cc63fb5147f119f1075=1553777939; Hm_lvt_baca6fe3dceaf818f5f835b0ae97e4cc=1553930228',
)
[ info ] [ PARAM ] array (
  'q_word' => 
  array (
    0 => '',
  ),
  'pageNumber' => '1',
  'pageSize' => '10',
  'andOr' => 'AND',
  'orderBy' => 
  array (
    0 => 
    array (
      0 => 'name',
      1 => 'ASC',
    ),
  ),
  'searchTable' => 'tbl',
  'showField' => 'name',
  'keyField' => 'id',
  'searchField' => 
  array (
    0 => 'name',
  ),
  'name' => '',
)
[ info ] [ LANG ] /Users/work/WEB/fastadmin/public/../application/admin/lang/zh-cn.php
[ info ] [ BEHAVIOR ] Run app\common\behavior\Common @module_init [ RunTime:0.002979s ]
[ info ] [ SESSION ] INIT array (
  'id' => '',
  'var_session_id' => '',
  'prefix' => 'think',
  'type' => '',
  'auto_start' => true,
)
[ info ] [ DB ] INIT mysql
[ info ] [ LANG ] /Users/work/WEB/fastadmin/public/../application/admin/lang/zh-cn/project/info.php
[ info ] [ RUN ] app\admin\controller\project\Info->index[ /Users/work/WEB/fastadmin/application/admin/controller/project/Info.php ]
[ info ] [ BEHAVIOR ] Run app\admin\behavior\AdminLog @app_end [ RunTime:0.110553s ]
[ info ] [ BEHAVIOR ] Run \addons\loginvideo\Loginvideo @response_send [ RunTime:0.006095s ]
[ info ] [ LOG ] INIT File
[ sql ] [ DB ] CONNECT:[ UseTime:0.009393s ] mysql:host=127.0.0.1;dbname=fastadmin;charset=utf8
[ sql ] [ SQL ] SHOW COLUMNS FROM `fa_auth_group_access` [ RunTime:0.031669s ]
[ sql ] [ SQL ] SELECT `aga`.`uid`,`aga`.`group_id`,`ag`.`id`,`ag`.`pid`,`ag`.`name`,`ag`.`rules` FROM `fa_auth_group_access` `aga` LEFT JOIN `fa_auth_group` `ag` ON `aga`.`group_id`=`ag`.`id` WHERE  (  aga.uid='1' and ag.status='normal' ) [ RunTime:0.004359s ]
[ sql ] [ SQL ] SHOW COLUMNS FROM `fa_auth_rule` [ RunTime:0.004906s ]
[ sql ] [ SQL ] SELECT `id`,`pid`,`condition`,`icon`,`name`,`title`,`ismenu` FROM `fa_auth_rule` WHERE  `status` = 'normal' [ RunTime:0.003901s ]
[ sql ] [ SQL ] SHOW COLUMNS FROM `fa_project_info` [ RunTime:0.002368s ]
[ sql ] [ SQL ] SELECT COUNT(*) AS tp_count FROM `fa_project_info` WHERE  (  `name` LIKE '%%' ) LIMIT 1 [ RunTime:0.004021s ]
[ sql ] [ SQL ] SELECT * FROM `fa_project_info` WHERE  (  `name` LIKE '%%' ) ORDER BY `name` ASC LIMIT 0,10 [ RunTime:0.001899s ]
[ sql ] [ SQL ] SHOW COLUMNS FROM `fa_admin_log` [ RunTime:0.002354s ]
[ sql ] [ SQL ] INSERT INTO `fa_admin_log` (`title` , `content` , `url` , `admin_id` , `username` , `useragent` , `ip` , `createtime`) VALUES ('项目管理 项目信息 查看' , '{\"q_word\":[\"\"],\"pageNumber\":\"1\",\"pageSize\":\"10\",\"andOr\":\"AND\",\"orderBy\":[[\"name\",\"ASC\"]],\"searchTable\":\"tbl\",\"showField\":\"name\",\"keyField\":\"id\",\"searchField\":[\"name\"],\"name\":\"\"}' , '/admin/project/info/index' , 1 , 'admin' , 'Mozilla/5.0 (Macintosh; Intel Mac OS X 10_13_6) AppleWebKit/605.1.15 (KHTML, like Gecko) Version/12.1 Safari/605.1.15' , '127.0.0.1' , 1554389088) [ RunTime:0.093147s ]
---------------------------------------------------------------
[ 2019-04-04T22:44:51+08:00 ] 127.0.0.1 POST 127.0.0.1/admin/project/section/index
[运行时间：0.149950s] [吞吐率：6.67req/s] [内存消耗：3,874.95kb] [文件加载：84]
[ info ] [ BEHAVIOR ] Run Closure @app_init [ RunTime:0.000031s ]
[ info ] [ CACHE ] INIT File
[ info ] [ BEHAVIOR ] Run Closure @app_init [ RunTime:0.001708s ]
[ info ] [ LANG ] /Users/work/WEB/fastadmin/thinkphp/lang/zh-cn.php
[ info ] [ ROUTE ] array (
  'type' => 'module',
  'module' => 
  array (
    0 => 'admin',
    1 => 'project.section',
    2 => 'index',
  ),
)
[ info ] [ HEADER ] array (
  'host' => '127.0.0.1',
  'accept' => 'application/json, text/javascript, */*; q=0.01',
  'x-requested-with' => 'XMLHttpRequest',
  'accept-language' => 'zh-cn',
  'accept-encoding' => 'gzip, deflate',
  'content-type' => 'application/x-www-form-urlencoded; charset=UTF-8',
  'origin' => 'http://127.0.0.1',
  'user-agent' => 'Mozilla/5.0 (Macintosh; Intel Mac OS X 10_13_6) AppleWebKit/605.1.15 (KHTML, like Gecko) Version/12.1 Safari/605.1.15',
  'connection' => 'keep-alive',
  'referer' => 'http://127.0.0.1/admin/contract/info?addtabs=1',
  'content-length' => '201',
  'cookie' => 'Hm_lpvt_baca6fe3dceaf818f5f835b0ae97e4cc=1553930228; Hm_lpvt_3456bee468c83cc63fb5147f119f1075=1553788642; Hm_lpvt_bfc6c23974fbad0bbfed25f88a973fb0=1553777905; PHPSESSID=2aph93tipahci51qk2kpbe6l07; CNZZDATA1254842228=871315088-1553774523-%7C1553785334; Hm_lvt_3456bee468c83cc63fb5147f119f1075=1553777939; Hm_lvt_baca6fe3dceaf818f5f835b0ae97e4cc=1553930228',
)
[ info ] [ PARAM ] array (
  'q_word' => 
  array (
    0 => '',
  ),
  'pageNumber' => '1',
  'pageSize' => '10',
  'andOr' => 'AND',
  'orderBy' => 
  array (
    0 => 
    array (
      0 => 'name',
      1 => 'ASC',
    ),
  ),
  'searchTable' => 'tbl',
  'showField' => 'name',
  'keyField' => 'id',
  'searchField' => 
  array (
    0 => 'name',
  ),
  'name' => '',
  'custom' => 
  array (
    'project_info_id' => '1',
  ),
)
[ info ] [ LANG ] /Users/work/WEB/fastadmin/public/../application/admin/lang/zh-cn.php
[ info ] [ BEHAVIOR ] Run app\common\behavior\Common @module_init [ RunTime:0.001010s ]
[ info ] [ SESSION ] INIT array (
  'id' => '',
  'var_session_id' => '',
  'prefix' => 'think',
  'type' => '',
  'auto_start' => true,
)
[ info ] [ DB ] INIT mysql
[ info ] [ LANG ] /Users/work/WEB/fastadmin/public/../application/admin/lang/zh-cn/project/section.php
[ info ] [ RUN ] app\admin\controller\project\Section->index[ /Users/work/WEB/fastadmin/application/admin/controller/project/Section.php ]
[ info ] [ BEHAVIOR ] Run app\admin\behavior\AdminLog @app_end [ RunTime:0.088528s ]
[ info ] [ BEHAVIOR ] Run \addons\loginvideo\Loginvideo @response_send [ RunTime:0.000248s ]
[ info ] [ LOG ] INIT File
[ sql ] [ DB ] CONNECT:[ UseTime:0.000874s ] mysql:host=127.0.0.1;dbname=fastadmin;charset=utf8
[ sql ] [ SQL ] SHOW COLUMNS FROM `fa_auth_group_access` [ RunTime:0.002945s ]
[ sql ] [ SQL ] SELECT `aga`.`uid`,`aga`.`group_id`,`ag`.`id`,`ag`.`pid`,`ag`.`name`,`ag`.`rules` FROM `fa_auth_group_access` `aga` LEFT JOIN `fa_auth_group` `ag` ON `aga`.`group_id`=`ag`.`id` WHERE  (  aga.uid='1' and ag.status='normal' ) [ RunTime:0.001560s ]
[ sql ] [ SQL ] SHOW COLUMNS FROM `fa_auth_rule` [ RunTime:0.001156s ]
[ sql ] [ SQL ] SELECT `id`,`pid`,`condition`,`icon`,`name`,`title`,`ismenu` FROM `fa_auth_rule` WHERE  `status` = 'normal' [ RunTime:0.001359s ]
[ sql ] [ SQL ] SHOW COLUMNS FROM `fa_project_section` [ RunTime:0.002197s ]
[ sql ] [ SQL ] SELECT COUNT(*) AS tp_count FROM `fa_project_section` WHERE  (  `name` LIKE '%%'  AND `project_info_id` = 1 ) LIMIT 1 [ RunTime:0.005011s ]
[ sql ] [ SQL ] SELECT * FROM `fa_project_section` WHERE  (  `name` LIKE '%%'  AND `project_info_id` = 1 ) ORDER BY `name` ASC LIMIT 0,10 [ RunTime:0.000872s ]
[ sql ] [ SQL ] SHOW COLUMNS FROM `fa_admin_log` [ RunTime:0.002788s ]
[ sql ] [ SQL ] INSERT INTO `fa_admin_log` (`title` , `content` , `url` , `admin_id` , `username` , `useragent` , `ip` , `createtime`) VALUES ('项目管理 标段信息 查看' , '{\"q_word\":[\"\"],\"pageNumber\":\"1\",\"pageSize\":\"10\",\"andOr\":\"AND\",\"orderBy\":[[\"name\",\"ASC\"]],\"searchTable\":\"tbl\",\"showField\":\"name\",\"keyField\":\"id\",\"searchField\":[\"name\"],\"name\":\"\",\"custom\":{\"project_info_id\":\"1\"}}' , '/admin/project/section/index' , 1 , 'admin' , 'Mozilla/5.0 (Macintosh; Intel Mac OS X 10_13_6) AppleWebKit/605.1.15 (KHTML, like Gecko) Version/12.1 Safari/605.1.15' , '127.0.0.1' , 1554389091) [ RunTime:0.084808s ]
---------------------------------------------------------------
[ 2019-04-04T22:44:51+08:00 ] 127.0.0.1 POST 127.0.0.1/admin/project/section/index
[运行时间：0.052491s] [吞吐率：19.05req/s] [内存消耗：3,874.95kb] [文件加载：84]
[ info ] [ BEHAVIOR ] Run Closure @app_init [ RunTime:0.000021s ]
[ info ] [ CACHE ] INIT File
[ info ] [ BEHAVIOR ] Run Closure @app_init [ RunTime:0.001641s ]
[ info ] [ LANG ] /Users/work/WEB/fastadmin/thinkphp/lang/zh-cn.php
[ info ] [ ROUTE ] array (
  'type' => 'module',
  'module' => 
  array (
    0 => 'admin',
    1 => 'project.section',
    2 => 'index',
  ),
)
[ info ] [ HEADER ] array (
  'host' => '127.0.0.1',
  'accept' => 'application/json, text/javascript, */*; q=0.01',
  'x-requested-with' => 'XMLHttpRequest',
  'accept-language' => 'zh-cn',
  'accept-encoding' => 'gzip, deflate',
  'content-type' => 'application/x-www-form-urlencoded; charset=UTF-8',
  'origin' => 'http://127.0.0.1',
  'user-agent' => 'Mozilla/5.0 (Macintosh; Intel Mac OS X 10_13_6) AppleWebKit/605.1.15 (KHTML, like Gecko) Version/12.1 Safari/605.1.15',
  'connection' => 'keep-alive',
  'referer' => 'http://127.0.0.1/admin/contract/info?addtabs=1',
  'content-length' => '201',
  'cookie' => 'Hm_lpvt_baca6fe3dceaf818f5f835b0ae97e4cc=1553930228; Hm_lpvt_3456bee468c83cc63fb5147f119f1075=1553788642; Hm_lpvt_bfc6c23974fbad0bbfed25f88a973fb0=1553777905; PHPSESSID=2aph93tipahci51qk2kpbe6l07; CNZZDATA1254842228=871315088-1553774523-%7C1553785334; Hm_lvt_3456bee468c83cc63fb5147f119f1075=1553777939; Hm_lvt_baca6fe3dceaf818f5f835b0ae97e4cc=1553930228',
)
[ info ] [ PARAM ] array (
  'q_word' => 
  array (
    0 => '',
  ),
  'pageNumber' => '1',
  'pageSize' => '10',
  'andOr' => 'AND',
  'orderBy' => 
  array (
    0 => 
    array (
      0 => 'name',
      1 => 'ASC',
    ),
  ),
  'searchTable' => 'tbl',
  'showField' => 'name',
  'keyField' => 'id',
  'searchField' => 
  array (
    0 => 'name',
  ),
  'name' => '',
  'custom' => 
  array (
    'project_info_id' => '1',
  ),
)
[ info ] [ LANG ] /Users/work/WEB/fastadmin/public/../application/admin/lang/zh-cn.php
[ info ] [ BEHAVIOR ] Run app\common\behavior\Common @module_init [ RunTime:0.001076s ]
[ info ] [ SESSION ] INIT array (
  'id' => '',
  'var_session_id' => '',
  'prefix' => 'think',
  'type' => '',
  'auto_start' => true,
)
[ info ] [ DB ] INIT mysql
[ info ] [ LANG ] /Users/work/WEB/fastadmin/public/../application/admin/lang/zh-cn/project/section.php
[ info ] [ RUN ] app\admin\controller\project\Section->index[ /Users/work/WEB/fastadmin/application/admin/controller/project/Section.php ]
[ info ] [ BEHAVIOR ] Run app\admin\behavior\AdminLog @app_end [ RunTime:0.009204s ]
[ info ] [ BEHAVIOR ] Run \addons\loginvideo\Loginvideo @response_send [ RunTime:0.000246s ]
[ info ] [ LOG ] INIT File
[ sql ] [ DB ] CONNECT:[ UseTime:0.001822s ] mysql:host=127.0.0.1;dbname=fastadmin;charset=utf8
[ sql ] [ SQL ] SHOW COLUMNS FROM `fa_auth_group_access` [ RunTime:0.001730s ]
[ sql ] [ SQL ] SELECT `aga`.`uid`,`aga`.`group_id`,`ag`.`id`,`ag`.`pid`,`ag`.`name`,`ag`.`rules` FROM `fa_auth_group_access` `aga` LEFT JOIN `fa_auth_group` `ag` ON `aga`.`group_id`=`ag`.`id` WHERE  (  aga.uid='1' and ag.status='normal' ) [ RunTime:0.001773s ]
[ sql ] [ SQL ] SHOW COLUMNS FROM `fa_auth_rule` [ RunTime:0.001404s ]
[ sql ] [ SQL ] SELECT `id`,`pid`,`condition`,`icon`,`name`,`title`,`ismenu` FROM `fa_auth_rule` WHERE  `status` = 'normal' [ RunTime:0.001485s ]
[ sql ] [ SQL ] SHOW COLUMNS FROM `fa_project_section` [ RunTime:0.001489s ]
[ sql ] [ SQL ] SELECT COUNT(*) AS tp_count FROM `fa_project_section` WHERE  (  `name` LIKE '%%'  AND `project_info_id` = 1 ) LIMIT 1 [ RunTime:0.003214s ]
[ sql ] [ SQL ] SELECT * FROM `fa_project_section` WHERE  (  `name` LIKE '%%'  AND `project_info_id` = 1 ) ORDER BY `name` ASC LIMIT 0,10 [ RunTime:0.000471s ]
[ sql ] [ SQL ] SHOW COLUMNS FROM `fa_admin_log` [ RunTime:0.001158s ]
[ sql ] [ SQL ] INSERT INTO `fa_admin_log` (`title` , `content` , `url` , `admin_id` , `username` , `useragent` , `ip` , `createtime`) VALUES ('项目管理 标段信息 查看' , '{\"q_word\":[\"\"],\"pageNumber\":\"1\",\"pageSize\":\"10\",\"andOr\":\"AND\",\"orderBy\":[[\"name\",\"ASC\"]],\"searchTable\":\"tbl\",\"showField\":\"name\",\"keyField\":\"id\",\"searchField\":[\"name\"],\"name\":\"\",\"custom\":{\"project_info_id\":\"1\"}}' , '/admin/project/section/index' , 1 , 'admin' , 'Mozilla/5.0 (Macintosh; Intel Mac OS X 10_13_6) AppleWebKit/605.1.15 (KHTML, like Gecko) Version/12.1 Safari/605.1.15' , '127.0.0.1' , 1554389091) [ RunTime:0.007363s ]
---------------------------------------------------------------
[ 2019-04-04T22:44:56+08:00 ] 127.0.0.1 POST 127.0.0.1/admin/company/info/index
[运行时间：0.079249s] [吞吐率：12.62req/s] [内存消耗：3,899.60kb] [文件加载：84]
[ info ] [ BEHAVIOR ] Run Closure @app_init [ RunTime:0.000019s ]
[ info ] [ CACHE ] INIT File
[ info ] [ BEHAVIOR ] Run Closure @app_init [ RunTime:0.001472s ]
[ info ] [ LANG ] /Users/work/WEB/fastadmin/thinkphp/lang/zh-cn.php
[ info ] [ ROUTE ] array (
  'type' => 'module',
  'module' => 
  array (
    0 => 'admin',
    1 => 'company.info',
    2 => 'index',
  ),
)
[ info ] [ HEADER ] array (
  'host' => '127.0.0.1',
  'accept' => 'application/json, text/javascript, */*; q=0.01',
  'x-requested-with' => 'XMLHttpRequest',
  'accept-language' => 'zh-cn',
  'accept-encoding' => 'gzip, deflate',
  'content-type' => 'application/x-www-form-urlencoded; charset=UTF-8',
  'origin' => 'http://127.0.0.1',
  'user-agent' => 'Mozilla/5.0 (Macintosh; Intel Mac OS X 10_13_6) AppleWebKit/605.1.15 (KHTML, like Gecko) Version/12.1 Safari/605.1.15',
  'connection' => 'keep-alive',
  'referer' => 'http://127.0.0.1/admin/contract/info?addtabs=1',
  'content-length' => '171',
  'cookie' => 'Hm_lpvt_baca6fe3dceaf818f5f835b0ae97e4cc=1553930228; Hm_lpvt_3456bee468c83cc63fb5147f119f1075=1553788642; Hm_lpvt_bfc6c23974fbad0bbfed25f88a973fb0=1553777905; PHPSESSID=2aph93tipahci51qk2kpbe6l07; CNZZDATA1254842228=871315088-1553774523-%7C1553785334; Hm_lvt_3456bee468c83cc63fb5147f119f1075=1553777939; Hm_lvt_baca6fe3dceaf818f5f835b0ae97e4cc=1553930228',
)
[ info ] [ PARAM ] array (
  'q_word' => 
  array (
    0 => '',
  ),
  'pageNumber' => '1',
  'pageSize' => '10',
  'andOr' => 'AND',
  'orderBy' => 
  array (
    0 => 
    array (
      0 => 'name',
      1 => 'ASC',
    ),
  ),
  'searchTable' => 'tbl',
  'showField' => 'name',
  'keyField' => 'id',
  'searchField' => 
  array (
    0 => 'name',
  ),
  'name' => '',
)
[ info ] [ LANG ] /Users/work/WEB/fastadmin/public/../application/admin/lang/zh-cn.php
[ info ] [ BEHAVIOR ] Run app\common\behavior\Common @module_init [ RunTime:0.001011s ]
[ info ] [ SESSION ] INIT array (
  'id' => '',
  'var_session_id' => '',
  'prefix' => 'think',
  'type' => '',
  'auto_start' => true,
)
[ info ] [ DB ] INIT mysql
[ info ] [ LANG ] /Users/work/WEB/fastadmin/public/../application/admin/lang/zh-cn/company/info.php
[ info ] [ RUN ] app\admin\controller\company\Info->index[ /Users/work/WEB/fastadmin/application/admin/controller/company/Info.php ]
[ info ] [ BEHAVIOR ] Run app\admin\behavior\AdminLog @app_end [ RunTime:0.017967s ]
[ info ] [ BEHAVIOR ] Run \addons\loginvideo\Loginvideo @response_send [ RunTime:0.000239s ]
[ info ] [ LOG ] INIT File
[ sql ] [ DB ] CONNECT:[ UseTime:0.000660s ] mysql:host=127.0.0.1;dbname=fastadmin;charset=utf8
[ sql ] [ SQL ] SHOW COLUMNS FROM `fa_auth_group_access` [ RunTime:0.001661s ]
[ sql ] [ SQL ] SELECT `aga`.`uid`,`aga`.`group_id`,`ag`.`id`,`ag`.`pid`,`ag`.`name`,`ag`.`rules` FROM `fa_auth_group_access` `aga` LEFT JOIN `fa_auth_group` `ag` ON `aga`.`group_id`=`ag`.`id` WHERE  (  aga.uid='1' and ag.status='normal' ) [ RunTime:0.000650s ]
[ sql ] [ SQL ] SHOW COLUMNS FROM `fa_auth_rule` [ RunTime:0.002276s ]
[ sql ] [ SQL ] SELECT `id`,`pid`,`condition`,`icon`,`name`,`title`,`ismenu` FROM `fa_auth_rule` WHERE  `status` = 'normal' [ RunTime:0.001296s ]
[ sql ] [ SQL ] SHOW COLUMNS FROM `fa_company_info` [ RunTime:0.003518s ]
[ sql ] [ SQL ] SELECT COUNT(*) AS tp_count FROM `fa_company_info` WHERE  (  `name` LIKE '%%' ) LIMIT 1 [ RunTime:0.007404s ]
[ sql ] [ SQL ] SELECT * FROM `fa_company_info` WHERE  (  `name` LIKE '%%' ) ORDER BY `name` ASC LIMIT 0,10 [ RunTime:0.000688s ]
[ sql ] [ SQL ] SHOW COLUMNS FROM `fa_admin_log` [ RunTime:0.001194s ]
[ sql ] [ SQL ] INSERT INTO `fa_admin_log` (`title` , `content` , `url` , `admin_id` , `username` , `useragent` , `ip` , `createtime`) VALUES ('供应商管理 供应商信息 查看' , '{\"q_word\":[\"\"],\"pageNumber\":\"1\",\"pageSize\":\"10\",\"andOr\":\"AND\",\"orderBy\":[[\"name\",\"ASC\"]],\"searchTable\":\"tbl\",\"showField\":\"name\",\"keyField\":\"id\",\"searchField\":[\"name\"],\"name\":\"\"}' , '/admin/company/info/index' , 1 , 'admin' , 'Mozilla/5.0 (Macintosh; Intel Mac OS X 10_13_6) AppleWebKit/605.1.15 (KHTML, like Gecko) Version/12.1 Safari/605.1.15' , '127.0.0.1' , 1554389096) [ RunTime:0.016000s ]
---------------------------------------------------------------
[ 2019-04-04T22:45:00+08:00 ] 127.0.0.1 POST 127.0.0.1/admin/company/info/index
[运行时间：0.148343s] [吞吐率：6.74req/s] [内存消耗：3,898.48kb] [文件加载：84]
[ info ] [ BEHAVIOR ] Run Closure @app_init [ RunTime:0.000022s ]
[ info ] [ CACHE ] INIT File
[ info ] [ BEHAVIOR ] Run Closure @app_init [ RunTime:0.006138s ]
[ info ] [ LANG ] /Users/work/WEB/fastadmin/thinkphp/lang/zh-cn.php
[ info ] [ ROUTE ] array (
  'type' => 'module',
  'module' => 
  array (
    0 => 'admin',
    1 => 'company.info',
    2 => 'index',
  ),
)
[ info ] [ HEADER ] array (
  'host' => '127.0.0.1',
  'accept' => 'application/json, text/javascript, */*; q=0.01',
  'x-requested-with' => 'XMLHttpRequest',
  'accept-language' => 'zh-cn',
  'accept-encoding' => 'gzip, deflate',
  'content-type' => 'application/x-www-form-urlencoded; charset=UTF-8',
  'origin' => 'http://127.0.0.1',
  'user-agent' => 'Mozilla/5.0 (Macintosh; Intel Mac OS X 10_13_6) AppleWebKit/605.1.15 (KHTML, like Gecko) Version/12.1 Safari/605.1.15',
  'connection' => 'keep-alive',
  'referer' => 'http://127.0.0.1/admin/contract/info?addtabs=1',
  'content-length' => '171',
  'cookie' => 'Hm_lpvt_baca6fe3dceaf818f5f835b0ae97e4cc=1553930228; Hm_lpvt_3456bee468c83cc63fb5147f119f1075=1553788642; Hm_lpvt_bfc6c23974fbad0bbfed25f88a973fb0=1553777905; PHPSESSID=2aph93tipahci51qk2kpbe6l07; CNZZDATA1254842228=871315088-1553774523-%7C1553785334; Hm_lvt_3456bee468c83cc63fb5147f119f1075=1553777939; Hm_lvt_baca6fe3dceaf818f5f835b0ae97e4cc=1553930228',
)
[ info ] [ PARAM ] array (
  'q_word' => 
  array (
    0 => '',
  ),
  'pageNumber' => '2',
  'pageSize' => '10',
  'andOr' => 'AND',
  'orderBy' => 
  array (
    0 => 
    array (
      0 => 'name',
      1 => 'ASC',
    ),
  ),
  'searchTable' => 'tbl',
  'showField' => 'name',
  'keyField' => 'id',
  'searchField' => 
  array (
    0 => 'name',
  ),
  'name' => '',
)
[ info ] [ LANG ] /Users/work/WEB/fastadmin/public/../application/admin/lang/zh-cn.php
[ info ] [ BEHAVIOR ] Run app\common\behavior\Common @module_init [ RunTime:0.001109s ]
[ info ] [ SESSION ] INIT array (
  'id' => '',
  'var_session_id' => '',
  'prefix' => 'think',
  'type' => '',
  'auto_start' => true,
)
[ info ] [ DB ] INIT mysql
[ info ] [ LANG ] /Users/work/WEB/fastadmin/public/../application/admin/lang/zh-cn/company/info.php
[ info ] [ RUN ] app\admin\controller\company\Info->index[ /Users/work/WEB/fastadmin/application/admin/controller/company/Info.php ]
[ info ] [ BEHAVIOR ] Run app\admin\behavior\AdminLog @app_end [ RunTime:0.091783s ]
[ info ] [ BEHAVIOR ] Run \addons\loginvideo\Loginvideo @response_send [ RunTime:0.000344s ]
[ info ] [ LOG ] INIT File
[ sql ] [ DB ] CONNECT:[ UseTime:0.000798s ] mysql:host=127.0.0.1;dbname=fastadmin;charset=utf8
[ sql ] [ SQL ] SHOW COLUMNS FROM `fa_auth_group_access` [ RunTime:0.003794s ]
[ sql ] [ SQL ] SELECT `aga`.`uid`,`aga`.`group_id`,`ag`.`id`,`ag`.`pid`,`ag`.`name`,`ag`.`rules` FROM `fa_auth_group_access` `aga` LEFT JOIN `fa_auth_group` `ag` ON `aga`.`group_id`=`ag`.`id` WHERE  (  aga.uid='1' and ag.status='normal' ) [ RunTime:0.000613s ]
[ sql ] [ SQL ] SHOW COLUMNS FROM `fa_auth_rule` [ RunTime:0.001044s ]
[ sql ] [ SQL ] SELECT `id`,`pid`,`condition`,`icon`,`name`,`title`,`ismenu` FROM `fa_auth_rule` WHERE  `status` = 'normal' [ RunTime:0.002134s ]
[ sql ] [ SQL ] SHOW COLUMNS FROM `fa_company_info` [ RunTime:0.002103s ]
[ sql ] [ SQL ] SELECT COUNT(*) AS tp_count FROM `fa_company_info` WHERE  (  `name` LIKE '%%' ) LIMIT 1 [ RunTime:0.000805s ]
[ sql ] [ SQL ] SELECT * FROM `fa_company_info` WHERE  (  `name` LIKE '%%' ) ORDER BY `name` ASC LIMIT 10,10 [ RunTime:0.007839s ]
[ sql ] [ SQL ] SHOW COLUMNS FROM `fa_admin_log` [ RunTime:0.001190s ]
[ sql ] [ SQL ] INSERT INTO `fa_admin_log` (`title` , `content` , `url` , `admin_id` , `username` , `useragent` , `ip` , `createtime`) VALUES ('供应商管理 供应商信息 查看' , '{\"q_word\":[\"\"],\"pageNumber\":\"2\",\"pageSize\":\"10\",\"andOr\":\"AND\",\"orderBy\":[[\"name\",\"ASC\"]],\"searchTable\":\"tbl\",\"showField\":\"name\",\"keyField\":\"id\",\"searchField\":[\"name\"],\"name\":\"\"}' , '/admin/company/info/index' , 1 , 'admin' , 'Mozilla/5.0 (Macintosh; Intel Mac OS X 10_13_6) AppleWebKit/605.1.15 (KHTML, like Gecko) Version/12.1 Safari/605.1.15' , '127.0.0.1' , 1554389100) [ RunTime:0.089621s ]
---------------------------------------------------------------
[ 2019-04-04T22:54:36+08:00 ] 127.0.0.1 GET 127.0.0.1/admin/company/info/index?sort=id&order=desc&offset=0&limit=10&filter=%7B%7D&op=%7B%7D&_=1554292753869
[运行时间：0.112607s] [吞吐率：8.88req/s] [内存消耗：4,065.37kb] [文件加载：89]
[ info ] [ BEHAVIOR ] Run Closure @app_init [ RunTime:0.000055s ]
[ info ] [ CACHE ] INIT File
[ info ] [ BEHAVIOR ] Run Closure @app_init [ RunTime:0.007291s ]
[ info ] [ LANG ] /Users/work/WEB/fastadmin/thinkphp/lang/zh-cn.php
[ info ] [ ROUTE ] array (
  'type' => 'module',
  'module' => 
  array (
    0 => 'admin',
    1 => 'company.info',
    2 => 'index',
  ),
)
[ info ] [ HEADER ] array (
  'host' => '127.0.0.1',
  'content-type' => 'application/json',
  'accept-encoding' => 'gzip, deflate',
  'cookie' => 'Hm_lpvt_baca6fe3dceaf818f5f835b0ae97e4cc=1553930228; Hm_lpvt_3456bee468c83cc63fb5147f119f1075=1553788642; Hm_lpvt_bfc6c23974fbad0bbfed25f88a973fb0=1553777905; PHPSESSID=2aph93tipahci51qk2kpbe6l07; CNZZDATA1254842228=871315088-1553774523-%7C1553785334; Hm_lvt_3456bee468c83cc63fb5147f119f1075=1553777939; Hm_lvt_baca6fe3dceaf818f5f835b0ae97e4cc=1553930228',
  'connection' => 'keep-alive',
  'accept' => 'application/json, text/javascript, */*; q=0.01',
  'user-agent' => 'Mozilla/5.0 (Macintosh; Intel Mac OS X 10_13_6) AppleWebKit/605.1.15 (KHTML, like Gecko) Version/12.1 Safari/605.1.15',
  'referer' => 'http://127.0.0.1/admin/company/info?addtabs=1',
  'accept-language' => 'zh-cn',
  'x-requested-with' => 'XMLHttpRequest',
)
[ info ] [ PARAM ] array (
  'sort' => 'id',
  'order' => 'desc',
  'offset' => '0',
  'limit' => '10',
  'filter' => '{}',
  'op' => '{}',
  '_' => '1554292753869',
)
[ info ] [ LANG ] /Users/work/WEB/fastadmin/public/../application/admin/lang/zh-cn.php
[ info ] [ BEHAVIOR ] Run app\common\behavior\Common @module_init [ RunTime:0.001915s ]
[ info ] [ SESSION ] INIT array (
  'id' => '',
  'var_session_id' => '',
  'prefix' => 'think',
  'type' => '',
  'auto_start' => true,
)
[ info ] [ DB ] INIT mysql
[ info ] [ LANG ] /Users/work/WEB/fastadmin/public/../application/admin/lang/zh-cn/company/info.php
[ info ] [ RUN ] app\admin\controller\company\Info->index[ /Users/work/WEB/fastadmin/application/admin/controller/company/Info.php ]
[ info ] [ BEHAVIOR ] Run app\admin\behavior\AdminLog @app_end [ RunTime:0.000201s ]
[ info ] [ BEHAVIOR ] Run \addons\loginvideo\Loginvideo @response_send [ RunTime:0.000295s ]
[ info ] [ LOG ] INIT File
[ sql ] [ DB ] CONNECT:[ UseTime:0.001584s ] mysql:host=127.0.0.1;dbname=fastadmin;charset=utf8
[ sql ] [ SQL ] SHOW COLUMNS FROM `fa_auth_group_access` [ RunTime:0.003200s ]
[ sql ] [ SQL ] SELECT `aga`.`uid`,`aga`.`group_id`,`ag`.`id`,`ag`.`pid`,`ag`.`name`,`ag`.`rules` FROM `fa_auth_group_access` `aga` LEFT JOIN `fa_auth_group` `ag` ON `aga`.`group_id`=`ag`.`id` WHERE  (  aga.uid='1' and ag.status='normal' ) [ RunTime:0.000678s ]
[ sql ] [ SQL ] SHOW COLUMNS FROM `fa_auth_rule` [ RunTime:0.001311s ]
[ sql ] [ SQL ] SELECT `id`,`pid`,`condition`,`icon`,`name`,`title`,`ismenu` FROM `fa_auth_rule` WHERE  `status` = 'normal' [ RunTime:0.001824s ]
[ sql ] [ SQL ] SHOW COLUMNS FROM `fa_company_info` [ RunTime:0.001549s ]
[ sql ] [ SQL ] SHOW COLUMNS FROM `fa_admin` [ RunTime:0.001489s ]
[ sql ] [ SQL ] SELECT COUNT(*) AS tp_count FROM `fa_company_info` `company_info` LEFT JOIN `fa_admin` `admin` ON `company_info`.`admin_id`=`admin`.`id` ORDER BY `company_info`.`id` DESC LIMIT 1 [ RunTime:0.004899s ]
[ sql ] [ SQL ] SELECT `company_info`.`id`,`company_info`.`name`,`company_info`.`code`,`company_info`.`type`,`company_info`.`status`,`company_info`.`regCapital`,`company_info`.`scope`,`company_info`.`address`,`company_info`.`contacts`,`company_info`.`phone`,`company_info`.`payname`,`company_info`.`account`,`company_info`.`bankname`,`company_info`.`uploadimages`,`company_info`.`remarkcontent`,`company_info`.`createtime`,`company_info`.`updatetime`,`company_info`.`admin_id`,admin.id AS admin__id,admin.username AS admin__username,admin.nickname AS admin__nickname,admin.password AS admin__password,admin.salt AS admin__salt,admin.avatar AS admin__avatar,admin.email AS admin__email,admin.loginfailure AS admin__loginfailure,admin.logintime AS admin__logintime,admin.createtime AS admin__createtime,admin.updatetime AS admin__updatetime,admin.token AS admin__token,admin.status AS admin__status FROM `fa_company_info` `company_info` LEFT JOIN `fa_admin` `admin` ON `company_info`.`admin_id`=`admin`.`id` ORDER BY `company_info`.`id` DESC LIMIT 0,10 [ RunTime:0.011893s ]
---------------------------------------------------------------
[ 2019-04-04T22:57:42+08:00 ] 127.0.0.1 GET 127.0.0.1/admin/addon?addtabs=1
[运行时间：0.103481s] [吞吐率：9.66req/s] [内存消耗：4,254.40kb] [文件加载：109]
[ info ] [ BEHAVIOR ] Run Closure @app_init [ RunTime:0.000054s ]
[ info ] [ CACHE ] INIT File
[ info ] [ BEHAVIOR ] Run Closure @app_init [ RunTime:0.002029s ]
[ info ] [ LANG ] /Users/work/WEB/fastadmin/thinkphp/lang/zh-cn.php
[ info ] [ ROUTE ] array (
  'type' => 'module',
  'module' => 
  array (
    0 => 'admin',
    1 => 'addon',
    2 => NULL,
  ),
)
[ info ] [ HEADER ] array (
  'host' => '127.0.0.1',
  'cookie' => 'Hm_lpvt_baca6fe3dceaf818f5f835b0ae97e4cc=1553930228; Hm_lpvt_3456bee468c83cc63fb5147f119f1075=1553788642; Hm_lpvt_bfc6c23974fbad0bbfed25f88a973fb0=1553777905; PHPSESSID=2aph93tipahci51qk2kpbe6l07; CNZZDATA1254842228=871315088-1553774523-%7C1553785334; Hm_lvt_3456bee468c83cc63fb5147f119f1075=1553777939; Hm_lvt_baca6fe3dceaf818f5f835b0ae97e4cc=1553930228',
  'connection' => 'keep-alive',
  'upgrade-insecure-requests' => '1',
  'accept' => 'text/html,application/xhtml+xml,application/xml;q=0.9,*/*;q=0.8',
  'user-agent' => 'Mozilla/5.0 (Macintosh; Intel Mac OS X 10_13_6) AppleWebKit/605.1.15 (KHTML, like Gecko) Version/12.1 Safari/605.1.15',
  'referer' => 'http://127.0.0.1/admin/addon?ref=addtabs',
  'accept-language' => 'zh-cn',
  'accept-encoding' => 'gzip, deflate',
)
[ info ] [ PARAM ] array (
  'addtabs' => '1',
)
[ info ] [ LANG ] /Users/work/WEB/fastadmin/public/../application/admin/lang/zh-cn.php
[ info ] [ BEHAVIOR ] Run app\common\behavior\Common @module_init [ RunTime:0.001759s ]
[ info ] [ SESSION ] INIT array (
  'id' => '',
  'var_session_id' => '',
  'prefix' => 'think',
  'type' => '',
  'auto_start' => true,
)
[ info ] [ DB ] INIT mysql
[ info ] [ LANG ] /Users/work/WEB/fastadmin/public/../application/admin/lang/zh-cn/addon.php
[ info ] [ RUN ] app\admin\controller\Addon->index[ /Users/work/WEB/fastadmin/application/admin/controller/Addon.php ]
[ info ] [ VIEW ] /Users/work/WEB/fastadmin/public/../application/admin/view/addon/index.html [ array (
  0 => 'breadcrumb',
  1 => 'site',
  2 => 'config',
  3 => 'auth',
  4 => 'admin',
) ]
[ info ] [ BEHAVIOR ] Run app\admin\behavior\AdminLog @app_end [ RunTime:0.000119s ]
[ info ] [ BEHAVIOR ] Run \addons\loginvideo\Loginvideo @response_send [ RunTime:0.000080s ]
[ info ] [ LOG ] INIT File
[ sql ] [ DB ] CONNECT:[ UseTime:0.000835s ] mysql:host=127.0.0.1;dbname=fastadmin;charset=utf8
[ sql ] [ SQL ] SHOW COLUMNS FROM `fa_auth_group_access` [ RunTime:0.003076s ]
[ sql ] [ SQL ] SELECT `aga`.`uid`,`aga`.`group_id`,`ag`.`id`,`ag`.`pid`,`ag`.`name`,`ag`.`rules` FROM `fa_auth_group_access` `aga` LEFT JOIN `fa_auth_group` `ag` ON `aga`.`group_id`=`ag`.`id` WHERE  (  aga.uid='1' and ag.status='normal' ) [ RunTime:0.000665s ]
[ sql ] [ SQL ] SHOW COLUMNS FROM `fa_auth_rule` [ RunTime:0.001081s ]
[ sql ] [ SQL ] SELECT `id`,`pid`,`condition`,`icon`,`name`,`title`,`ismenu` FROM `fa_auth_rule` WHERE  `status` = 'normal' [ RunTime:0.001358s ]
[ sql ] [ SQL ] SELECT `title`,`remark` FROM `fa_auth_rule` WHERE  `name` = 'addon' LIMIT 1 [ RunTime:0.001568s ]
---------------------------------------------------------------
[ 2019-04-04T22:57:42+08:00 ] 127.0.0.1 GET 127.0.0.1/admin/ajax/lang?callback=define&controllername=addon&v=1554389862
[运行时间：0.067810s] [吞吐率：14.75req/s] [内存消耗：2,888.15kb] [文件加载：75]
[ info ] [ BEHAVIOR ] Run Closure @app_init [ RunTime:0.000047s ]
[ info ] [ CACHE ] INIT File
[ info ] [ BEHAVIOR ] Run Closure @app_init [ RunTime:0.007685s ]
[ info ] [ LANG ] /Users/work/WEB/fastadmin/thinkphp/lang/zh-cn.php
[ info ] [ ROUTE ] array (
  'type' => 'module',
  'module' => 
  array (
    0 => 'admin',
    1 => 'ajax',
    2 => 'lang',
  ),
)
[ info ] [ HEADER ] array (
  'host' => '127.0.0.1',
  'accept' => '*/*',
  'connection' => 'keep-alive',
  'cookie' => 'Hm_lpvt_baca6fe3dceaf818f5f835b0ae97e4cc=1553930228; Hm_lpvt_3456bee468c83cc63fb5147f119f1075=1553788642; Hm_lpvt_bfc6c23974fbad0bbfed25f88a973fb0=1553777905; PHPSESSID=2aph93tipahci51qk2kpbe6l07; CNZZDATA1254842228=871315088-1553774523-%7C1553785334; Hm_lvt_3456bee468c83cc63fb5147f119f1075=1553777939; Hm_lvt_baca6fe3dceaf818f5f835b0ae97e4cc=1553930228',
  'user-agent' => 'Mozilla/5.0 (Macintosh; Intel Mac OS X 10_13_6) AppleWebKit/605.1.15 (KHTML, like Gecko) Version/12.1 Safari/605.1.15',
  'accept-language' => 'zh-cn',
  'referer' => 'http://127.0.0.1/admin/addon?addtabs=1',
  'accept-encoding' => 'gzip, deflate',
)
[ info ] [ PARAM ] array (
  'callback' => 'define',
  'controllername' => 'addon',
  'v' => '1554389862',
)
[ info ] [ LANG ] /Users/work/WEB/fastadmin/public/../application/admin/lang/zh-cn.php
[ info ] [ BEHAVIOR ] Run app\common\behavior\Common @module_init [ RunTime:0.002501s ]
[ info ] [ SESSION ] INIT array (
  'id' => '',
  'var_session_id' => '',
  'prefix' => 'think',
  'type' => '',
  'auto_start' => true,
)
[ info ] [ LANG ] /Users/work/WEB/fastadmin/public/../application/admin/lang/zh-cn/ajax.php
[ info ] [ RUN ] app\admin\controller\Ajax->lang[ /Users/work/WEB/fastadmin/application/admin/controller/Ajax.php ]
[ info ] [ LANG ] /Users/work/WEB/fastadmin/public/../application/admin/lang/zh-cn/addon.php
[ info ] [ BEHAVIOR ] Run app\admin\behavior\AdminLog @app_end [ RunTime:0.000138s ]
[ info ] [ BEHAVIOR ] Run \addons\loginvideo\Loginvideo @response_send [ RunTime:0.000144s ]
[ info ] [ LOG ] INIT File
