---------------------------------------------------------------
[ 2019-04-30T16:04:29+08:00 ] 127.0.0.1 GET 127.0.0.1/
[运行时间：0.452026s] [吞吐率：2.21req/s] [内存消耗：2,279.90kb] [文件加载：69]
[ info ] [ BEHAVIOR ] Run Closure @app_init [ RunTime:0.000000s ]
[ info ] [ CACHE ] INIT File
[ info ] [ BEHAVIOR ] Run Closure @app_init [ RunTime:0.082004s ]
[ info ] [ LANG ] C:\xampp\htdocs\fastadmin\thinkphp\lang\zh-cn.php
[ info ] [ ROUTE ] array (
  'type' => 'module',
  'module' => 
  array (
    0 => '',
    1 => NULL,
    2 => NULL,
  ),
)
[ info ] [ HEADER ] array (
  'host' => '127.0.0.1',
  'connection' => 'keep-alive',
  'upgrade-insecure-requests' => '1',
  'user-agent' => 'Mozilla/5.0 (Windows NT 6.1; WOW64) AppleWebKit/537.36 (KHTML, like Gecko) Chrome/70.0.3538.25 Safari/537.36 Core/1.70.3676.400 QQBrowser/10.4.3469.400',
  'accept' => 'text/html,application/xhtml+xml,application/xml;q=0.9,image/webp,image/apng,*/*;q=0.8',
  'accept-encoding' => 'gzip, deflate, br',
  'accept-language' => 'zh-CN,zh;q=0.9',
  'cookie' => 'PHPSESSID=4lcf8udd7f4iddp19mimvmsjdj',
)
[ info ] [ PARAM ] array (
)
[ info ] [ LANG ] C:\xampp\htdocs\fastadmin\public/../application/index\lang\zh-cn.php
[ info ] [ BEHAVIOR ] Run app\common\behavior\Common @module_init [ RunTime:0.006001s ]
[ info ] [ LANG ] C:\xampp\htdocs\fastadmin\public/../application/index/lang/zh-cn/index.php
[ info ] [ RUN ] app\index\controller\Index->index[ C:\xampp\htdocs\fastadmin\application\index\controller\Index.php ]
[ info ] [ BEHAVIOR ] Run \addons\loginvideo\Loginvideo @response_send [ RunTime:0.002001s ]
[ info ] [ LOG ] INIT File
---------------------------------------------------------------
[ 2019-04-30T16:04:29+08:00 ] 127.0.0.1 GET 127.0.0.1/admin/index
[运行时间：0.495029s] [吞吐率：2.02req/s] [内存消耗：3,765.10kb] [文件加载：94]
[ info ] [ BEHAVIOR ] Run Closure @app_init [ RunTime:0.000000s ]
[ info ] [ CACHE ] INIT File
[ info ] [ BEHAVIOR ] Run Closure @app_init [ RunTime:0.006001s ]
[ info ] [ LANG ] C:\xampp\htdocs\fastadmin\thinkphp\lang\zh-cn.php
[ info ] [ ROUTE ] array (
  'type' => 'module',
  'module' => 
  array (
    0 => 'admin',
    1 => 'index',
    2 => NULL,
  ),
)
[ info ] [ HEADER ] array (
  'host' => '127.0.0.1',
  'connection' => 'keep-alive',
  'upgrade-insecure-requests' => '1',
  'user-agent' => 'Mozilla/5.0 (Windows NT 6.1; WOW64) AppleWebKit/537.36 (KHTML, like Gecko) Chrome/70.0.3538.25 Safari/537.36 Core/1.70.3676.400 QQBrowser/10.4.3469.400',
  'accept' => 'text/html,application/xhtml+xml,application/xml;q=0.9,image/webp,image/apng,*/*;q=0.8',
  'accept-encoding' => 'gzip, deflate, br',
  'accept-language' => 'zh-CN,zh;q=0.9',
  'cookie' => 'PHPSESSID=4lcf8udd7f4iddp19mimvmsjdj',
)
[ info ] [ PARAM ] array (
)
[ info ] [ LANG ] C:\xampp\htdocs\fastadmin\public/../application/admin\lang\zh-cn.php
[ info ] [ BEHAVIOR ] Run app\common\behavior\Common @module_init [ RunTime:0.003000s ]
[ info ] [ SESSION ] INIT array (
  'id' => '',
  'var_session_id' => '',
  'prefix' => 'think',
  'type' => '',
  'auto_start' => true,
)
[ info ] [ LANG ] C:\xampp\htdocs\fastadmin\public/../application/admin/lang/zh-cn/index.php
[ info ] [ RUN ] app\admin\controller\Index->index[ C:\xampp\htdocs\fastadmin\application\admin\controller\Index.php ]
[ info ] [ DB ] INIT mysql
[ info ] [ VIEW ] C:\xampp\htdocs\fastadmin\public/../application/admin\view\index\index.html [ array (
  0 => 'breadcrumb',
  1 => 'site',
  2 => 'config',
  3 => 'auth',
  4 => 'admin',
  5 => 'menulist',
  6 => 'navlist',
  7 => 'fixedmenu',
  8 => 'referermenu',
  9 => 'title',
) ]
[ info ] [ BEHAVIOR ] Run app\admin\behavior\AdminLog @app_end [ RunTime:0.001000s ]
[ info ] [ BEHAVIOR ] Run \addons\loginvideo\Loginvideo @response_send [ RunTime:0.000000s ]
[ info ] [ LOG ] INIT File
[ sql ] [ DB ] CONNECT:[ UseTime:0.018001s ] mysql:host=127.0.0.1;dbname=fastadmin;charset=utf8
[ sql ] [ SQL ] SHOW COLUMNS FROM `fa_auth_group_access` [ RunTime:0.011001s ]
[ sql ] [ SQL ] SELECT `aga`.`uid`,`aga`.`group_id`,`ag`.`id`,`ag`.`pid`,`ag`.`name`,`ag`.`rules` FROM `fa_auth_group_access` `aga` LEFT JOIN `fa_auth_group` `ag` ON `aga`.`group_id`=`ag`.`id` WHERE  (  aga.uid='1' and ag.status='normal' ) [ RunTime:0.001000s ]
[ sql ] [ SQL ] SHOW COLUMNS FROM `fa_auth_rule` [ RunTime:0.011000s ]
[ sql ] [ SQL ] SELECT `id`,`pid`,`condition`,`icon`,`name`,`title`,`ismenu` FROM `fa_auth_rule` WHERE  `status` = 'normal' [ RunTime:0.003001s ]
---------------------------------------------------------------
[ 2019-04-30T16:04:30+08:00 ] 127.0.0.1 GET 127.0.0.1/admin/dashboard?addtabs=1
[运行时间：0.240014s] [吞吐率：4.17req/s] [内存消耗：3,550.90kb] [文件加载：84]
[ info ] [ BEHAVIOR ] Run Closure @app_init [ RunTime:0.000000s ]
[ info ] [ CACHE ] INIT File
[ info ] [ BEHAVIOR ] Run Closure @app_init [ RunTime:0.015001s ]
[ info ] [ LANG ] C:\xampp\htdocs\fastadmin\thinkphp\lang\zh-cn.php
[ info ] [ ROUTE ] array (
  'type' => 'module',
  'module' => 
  array (
    0 => 'admin',
    1 => 'dashboard',
    2 => NULL,
  ),
)
[ info ] [ HEADER ] array (
  'host' => '127.0.0.1',
  'connection' => 'keep-alive',
  'upgrade-insecure-requests' => '1',
  'user-agent' => 'Mozilla/5.0 (Windows NT 6.1; WOW64) AppleWebKit/537.36 (KHTML, like Gecko) Chrome/70.0.3538.25 Safari/537.36 Core/1.70.3676.400 QQBrowser/10.4.3469.400',
  'accept' => 'text/html,application/xhtml+xml,application/xml;q=0.9,image/webp,image/apng,*/*;q=0.8',
  'referer' => 'http://127.0.0.1/admin/index',
  'accept-encoding' => 'gzip, deflate, br',
  'accept-language' => 'zh-CN,zh;q=0.9',
  'cookie' => 'PHPSESSID=4lcf8udd7f4iddp19mimvmsjdj',
)
[ info ] [ PARAM ] array (
  'addtabs' => '1',
)
[ info ] [ LANG ] C:\xampp\htdocs\fastadmin\public/../application/admin\lang\zh-cn.php
[ info ] [ BEHAVIOR ] Run app\common\behavior\Common @module_init [ RunTime:0.005001s ]
[ info ] [ SESSION ] INIT array (
  'id' => '',
  'var_session_id' => '',
  'prefix' => 'think',
  'type' => '',
  'auto_start' => true,
)
[ info ] [ DB ] INIT mysql
[ info ] [ LANG ] C:\xampp\htdocs\fastadmin\public/../application/admin/lang/zh-cn/dashboard.php
[ info ] [ RUN ] app\admin\controller\Dashboard->index[ C:\xampp\htdocs\fastadmin\application\admin\controller\Dashboard.php ]
[ info ] [ VIEW ] C:\xampp\htdocs\fastadmin\public/../application/admin\view\dashboard\index.html [ array (
  0 => 'breadcrumb',
  1 => 'site',
  2 => 'config',
  3 => 'auth',
  4 => 'admin',
  5 => 'totaluser',
  6 => 'totalviews',
  7 => 'totalorder',
  8 => 'totalorderamount',
  9 => 'todayuserlogin',
  10 => 'todayusersignup',
  11 => 'todayorder',
  12 => 'unsettleorder',
  13 => 'sevendnu',
  14 => 'sevendau',
  15 => 'paylist',
  16 => 'createlist',
  17 => 'addonversion',
  18 => 'uploadmode',
) ]
[ info ] [ BEHAVIOR ] Run app\admin\behavior\AdminLog @app_end [ RunTime:0.001000s ]
[ info ] [ BEHAVIOR ] Run \addons\loginvideo\Loginvideo @response_send [ RunTime:0.001000s ]
[ info ] [ LOG ] INIT File
[ sql ] [ DB ] CONNECT:[ UseTime:0.017001s ] mysql:host=127.0.0.1;dbname=fastadmin;charset=utf8
[ sql ] [ SQL ] SHOW COLUMNS FROM `fa_auth_group_access` [ RunTime:0.016001s ]
[ sql ] [ SQL ] SELECT `aga`.`uid`,`aga`.`group_id`,`ag`.`id`,`ag`.`pid`,`ag`.`name`,`ag`.`rules` FROM `fa_auth_group_access` `aga` LEFT JOIN `fa_auth_group` `ag` ON `aga`.`group_id`=`ag`.`id` WHERE  (  aga.uid='1' and ag.status='normal' ) [ RunTime:0.002000s ]
[ sql ] [ SQL ] SHOW COLUMNS FROM `fa_auth_rule` [ RunTime:0.019001s ]
[ sql ] [ SQL ] SELECT `id`,`pid`,`condition`,`icon`,`name`,`title`,`ismenu` FROM `fa_auth_rule` WHERE  `status` = 'normal' [ RunTime:0.003000s ]
[ sql ] [ SQL ] SELECT `title`,`remark` FROM `fa_auth_rule` WHERE  `name` = 'dashboard' LIMIT 1 [ RunTime:0.001000s ]
---------------------------------------------------------------
[ 2019-04-30T16:04:31+08:00 ] 127.0.0.1 GET 127.0.0.1/admin/ajax/lang?callback=define&controllername=dashboard&v=1556611470
[运行时间：0.096005s] [吞吐率：10.42req/s] [内存消耗：2,513.75kb] [文件加载：75]
[ info ] [ BEHAVIOR ] Run Closure @app_init [ RunTime:0.000000s ]
[ info ] [ CACHE ] INIT File
[ info ] [ BEHAVIOR ] Run Closure @app_init [ RunTime:0.006000s ]
[ info ] [ LANG ] C:\xampp\htdocs\fastadmin\thinkphp\lang\zh-cn.php
[ info ] [ ROUTE ] array (
  'type' => 'module',
  'module' => 
  array (
    0 => 'admin',
    1 => 'ajax',
    2 => 'lang',
  ),
)
[ info ] [ HEADER ] array (
  'host' => '127.0.0.1',
  'connection' => 'keep-alive',
  'user-agent' => 'Mozilla/5.0 (Windows NT 6.1; WOW64) AppleWebKit/537.36 (KHTML, like Gecko) Chrome/70.0.3538.25 Safari/537.36 Core/1.70.3676.400 QQBrowser/10.4.3469.400',
  'accept' => '*/*',
  'referer' => 'http://127.0.0.1/admin/dashboard?addtabs=1',
  'accept-encoding' => 'gzip, deflate, br',
  'accept-language' => 'zh-CN,zh;q=0.9',
  'cookie' => 'PHPSESSID=4lcf8udd7f4iddp19mimvmsjdj',
)
[ info ] [ PARAM ] array (
  'callback' => 'define',
  'controllername' => 'dashboard',
  'v' => '1556611470',
)
[ info ] [ LANG ] C:\xampp\htdocs\fastadmin\public/../application/admin\lang\zh-cn.php
[ info ] [ BEHAVIOR ] Run app\common\behavior\Common @module_init [ RunTime:0.004000s ]
[ info ] [ SESSION ] INIT array (
  'id' => '',
  'var_session_id' => '',
  'prefix' => 'think',
  'type' => '',
  'auto_start' => true,
)
[ info ] [ LANG ] C:\xampp\htdocs\fastadmin\public/../application/admin/lang/zh-cn/ajax.php
[ info ] [ RUN ] app\admin\controller\Ajax->lang[ C:\xampp\htdocs\fastadmin\application\admin\controller\Ajax.php ]
[ info ] [ LANG ] C:\xampp\htdocs\fastadmin\public/../application/admin/lang/zh-cn/dashboard.php
[ info ] [ BEHAVIOR ] Run app\admin\behavior\AdminLog @app_end [ RunTime:0.002000s ]
[ info ] [ BEHAVIOR ] Run \addons\loginvideo\Loginvideo @response_send [ RunTime:0.000000s ]
[ info ] [ LOG ] INIT File
---------------------------------------------------------------
[ 2019-04-30T16:04:31+08:00 ] 127.0.0.1 GET 127.0.0.1/admin/ajax/lang?callback=define&controllername=index&v=1556611469
[运行时间：0.216012s] [吞吐率：4.63req/s] [内存消耗：2,514.71kb] [文件加载：75]
[ info ] [ BEHAVIOR ] Run Closure @app_init [ RunTime:0.001000s ]
[ info ] [ CACHE ] INIT File
[ info ] [ BEHAVIOR ] Run Closure @app_init [ RunTime:0.054003s ]
[ info ] [ LANG ] C:\xampp\htdocs\fastadmin\thinkphp\lang\zh-cn.php
[ info ] [ ROUTE ] array (
  'type' => 'module',
  'module' => 
  array (
    0 => 'admin',
    1 => 'ajax',
    2 => 'lang',
  ),
)
[ info ] [ HEADER ] array (
  'host' => '127.0.0.1',
  'connection' => 'keep-alive',
  'user-agent' => 'Mozilla/5.0 (Windows NT 6.1; WOW64) AppleWebKit/537.36 (KHTML, like Gecko) Chrome/70.0.3538.25 Safari/537.36 Core/1.70.3676.400 QQBrowser/10.4.3469.400',
  'accept' => '*/*',
  'referer' => 'http://127.0.0.1/admin/index',
  'accept-encoding' => 'gzip, deflate, br',
  'accept-language' => 'zh-CN,zh;q=0.9',
  'cookie' => 'PHPSESSID=4lcf8udd7f4iddp19mimvmsjdj',
)
[ info ] [ PARAM ] array (
  'callback' => 'define',
  'controllername' => 'index',
  'v' => '1556611469',
)
[ info ] [ LANG ] C:\xampp\htdocs\fastadmin\public/../application/admin\lang\zh-cn.php
[ info ] [ BEHAVIOR ] Run app\common\behavior\Common @module_init [ RunTime:0.005000s ]
[ info ] [ SESSION ] INIT array (
  'id' => '',
  'var_session_id' => '',
  'prefix' => 'think',
  'type' => '',
  'auto_start' => true,
)
[ info ] [ LANG ] C:\xampp\htdocs\fastadmin\public/../application/admin/lang/zh-cn/ajax.php
[ info ] [ RUN ] app\admin\controller\Ajax->lang[ C:\xampp\htdocs\fastadmin\application\admin\controller\Ajax.php ]
[ info ] [ LANG ] C:\xampp\htdocs\fastadmin\public/../application/admin/lang/zh-cn/index.php
[ info ] [ BEHAVIOR ] Run app\admin\behavior\AdminLog @app_end [ RunTime:0.001000s ]
[ info ] [ BEHAVIOR ] Run \addons\loginvideo\Loginvideo @response_send [ RunTime:0.001000s ]
[ info ] [ LOG ] INIT File
---------------------------------------------------------------
[ 2019-04-30T16:41:15+08:00 ] 127.0.0.1 GET 127.0.0.1/admin/command?addtabs=1
[运行时间：0.214013s] [吞吐率：4.67req/s] [内存消耗：3,506.33kb] [文件加载：83]
[ info ] [ BEHAVIOR ] Run Closure @app_init [ RunTime:0.000000s ]
[ info ] [ CACHE ] INIT File
[ info ] [ BEHAVIOR ] Run Closure @app_init [ RunTime:0.008001s ]
[ info ] [ LANG ] C:\xampp\htdocs\fastadmin\thinkphp\lang\zh-cn.php
[ info ] [ ROUTE ] array (
  'type' => 'module',
  'module' => 
  array (
    0 => 'admin',
    1 => 'command',
    2 => NULL,
  ),
)
[ info ] [ HEADER ] array (
  'host' => '127.0.0.1',
  'connection' => 'keep-alive',
  'upgrade-insecure-requests' => '1',
  'user-agent' => 'Mozilla/5.0 (Windows NT 6.1; WOW64) AppleWebKit/537.36 (KHTML, like Gecko) Chrome/70.0.3538.25 Safari/537.36 Core/1.70.3676.400 QQBrowser/10.4.3469.400',
  'accept' => 'text/html,application/xhtml+xml,application/xml;q=0.9,image/webp,image/apng,*/*;q=0.8',
  'referer' => 'http://127.0.0.1/admin/command?ref=addtabs',
  'accept-encoding' => 'gzip, deflate, br',
  'accept-language' => 'zh-CN,zh;q=0.9',
  'cookie' => 'PHPSESSID=4lcf8udd7f4iddp19mimvmsjdj',
)
[ info ] [ PARAM ] array (
  'addtabs' => '1',
)
[ info ] [ LANG ] C:\xampp\htdocs\fastadmin\public/../application/admin\lang\zh-cn.php
[ info ] [ BEHAVIOR ] Run app\common\behavior\Common @module_init [ RunTime:0.004000s ]
[ info ] [ SESSION ] INIT array (
  'id' => '',
  'var_session_id' => '',
  'prefix' => 'think',
  'type' => '',
  'auto_start' => true,
)
[ info ] [ DB ] INIT mysql
[ info ] [ LANG ] C:\xampp\htdocs\fastadmin\public/../application/admin/lang/zh-cn/command.php
[ info ] [ RUN ] app\common\controller\Backend->index[ C:\xampp\htdocs\fastadmin\application\admin\library\traits\Backend.php ]
[ info ] [ VIEW ] C:\xampp\htdocs\fastadmin\public/../application/admin\view\command\index.html [ array (
  0 => 'breadcrumb',
  1 => 'site',
  2 => 'config',
  3 => 'auth',
  4 => 'admin',
  5 => 'statusList',
) ]
[ info ] [ BEHAVIOR ] Run app\admin\behavior\AdminLog @app_end [ RunTime:0.001000s ]
[ info ] [ BEHAVIOR ] Run \addons\loginvideo\Loginvideo @response_send [ RunTime:0.000000s ]
[ info ] [ LOG ] INIT File
[ sql ] [ DB ] CONNECT:[ UseTime:0.006001s ] mysql:host=127.0.0.1;dbname=fastadmin;charset=utf8
[ sql ] [ SQL ] SHOW COLUMNS FROM `fa_auth_group_access` [ RunTime:0.013001s ]
[ sql ] [ SQL ] SELECT `aga`.`uid`,`aga`.`group_id`,`ag`.`id`,`ag`.`pid`,`ag`.`name`,`ag`.`rules` FROM `fa_auth_group_access` `aga` LEFT JOIN `fa_auth_group` `ag` ON `aga`.`group_id`=`ag`.`id` WHERE  (  aga.uid='1' and ag.status='normal' ) [ RunTime:0.002000s ]
[ sql ] [ SQL ] SHOW COLUMNS FROM `fa_auth_rule` [ RunTime:0.018001s ]
[ sql ] [ SQL ] SELECT `id`,`pid`,`condition`,`icon`,`name`,`title`,`ismenu` FROM `fa_auth_rule` WHERE  `status` = 'normal' [ RunTime:0.004000s ]
[ sql ] [ SQL ] SELECT `title`,`remark` FROM `fa_auth_rule` WHERE  `name` = 'command' LIMIT 1 [ RunTime:0.001000s ]
---------------------------------------------------------------
[ 2019-04-30T16:41:15+08:00 ] 127.0.0.1 GET 127.0.0.1/admin/ajax/lang?callback=define&controllername=command&v=1556613674
[运行时间：0.099006s] [吞吐率：10.10req/s] [内存消耗：2,511.27kb] [文件加载：75]
[ info ] [ BEHAVIOR ] Run Closure @app_init [ RunTime:0.000000s ]
[ info ] [ CACHE ] INIT File
[ info ] [ BEHAVIOR ] Run Closure @app_init [ RunTime:0.009001s ]
[ info ] [ LANG ] C:\xampp\htdocs\fastadmin\thinkphp\lang\zh-cn.php
[ info ] [ ROUTE ] array (
  'type' => 'module',
  'module' => 
  array (
    0 => 'admin',
    1 => 'ajax',
    2 => 'lang',
  ),
)
[ info ] [ HEADER ] array (
  'host' => '127.0.0.1',
  'connection' => 'keep-alive',
  'user-agent' => 'Mozilla/5.0 (Windows NT 6.1; WOW64) AppleWebKit/537.36 (KHTML, like Gecko) Chrome/70.0.3538.25 Safari/537.36 Core/1.70.3676.400 QQBrowser/10.4.3469.400',
  'accept' => '*/*',
  'referer' => 'http://127.0.0.1/admin/command?addtabs=1',
  'accept-encoding' => 'gzip, deflate, br',
  'accept-language' => 'zh-CN,zh;q=0.9',
  'cookie' => 'PHPSESSID=4lcf8udd7f4iddp19mimvmsjdj',
)
[ info ] [ PARAM ] array (
  'callback' => 'define',
  'controllername' => 'command',
  'v' => '1556613674',
)
[ info ] [ LANG ] C:\xampp\htdocs\fastadmin\public/../application/admin\lang\zh-cn.php
[ info ] [ BEHAVIOR ] Run app\common\behavior\Common @module_init [ RunTime:0.004000s ]
[ info ] [ SESSION ] INIT array (
  'id' => '',
  'var_session_id' => '',
  'prefix' => 'think',
  'type' => '',
  'auto_start' => true,
)
[ info ] [ LANG ] C:\xampp\htdocs\fastadmin\public/../application/admin/lang/zh-cn/ajax.php
[ info ] [ RUN ] app\admin\controller\Ajax->lang[ C:\xampp\htdocs\fastadmin\application\admin\controller\Ajax.php ]
[ info ] [ LANG ] C:\xampp\htdocs\fastadmin\public/../application/admin/lang/zh-cn/command.php
[ info ] [ BEHAVIOR ] Run app\admin\behavior\AdminLog @app_end [ RunTime:0.000000s ]
[ info ] [ BEHAVIOR ] Run \addons\loginvideo\Loginvideo @response_send [ RunTime:0.001000s ]
[ info ] [ LOG ] INIT File
---------------------------------------------------------------
[ 2019-04-30T16:41:16+08:00 ] 127.0.0.1 GET 127.0.0.1/admin/command/index?sort=id&order=desc&offset=0&limit=10&filter=%7B%7D&op=%7B%7D&_=1556613675547
[运行时间：0.450026s] [吞吐率：2.22req/s] [内存消耗：3,553.40kb] [文件加载：85]
[ info ] [ BEHAVIOR ] Run Closure @app_init [ RunTime:0.000000s ]
[ info ] [ CACHE ] INIT File
[ info ] [ BEHAVIOR ] Run Closure @app_init [ RunTime:0.027002s ]
[ info ] [ LANG ] C:\xampp\htdocs\fastadmin\thinkphp\lang\zh-cn.php
[ info ] [ ROUTE ] array (
  'type' => 'module',
  'module' => 
  array (
    0 => 'admin',
    1 => 'command',
    2 => 'index',
  ),
)
[ info ] [ HEADER ] array (
  'host' => '127.0.0.1',
  'connection' => 'keep-alive',
  'accept' => 'application/json, text/javascript, */*; q=0.01',
  'x-requested-with' => 'XMLHttpRequest',
  'user-agent' => 'Mozilla/5.0 (Windows NT 6.1; WOW64) AppleWebKit/537.36 (KHTML, like Gecko) Chrome/70.0.3538.25 Safari/537.36 Core/1.70.3676.400 QQBrowser/10.4.3469.400',
  'content-type' => 'application/json',
  'referer' => 'http://127.0.0.1/admin/command?addtabs=1',
  'accept-encoding' => 'gzip, deflate, br',
  'accept-language' => 'zh-CN,zh;q=0.9',
  'cookie' => 'PHPSESSID=4lcf8udd7f4iddp19mimvmsjdj',
)
[ info ] [ PARAM ] array (
  'sort' => 'id',
  'order' => 'desc',
  'offset' => '0',
  'limit' => '10',
  'filter' => '{}',
  'op' => '{}',
  '_' => '1556613675547',
)
[ info ] [ LANG ] C:\xampp\htdocs\fastadmin\public/../application/admin\lang\zh-cn.php
[ info ] [ BEHAVIOR ] Run app\common\behavior\Common @module_init [ RunTime:0.006000s ]
[ info ] [ SESSION ] INIT array (
  'id' => '',
  'var_session_id' => '',
  'prefix' => 'think',
  'type' => '',
  'auto_start' => true,
)
[ info ] [ DB ] INIT mysql
[ info ] [ LANG ] C:\xampp\htdocs\fastadmin\public/../application/admin/lang/zh-cn/command.php
[ info ] [ RUN ] app\common\controller\Backend->index[ C:\xampp\htdocs\fastadmin\application\admin\library\traits\Backend.php ]
[ info ] [ BEHAVIOR ] Run app\admin\behavior\AdminLog @app_end [ RunTime:0.000000s ]
[ info ] [ BEHAVIOR ] Run \addons\loginvideo\Loginvideo @response_send [ RunTime:0.001000s ]
[ info ] [ LOG ] INIT File
[ sql ] [ DB ] CONNECT:[ UseTime:0.003000s ] mysql:host=127.0.0.1;dbname=fastadmin;charset=utf8
[ sql ] [ SQL ] SHOW COLUMNS FROM `fa_auth_group_access` [ RunTime:0.013001s ]
[ sql ] [ SQL ] SELECT `aga`.`uid`,`aga`.`group_id`,`ag`.`id`,`ag`.`pid`,`ag`.`name`,`ag`.`rules` FROM `fa_auth_group_access` `aga` LEFT JOIN `fa_auth_group` `ag` ON `aga`.`group_id`=`ag`.`id` WHERE  (  aga.uid='1' and ag.status='normal' ) [ RunTime:0.002000s ]
[ sql ] [ SQL ] SHOW COLUMNS FROM `fa_auth_rule` [ RunTime:0.011000s ]
[ sql ] [ SQL ] SELECT `id`,`pid`,`condition`,`icon`,`name`,`title`,`ismenu` FROM `fa_auth_rule` WHERE  `status` = 'normal' [ RunTime:0.005001s ]
[ sql ] [ SQL ] SHOW COLUMNS FROM `fa_command` [ RunTime:0.226013s ]
[ sql ] [ SQL ] SELECT COUNT(*) AS tp_count FROM `fa_command` ORDER BY `id` DESC LIMIT 1 [ RunTime:0.002000s ]
[ sql ] [ SQL ] SELECT * FROM `fa_command` ORDER BY `id` DESC LIMIT 0,10 [ RunTime:0.000000s ]
---------------------------------------------------------------
[ 2019-04-30T16:41:22+08:00 ] 127.0.0.1 GET 127.0.0.1/admin/test?addtabs=1
[运行时间：0.317018s] [吞吐率：3.15req/s] [内存消耗：3,633.35kb] [文件加载：85]
[ info ] [ BEHAVIOR ] Run Closure @app_init [ RunTime:0.000000s ]
[ info ] [ CACHE ] INIT File
[ info ] [ BEHAVIOR ] Run Closure @app_init [ RunTime:0.009001s ]
[ info ] [ LANG ] C:\xampp\htdocs\fastadmin\thinkphp\lang\zh-cn.php
[ info ] [ ROUTE ] array (
  'type' => 'module',
  'module' => 
  array (
    0 => 'admin',
    1 => 'test',
    2 => NULL,
  ),
)
[ info ] [ HEADER ] array (
  'host' => '127.0.0.1',
  'connection' => 'keep-alive',
  'upgrade-insecure-requests' => '1',
  'user-agent' => 'Mozilla/5.0 (Windows NT 6.1; WOW64) AppleWebKit/537.36 (KHTML, like Gecko) Chrome/70.0.3538.25 Safari/537.36 Core/1.70.3676.400 QQBrowser/10.4.3469.400',
  'accept' => 'text/html,application/xhtml+xml,application/xml;q=0.9,image/webp,image/apng,*/*;q=0.8',
  'referer' => 'http://127.0.0.1/admin/test?ref=addtabs',
  'accept-encoding' => 'gzip, deflate, br',
  'accept-language' => 'zh-CN,zh;q=0.9',
  'cookie' => 'PHPSESSID=4lcf8udd7f4iddp19mimvmsjdj',
)
[ info ] [ PARAM ] array (
  'addtabs' => '1',
)
[ info ] [ LANG ] C:\xampp\htdocs\fastadmin\public/../application/admin\lang\zh-cn.php
[ info ] [ BEHAVIOR ] Run app\common\behavior\Common @module_init [ RunTime:0.003000s ]
[ info ] [ SESSION ] INIT array (
  'id' => '',
  'var_session_id' => '',
  'prefix' => 'think',
  'type' => '',
  'auto_start' => true,
)
[ info ] [ DB ] INIT mysql
[ info ] [ LANG ] C:\xampp\htdocs\fastadmin\public/../application/admin/lang/zh-cn/test.php
[ info ] [ RUN ] app\admin\controller\Test->index[ C:\xampp\htdocs\fastadmin\application\admin\controller\Test.php ]
[ info ] [ VIEW ] C:\xampp\htdocs\fastadmin\public/../application/admin\view\test\index.html [ array (
  0 => 'breadcrumb',
  1 => 'site',
  2 => 'config',
  3 => 'auth',
  4 => 'admin',
  5 => 'weekList',
  6 => 'flagList',
  7 => 'genderdataList',
  8 => 'hobbydataList',
  9 => 'statusList',
  10 => 'stateList',
) ]
[ info ] [ BEHAVIOR ] Run app\admin\behavior\AdminLog @app_end [ RunTime:0.000000s ]
[ info ] [ BEHAVIOR ] Run \addons\loginvideo\Loginvideo @response_send [ RunTime:0.000000s ]
[ info ] [ LOG ] INIT File
[ sql ] [ DB ] CONNECT:[ UseTime:0.004000s ] mysql:host=127.0.0.1;dbname=fastadmin;charset=utf8
[ sql ] [ SQL ] SHOW COLUMNS FROM `fa_auth_group_access` [ RunTime:0.012001s ]
[ sql ] [ SQL ] SELECT `aga`.`uid`,`aga`.`group_id`,`ag`.`id`,`ag`.`pid`,`ag`.`name`,`ag`.`rules` FROM `fa_auth_group_access` `aga` LEFT JOIN `fa_auth_group` `ag` ON `aga`.`group_id`=`ag`.`id` WHERE  (  aga.uid='1' and ag.status='normal' ) [ RunTime:0.001000s ]
[ sql ] [ SQL ] SHOW COLUMNS FROM `fa_auth_rule` [ RunTime:0.011001s ]
[ sql ] [ SQL ] SELECT `id`,`pid`,`condition`,`icon`,`name`,`title`,`ismenu` FROM `fa_auth_rule` WHERE  `status` = 'normal' [ RunTime:0.005000s ]
[ sql ] [ SQL ] SELECT `title`,`remark` FROM `fa_auth_rule` WHERE  `name` = 'test' LIMIT 1 [ RunTime:0.001000s ]
---------------------------------------------------------------
[ 2019-04-30T16:41:22+08:00 ] 127.0.0.1 GET 127.0.0.1/admin/ajax/lang?callback=define&controllername=test&v=1556613681
[运行时间：0.106006s] [吞吐率：9.43req/s] [内存消耗：2,512.94kb] [文件加载：75]
[ info ] [ BEHAVIOR ] Run Closure @app_init [ RunTime:0.000000s ]
[ info ] [ CACHE ] INIT File
[ info ] [ BEHAVIOR ] Run Closure @app_init [ RunTime:0.013001s ]
[ info ] [ LANG ] C:\xampp\htdocs\fastadmin\thinkphp\lang\zh-cn.php
[ info ] [ ROUTE ] array (
  'type' => 'module',
  'module' => 
  array (
    0 => 'admin',
    1 => 'ajax',
    2 => 'lang',
  ),
)
[ info ] [ HEADER ] array (
  'host' => '127.0.0.1',
  'connection' => 'keep-alive',
  'user-agent' => 'Mozilla/5.0 (Windows NT 6.1; WOW64) AppleWebKit/537.36 (KHTML, like Gecko) Chrome/70.0.3538.25 Safari/537.36 Core/1.70.3676.400 QQBrowser/10.4.3469.400',
  'accept' => '*/*',
  'referer' => 'http://127.0.0.1/admin/test?addtabs=1',
  'accept-encoding' => 'gzip, deflate, br',
  'accept-language' => 'zh-CN,zh;q=0.9',
  'cookie' => 'PHPSESSID=4lcf8udd7f4iddp19mimvmsjdj',
)
[ info ] [ PARAM ] array (
  'callback' => 'define',
  'controllername' => 'test',
  'v' => '1556613681',
)
[ info ] [ LANG ] C:\xampp\htdocs\fastadmin\public/../application/admin\lang\zh-cn.php
[ info ] [ BEHAVIOR ] Run app\common\behavior\Common @module_init [ RunTime:0.006000s ]
[ info ] [ SESSION ] INIT array (
  'id' => '',
  'var_session_id' => '',
  'prefix' => 'think',
  'type' => '',
  'auto_start' => true,
)
[ info ] [ LANG ] C:\xampp\htdocs\fastadmin\public/../application/admin/lang/zh-cn/ajax.php
[ info ] [ RUN ] app\admin\controller\Ajax->lang[ C:\xampp\htdocs\fastadmin\application\admin\controller\Ajax.php ]
[ info ] [ LANG ] C:\xampp\htdocs\fastadmin\public/../application/admin/lang/zh-cn/test.php
[ info ] [ BEHAVIOR ] Run app\admin\behavior\AdminLog @app_end [ RunTime:0.001000s ]
[ info ] [ BEHAVIOR ] Run \addons\loginvideo\Loginvideo @response_send [ RunTime:0.000000s ]
[ info ] [ LOG ] INIT File
---------------------------------------------------------------
[ 2019-04-30T16:41:23+08:00 ] 127.0.0.1 GET 127.0.0.1/admin/test/index?sort=weigh&order=desc&offset=0&limit=10&filter=%7B%7D&op=%7B%7D&_=1556613682435
[运行时间：0.350020s] [吞吐率：2.86req/s] [内存消耗：3,554.59kb] [文件加载：85]
[ info ] [ BEHAVIOR ] Run Closure @app_init [ RunTime:0.000000s ]
[ info ] [ CACHE ] INIT File
[ info ] [ BEHAVIOR ] Run Closure @app_init [ RunTime:0.009000s ]
[ info ] [ LANG ] C:\xampp\htdocs\fastadmin\thinkphp\lang\zh-cn.php
[ info ] [ ROUTE ] array (
  'type' => 'module',
  'module' => 
  array (
    0 => 'admin',
    1 => 'test',
    2 => 'index',
  ),
)
[ info ] [ HEADER ] array (
  'host' => '127.0.0.1',
  'connection' => 'keep-alive',
  'accept' => 'application/json, text/javascript, */*; q=0.01',
  'x-requested-with' => 'XMLHttpRequest',
  'user-agent' => 'Mozilla/5.0 (Windows NT 6.1; WOW64) AppleWebKit/537.36 (KHTML, like Gecko) Chrome/70.0.3538.25 Safari/537.36 Core/1.70.3676.400 QQBrowser/10.4.3469.400',
  'content-type' => 'application/json',
  'referer' => 'http://127.0.0.1/admin/test?addtabs=1',
  'accept-encoding' => 'gzip, deflate, br',
  'accept-language' => 'zh-CN,zh;q=0.9',
  'cookie' => 'PHPSESSID=4lcf8udd7f4iddp19mimvmsjdj',
)
[ info ] [ PARAM ] array (
  'sort' => 'weigh',
  'order' => 'desc',
  'offset' => '0',
  'limit' => '10',
  'filter' => '{}',
  'op' => '{}',
  '_' => '1556613682435',
)
[ info ] [ LANG ] C:\xampp\htdocs\fastadmin\public/../application/admin\lang\zh-cn.php
[ info ] [ BEHAVIOR ] Run app\common\behavior\Common @module_init [ RunTime:0.011000s ]
[ info ] [ SESSION ] INIT array (
  'id' => '',
  'var_session_id' => '',
  'prefix' => 'think',
  'type' => '',
  'auto_start' => true,
)
[ info ] [ DB ] INIT mysql
[ info ] [ LANG ] C:\xampp\htdocs\fastadmin\public/../application/admin/lang/zh-cn/test.php
[ info ] [ RUN ] app\admin\controller\Test->index[ C:\xampp\htdocs\fastadmin\application\admin\controller\Test.php ]
[ info ] [ BEHAVIOR ] Run app\admin\behavior\AdminLog @app_end [ RunTime:0.001000s ]
[ info ] [ BEHAVIOR ] Run \addons\loginvideo\Loginvideo @response_send [ RunTime:0.001000s ]
[ info ] [ LOG ] INIT File
[ sql ] [ DB ] CONNECT:[ UseTime:0.021001s ] mysql:host=127.0.0.1;dbname=fastadmin;charset=utf8
[ sql ] [ SQL ] SHOW COLUMNS FROM `fa_auth_group_access` [ RunTime:0.011001s ]
[ sql ] [ SQL ] SELECT `aga`.`uid`,`aga`.`group_id`,`ag`.`id`,`ag`.`pid`,`ag`.`name`,`ag`.`rules` FROM `fa_auth_group_access` `aga` LEFT JOIN `fa_auth_group` `ag` ON `aga`.`group_id`=`ag`.`id` WHERE  (  aga.uid='1' and ag.status='normal' ) [ RunTime:0.001000s ]
[ sql ] [ SQL ] SHOW COLUMNS FROM `fa_auth_rule` [ RunTime:0.012001s ]
[ sql ] [ SQL ] SELECT `id`,`pid`,`condition`,`icon`,`name`,`title`,`ismenu` FROM `fa_auth_rule` WHERE  `status` = 'normal' [ RunTime:0.004000s ]
[ sql ] [ SQL ] SHOW COLUMNS FROM `fa_test` [ RunTime:0.122007s ]
[ sql ] [ SQL ] SELECT COUNT(*) AS tp_count FROM `fa_test` ORDER BY `weigh` DESC LIMIT 1 [ RunTime:0.000000s ]
[ sql ] [ SQL ] SELECT * FROM `fa_test` ORDER BY `weigh` DESC LIMIT 0,10 [ RunTime:0.019001s ]
