---------------------------------------------------------------
[ 2019-05-01T23:49:35+08:00 ] 127.0.0.1 GET 127.0.0.1/admin/contract/project?addtabs=1
[运行时间：0.047605s] [吞吐率：21.01req/s] [内存消耗：4,019.63kb] [文件加载：85]
[ info ] [ BEHAVIOR ] Run Closure @app_init [ RunTime:0.000018s ]
[ info ] [ CACHE ] INIT File
[ info ] [ BEHAVIOR ] Run Closure @app_init [ RunTime:0.006268s ]
[ info ] [ LANG ] /Users/work/WEB/fastadmin/thinkphp/lang/zh-cn.php
[ info ] [ ROUTE ] array (
  'type' => 'module',
  'module' => 
  array (
    0 => 'admin',
    1 => 'contract.project',
    2 => NULL,
  ),
)
[ info ] [ HEADER ] array (
  'host' => '127.0.0.1',
  'cookie' => 'PHPSESSID=318fpf3a36acvov8hi56bmtcb9',
  'connection' => 'keep-alive',
  'upgrade-insecure-requests' => '1',
  'accept' => 'text/html,application/xhtml+xml,application/xml;q=0.9,*/*;q=0.8',
  'user-agent' => 'Mozilla/5.0 (Macintosh; Intel Mac OS X 10_13_6) AppleWebKit/605.1.15 (KHTML, like Gecko) Version/12.1 Safari/605.1.15',
  'referer' => 'http://127.0.0.1/admin/contract/project?ref=addtabs',
  'accept-language' => 'zh-cn',
  'accept-encoding' => 'gzip, deflate',
)
[ info ] [ PARAM ] array (
  'addtabs' => '1',
)
[ info ] [ LANG ] /Users/work/WEB/fastadmin/public/../application/admin/lang/zh-cn.php
[ info ] [ BEHAVIOR ] Run app\common\behavior\Common @module_init [ RunTime:0.001756s ]
[ info ] [ SESSION ] INIT array (
  'id' => '',
  'var_session_id' => '',
  'prefix' => 'think',
  'type' => '',
  'auto_start' => true,
)
[ info ] [ DB ] INIT mysql
[ info ] [ LANG ] /Users/work/WEB/fastadmin/public/../application/admin/lang/zh-cn/contract/project.php
[ info ] [ RUN ] app\admin\controller\contract\Project->index[ /Users/work/WEB/fastadmin/application/admin/controller/contract/Project.php ]
[ info ] [ VIEW ] /Users/work/WEB/fastadmin/public/../application/admin/view/contract/project/index.html [ array (
  0 => 'breadcrumb',
  1 => 'site',
  2 => 'config',
  3 => 'auth',
  4 => 'admin',
  5 => 'savedataList',
) ]
[ info ] [ BEHAVIOR ] Run app\admin\behavior\AdminLog @app_end [ RunTime:0.000100s ]
[ info ] [ BEHAVIOR ] Run \addons\loginvideo\Loginvideo @response_send [ RunTime:0.000146s ]
[ info ] [ LOG ] INIT File
[ sql ] [ DB ] CONNECT:[ UseTime:0.000754s ] mysql:host=127.0.0.1;dbname=fastadmin;charset=utf8
[ sql ] [ SQL ] SHOW COLUMNS FROM `fa_auth_group_access` [ RunTime:0.001571s ]
[ sql ] [ SQL ] SELECT `aga`.`uid`,`aga`.`group_id`,`ag`.`id`,`ag`.`pid`,`ag`.`name`,`ag`.`rules` FROM `fa_auth_group_access` `aga` LEFT JOIN `fa_auth_group` `ag` ON `aga`.`group_id`=`ag`.`id` WHERE  (  aga.uid='1' and ag.status='normal' ) [ RunTime:0.000595s ]
[ sql ] [ SQL ] SHOW COLUMNS FROM `fa_auth_rule` [ RunTime:0.001256s ]
[ sql ] [ SQL ] SELECT `id`,`pid`,`condition`,`icon`,`name`,`title`,`ismenu` FROM `fa_auth_rule` WHERE  `status` = 'normal' [ RunTime:0.001400s ]
[ sql ] [ SQL ] SELECT `title`,`remark` FROM `fa_auth_rule` WHERE  `name` = 'contract/project' LIMIT 1 [ RunTime:0.000520s ]
---------------------------------------------------------------
[ 2019-05-01T23:49:36+08:00 ] 127.0.0.1 GET 127.0.0.1/admin/ajax/lang?callback=define&controllername=contract.project&v=1556725775
[运行时间：0.023501s] [吞吐率：42.55req/s] [内存消耗：2,880.16kb] [文件加载：75]
[ info ] [ BEHAVIOR ] Run Closure @app_init [ RunTime:0.000016s ]
[ info ] [ CACHE ] INIT File
[ info ] [ BEHAVIOR ] Run Closure @app_init [ RunTime:0.001589s ]
[ info ] [ LANG ] /Users/work/WEB/fastadmin/thinkphp/lang/zh-cn.php
[ info ] [ ROUTE ] array (
  'type' => 'module',
  'module' => 
  array (
    0 => 'admin',
    1 => 'ajax',
    2 => 'lang',
  ),
)
[ info ] [ HEADER ] array (
  'host' => '127.0.0.1',
  'accept' => '*/*',
  'connection' => 'keep-alive',
  'cookie' => 'PHPSESSID=318fpf3a36acvov8hi56bmtcb9',
  'user-agent' => 'Mozilla/5.0 (Macintosh; Intel Mac OS X 10_13_6) AppleWebKit/605.1.15 (KHTML, like Gecko) Version/12.1 Safari/605.1.15',
  'accept-language' => 'zh-cn',
  'referer' => 'http://127.0.0.1/admin/contract/project?addtabs=1',
  'accept-encoding' => 'gzip, deflate',
)
[ info ] [ PARAM ] array (
  'callback' => 'define',
  'controllername' => 'contract.project',
  'v' => '1556725775',
)
[ info ] [ LANG ] /Users/work/WEB/fastadmin/public/../application/admin/lang/zh-cn.php
[ info ] [ BEHAVIOR ] Run app\common\behavior\Common @module_init [ RunTime:0.001142s ]
[ info ] [ SESSION ] INIT array (
  'id' => '',
  'var_session_id' => '',
  'prefix' => 'think',
  'type' => '',
  'auto_start' => true,
)
[ info ] [ LANG ] /Users/work/WEB/fastadmin/public/../application/admin/lang/zh-cn/ajax.php
[ info ] [ RUN ] app\admin\controller\Ajax->lang[ /Users/work/WEB/fastadmin/application/admin/controller/Ajax.php ]
[ info ] [ LANG ] /Users/work/WEB/fastadmin/public/../application/admin/lang/zh-cn/contract/project.php
[ info ] [ BEHAVIOR ] Run app\admin\behavior\AdminLog @app_end [ RunTime:0.000084s ]
[ info ] [ BEHAVIOR ] Run \addons\loginvideo\Loginvideo @response_send [ RunTime:0.000110s ]
[ info ] [ LOG ] INIT File
---------------------------------------------------------------
[ 2019-05-01T23:49:36+08:00 ] 127.0.0.1 GET 127.0.0.1/admin/contract/project/index?sort=id&order=desc&offset=0&limit=10&filter=%7B%7D&op=%7B%7D&_=1556725775997
[运行时间：0.043401s] [吞吐率：23.04req/s] [内存消耗：4,032.10kb] [文件加载：89]
[ info ] [ BEHAVIOR ] Run Closure @app_init [ RunTime:0.000017s ]
[ info ] [ CACHE ] INIT File
[ info ] [ BEHAVIOR ] Run Closure @app_init [ RunTime:0.001442s ]
[ info ] [ LANG ] /Users/work/WEB/fastadmin/thinkphp/lang/zh-cn.php
[ info ] [ ROUTE ] array (
  'type' => 'module',
  'module' => 
  array (
    0 => 'admin',
    1 => 'contract.project',
    2 => 'index',
  ),
)
[ info ] [ HEADER ] array (
  'host' => '127.0.0.1',
  'content-type' => 'application/json',
  'accept-encoding' => 'gzip, deflate',
  'cookie' => 'PHPSESSID=318fpf3a36acvov8hi56bmtcb9',
  'connection' => 'keep-alive',
  'accept' => 'application/json, text/javascript, */*; q=0.01',
  'user-agent' => 'Mozilla/5.0 (Macintosh; Intel Mac OS X 10_13_6) AppleWebKit/605.1.15 (KHTML, like Gecko) Version/12.1 Safari/605.1.15',
  'referer' => 'http://127.0.0.1/admin/contract/project?addtabs=1',
  'accept-language' => 'zh-cn',
  'x-requested-with' => 'XMLHttpRequest',
)
[ info ] [ PARAM ] array (
  'sort' => 'id',
  'order' => 'desc',
  'offset' => '0',
  'limit' => '10',
  'filter' => '{}',
  'op' => '{}',
  '_' => '1556725775997',
)
[ info ] [ LANG ] /Users/work/WEB/fastadmin/public/../application/admin/lang/zh-cn.php
[ info ] [ BEHAVIOR ] Run app\common\behavior\Common @module_init [ RunTime:0.001254s ]
[ info ] [ SESSION ] INIT array (
  'id' => '',
  'var_session_id' => '',
  'prefix' => 'think',
  'type' => '',
  'auto_start' => true,
)
[ info ] [ DB ] INIT mysql
[ info ] [ LANG ] /Users/work/WEB/fastadmin/public/../application/admin/lang/zh-cn/contract/project.php
[ info ] [ RUN ] app\admin\controller\contract\Project->index[ /Users/work/WEB/fastadmin/application/admin/controller/contract/Project.php ]
[ info ] [ BEHAVIOR ] Run app\admin\behavior\AdminLog @app_end [ RunTime:0.000079s ]
[ info ] [ BEHAVIOR ] Run \addons\loginvideo\Loginvideo @response_send [ RunTime:0.000138s ]
[ info ] [ LOG ] INIT File
[ sql ] [ DB ] CONNECT:[ UseTime:0.000567s ] mysql:host=127.0.0.1;dbname=fastadmin;charset=utf8
[ sql ] [ SQL ] SHOW COLUMNS FROM `fa_auth_group_access` [ RunTime:0.001565s ]
[ sql ] [ SQL ] SELECT `aga`.`uid`,`aga`.`group_id`,`ag`.`id`,`ag`.`pid`,`ag`.`name`,`ag`.`rules` FROM `fa_auth_group_access` `aga` LEFT JOIN `fa_auth_group` `ag` ON `aga`.`group_id`=`ag`.`id` WHERE  (  aga.uid='1' and ag.status='normal' ) [ RunTime:0.000617s ]
[ sql ] [ SQL ] SHOW COLUMNS FROM `fa_auth_rule` [ RunTime:0.001009s ]
[ sql ] [ SQL ] SELECT `id`,`pid`,`condition`,`icon`,`name`,`title`,`ismenu` FROM `fa_auth_rule` WHERE  `status` = 'normal' [ RunTime:0.001298s ]
[ sql ] [ SQL ] SHOW COLUMNS FROM `fa_contract_project` [ RunTime:0.001063s ]
[ sql ] [ SQL ] SHOW COLUMNS FROM `fa_contract_info` [ RunTime:0.001097s ]
[ sql ] [ SQL ] SELECT COUNT(*) AS tp_count FROM `fa_contract_project` `contract_project` LEFT JOIN `fa_contract_info` `info` ON `contract_project`.`contract_info_id`=`info`.`id` ORDER BY `contract_project`.`id` DESC LIMIT 1 [ RunTime:0.003158s ]
[ sql ] [ SQL ] SELECT `contract_project`.`id`,`contract_project`.`contract_info_id`,`contract_project`.`savedata`,`contract_project`.`opinion`,`contract_project`.`admin_id`,`contract_project`.`createtime`,`contract_project`.`updatetime`,info.id AS info__id,info.name AS info__name,info.number AS info__number,info.project_info_id AS info__project_info_id,info.project_section_ids AS info__project_section_ids,info.company_info_id AS info__company_info_id,info.category_id AS info__category_id,info.label_ids AS info__label_ids,info.contacts AS info__contacts,info.phone AS info__phone,info.signdate AS info__signdate,info.expirydate AS info__expirydate,info.price AS info__price,info.total AS info__total,info.save AS info__save,info.operatorname AS info__operatorname,info.operatorphone AS info__operatorphone,info.settlement AS info__settlement,info.content AS info__content,info.uploadimages AS info__uploadimages,info.remark AS info__remark,info.createtime AS info__createtime,info.updatetime AS info__updatetime,info.admin_id AS info__admin_id FROM `fa_contract_project` `contract_project` LEFT JOIN `fa_contract_info` `info` ON `contract_project`.`contract_info_id`=`info`.`id` ORDER BY `contract_project`.`id` DESC LIMIT 0,10 [ RunTime:0.000703s ]
---------------------------------------------------------------
[ 2019-05-01T23:49:38+08:00 ] 127.0.0.1 GET 127.0.0.1/admin/contract/synthetical?addtabs=1
[运行时间：0.046558s] [吞吐率：21.48req/s] [内存消耗：4,020.33kb] [文件加载：85]
[ info ] [ BEHAVIOR ] Run Closure @app_init [ RunTime:0.000017s ]
[ info ] [ CACHE ] INIT File
[ info ] [ BEHAVIOR ] Run Closure @app_init [ RunTime:0.007223s ]
[ info ] [ LANG ] /Users/work/WEB/fastadmin/thinkphp/lang/zh-cn.php
[ info ] [ ROUTE ] array (
  'type' => 'module',
  'module' => 
  array (
    0 => 'admin',
    1 => 'contract.synthetical',
    2 => NULL,
  ),
)
[ info ] [ HEADER ] array (
  'host' => '127.0.0.1',
  'cookie' => 'PHPSESSID=318fpf3a36acvov8hi56bmtcb9',
  'connection' => 'keep-alive',
  'upgrade-insecure-requests' => '1',
  'accept' => 'text/html,application/xhtml+xml,application/xml;q=0.9,*/*;q=0.8',
  'user-agent' => 'Mozilla/5.0 (Macintosh; Intel Mac OS X 10_13_6) AppleWebKit/605.1.15 (KHTML, like Gecko) Version/12.1 Safari/605.1.15',
  'referer' => 'http://127.0.0.1/admin/contract/synthetical?ref=addtabs',
  'accept-language' => 'zh-cn',
  'accept-encoding' => 'gzip, deflate',
)
[ info ] [ PARAM ] array (
  'addtabs' => '1',
)
[ info ] [ LANG ] /Users/work/WEB/fastadmin/public/../application/admin/lang/zh-cn.php
[ info ] [ BEHAVIOR ] Run app\common\behavior\Common @module_init [ RunTime:0.001632s ]
[ info ] [ SESSION ] INIT array (
  'id' => '',
  'var_session_id' => '',
  'prefix' => 'think',
  'type' => '',
  'auto_start' => true,
)
[ info ] [ DB ] INIT mysql
[ info ] [ LANG ] /Users/work/WEB/fastadmin/public/../application/admin/lang/zh-cn/contract/synthetical.php
[ info ] [ RUN ] app\admin\controller\contract\Synthetical->index[ /Users/work/WEB/fastadmin/application/admin/controller/contract/Synthetical.php ]
[ info ] [ VIEW ] /Users/work/WEB/fastadmin/public/../application/admin/view/contract/synthetical/index.html [ array (
  0 => 'breadcrumb',
  1 => 'site',
  2 => 'config',
  3 => 'auth',
  4 => 'admin',
  5 => 'agreedataList',
) ]
[ info ] [ BEHAVIOR ] Run app\admin\behavior\AdminLog @app_end [ RunTime:0.000078s ]
[ info ] [ BEHAVIOR ] Run \addons\loginvideo\Loginvideo @response_send [ RunTime:0.000126s ]
[ info ] [ LOG ] INIT File
[ sql ] [ DB ] CONNECT:[ UseTime:0.000611s ] mysql:host=127.0.0.1;dbname=fastadmin;charset=utf8
[ sql ] [ SQL ] SHOW COLUMNS FROM `fa_auth_group_access` [ RunTime:0.001488s ]
[ sql ] [ SQL ] SELECT `aga`.`uid`,`aga`.`group_id`,`ag`.`id`,`ag`.`pid`,`ag`.`name`,`ag`.`rules` FROM `fa_auth_group_access` `aga` LEFT JOIN `fa_auth_group` `ag` ON `aga`.`group_id`=`ag`.`id` WHERE  (  aga.uid='1' and ag.status='normal' ) [ RunTime:0.000547s ]
[ sql ] [ SQL ] SHOW COLUMNS FROM `fa_auth_rule` [ RunTime:0.001121s ]
[ sql ] [ SQL ] SELECT `id`,`pid`,`condition`,`icon`,`name`,`title`,`ismenu` FROM `fa_auth_rule` WHERE  `status` = 'normal' [ RunTime:0.001447s ]
[ sql ] [ SQL ] SELECT `title`,`remark` FROM `fa_auth_rule` WHERE  `name` = 'contract/synthetical' LIMIT 1 [ RunTime:0.000599s ]
---------------------------------------------------------------
[ 2019-05-01T23:49:38+08:00 ] 127.0.0.1 GET 127.0.0.1/admin/ajax/lang?callback=define&controllername=contract.synthetical&v=1556725778
[运行时间：0.023290s] [吞吐率：42.94req/s] [内存消耗：2,880.50kb] [文件加载：75]
[ info ] [ BEHAVIOR ] Run Closure @app_init [ RunTime:0.000020s ]
[ info ] [ CACHE ] INIT File
[ info ] [ BEHAVIOR ] Run Closure @app_init [ RunTime:0.001631s ]
[ info ] [ LANG ] /Users/work/WEB/fastadmin/thinkphp/lang/zh-cn.php
[ info ] [ ROUTE ] array (
  'type' => 'module',
  'module' => 
  array (
    0 => 'admin',
    1 => 'ajax',
    2 => 'lang',
  ),
)
[ info ] [ HEADER ] array (
  'host' => '127.0.0.1',
  'accept' => '*/*',
  'connection' => 'keep-alive',
  'cookie' => 'PHPSESSID=318fpf3a36acvov8hi56bmtcb9',
  'user-agent' => 'Mozilla/5.0 (Macintosh; Intel Mac OS X 10_13_6) AppleWebKit/605.1.15 (KHTML, like Gecko) Version/12.1 Safari/605.1.15',
  'accept-language' => 'zh-cn',
  'referer' => 'http://127.0.0.1/admin/contract/synthetical?addtabs=1',
  'accept-encoding' => 'gzip, deflate',
)
[ info ] [ PARAM ] array (
  'callback' => 'define',
  'controllername' => 'contract.synthetical',
  'v' => '1556725778',
)
[ info ] [ LANG ] /Users/work/WEB/fastadmin/public/../application/admin/lang/zh-cn.php
[ info ] [ BEHAVIOR ] Run app\common\behavior\Common @module_init [ RunTime:0.001252s ]
[ info ] [ SESSION ] INIT array (
  'id' => '',
  'var_session_id' => '',
  'prefix' => 'think',
  'type' => '',
  'auto_start' => true,
)
[ info ] [ LANG ] /Users/work/WEB/fastadmin/public/../application/admin/lang/zh-cn/ajax.php
[ info ] [ RUN ] app\admin\controller\Ajax->lang[ /Users/work/WEB/fastadmin/application/admin/controller/Ajax.php ]
[ info ] [ LANG ] /Users/work/WEB/fastadmin/public/../application/admin/lang/zh-cn/contract/synthetical.php
[ info ] [ BEHAVIOR ] Run app\admin\behavior\AdminLog @app_end [ RunTime:0.000091s ]
[ info ] [ BEHAVIOR ] Run \addons\loginvideo\Loginvideo @response_send [ RunTime:0.000117s ]
[ info ] [ LOG ] INIT File
---------------------------------------------------------------
[ 2019-05-01T23:49:38+08:00 ] 127.0.0.1 GET 127.0.0.1/admin/contract/synthetical/index?sort=id&order=desc&offset=0&limit=10&filter=%7B%7D&op=%7B%7D&_=1556725778301
[运行时间：0.041310s] [吞吐率：24.21req/s] [内存消耗：4,036.50kb] [文件加载：89]
[ info ] [ BEHAVIOR ] Run Closure @app_init [ RunTime:0.000018s ]
[ info ] [ CACHE ] INIT File
[ info ] [ BEHAVIOR ] Run Closure @app_init [ RunTime:0.001519s ]
[ info ] [ LANG ] /Users/work/WEB/fastadmin/thinkphp/lang/zh-cn.php
[ info ] [ ROUTE ] array (
  'type' => 'module',
  'module' => 
  array (
    0 => 'admin',
    1 => 'contract.synthetical',
    2 => 'index',
  ),
)
[ info ] [ HEADER ] array (
  'host' => '127.0.0.1',
  'content-type' => 'application/json',
  'accept-encoding' => 'gzip, deflate',
  'cookie' => 'PHPSESSID=318fpf3a36acvov8hi56bmtcb9',
  'connection' => 'keep-alive',
  'accept' => 'application/json, text/javascript, */*; q=0.01',
  'user-agent' => 'Mozilla/5.0 (Macintosh; Intel Mac OS X 10_13_6) AppleWebKit/605.1.15 (KHTML, like Gecko) Version/12.1 Safari/605.1.15',
  'referer' => 'http://127.0.0.1/admin/contract/synthetical?addtabs=1',
  'accept-language' => 'zh-cn',
  'x-requested-with' => 'XMLHttpRequest',
)
[ info ] [ PARAM ] array (
  'sort' => 'id',
  'order' => 'desc',
  'offset' => '0',
  'limit' => '10',
  'filter' => '{}',
  'op' => '{}',
  '_' => '1556725778301',
)
[ info ] [ LANG ] /Users/work/WEB/fastadmin/public/../application/admin/lang/zh-cn.php
[ info ] [ BEHAVIOR ] Run app\common\behavior\Common @module_init [ RunTime:0.000963s ]
[ info ] [ SESSION ] INIT array (
  'id' => '',
  'var_session_id' => '',
  'prefix' => 'think',
  'type' => '',
  'auto_start' => true,
)
[ info ] [ DB ] INIT mysql
[ info ] [ LANG ] /Users/work/WEB/fastadmin/public/../application/admin/lang/zh-cn/contract/synthetical.php
[ info ] [ RUN ] app\admin\controller\contract\Synthetical->index[ /Users/work/WEB/fastadmin/application/admin/controller/contract/Synthetical.php ]
[ info ] [ BEHAVIOR ] Run app\admin\behavior\AdminLog @app_end [ RunTime:0.000094s ]
[ info ] [ BEHAVIOR ] Run \addons\loginvideo\Loginvideo @response_send [ RunTime:0.000255s ]
[ info ] [ LOG ] INIT File
[ sql ] [ DB ] CONNECT:[ UseTime:0.000730s ] mysql:host=127.0.0.1;dbname=fastadmin;charset=utf8
[ sql ] [ SQL ] SHOW COLUMNS FROM `fa_auth_group_access` [ RunTime:0.001430s ]
[ sql ] [ SQL ] SELECT `aga`.`uid`,`aga`.`group_id`,`ag`.`id`,`ag`.`pid`,`ag`.`name`,`ag`.`rules` FROM `fa_auth_group_access` `aga` LEFT JOIN `fa_auth_group` `ag` ON `aga`.`group_id`=`ag`.`id` WHERE  (  aga.uid='1' and ag.status='normal' ) [ RunTime:0.000654s ]
[ sql ] [ SQL ] SHOW COLUMNS FROM `fa_auth_rule` [ RunTime:0.001038s ]
[ sql ] [ SQL ] SELECT `id`,`pid`,`condition`,`icon`,`name`,`title`,`ismenu` FROM `fa_auth_rule` WHERE  `status` = 'normal' [ RunTime:0.001398s ]
[ sql ] [ SQL ] SHOW COLUMNS FROM `fa_contract_synthetical` [ RunTime:0.001712s ]
[ sql ] [ SQL ] SHOW COLUMNS FROM `fa_contract_info` [ RunTime:0.001360s ]
[ sql ] [ SQL ] SELECT COUNT(*) AS tp_count FROM `fa_contract_synthetical` `contract_synthetical` LEFT JOIN `fa_contract_info` `info` ON `contract_synthetical`.`contract_info_id`=`info`.`id` ORDER BY `contract_synthetical`.`id` DESC LIMIT 1 [ RunTime:0.000917s ]
[ sql ] [ SQL ] SELECT `contract_synthetical`.`id`,`contract_synthetical`.`contract_info_id`,`contract_synthetical`.`agreedata`,`contract_synthetical`.`opinion`,`contract_synthetical`.`number`,`contract_synthetical`.`contacts`,`contract_synthetical`.`phone`,`contract_synthetical`.`admin_id`,`contract_synthetical`.`createtime`,`contract_synthetical`.`updatetime`,info.id AS info__id,info.name AS info__name,info.number AS info__number,info.project_info_id AS info__project_info_id,info.project_section_ids AS info__project_section_ids,info.company_info_id AS info__company_info_id,info.category_id AS info__category_id,info.label_ids AS info__label_ids,info.contacts AS info__contacts,info.phone AS info__phone,info.signdate AS info__signdate,info.expirydate AS info__expirydate,info.price AS info__price,info.total AS info__total,info.save AS info__save,info.operatorname AS info__operatorname,info.operatorphone AS info__operatorphone,info.settlement AS info__settlement,info.content AS info__content,info.uploadimages AS info__uploadimages,info.remark AS info__remark,info.createtime AS info__createtime,info.updatetime AS info__updatetime,info.admin_id AS info__admin_id FROM `fa_contract_synthetical` `contract_synthetical` LEFT JOIN `fa_contract_info` `info` ON `contract_synthetical`.`contract_info_id`=`info`.`id` ORDER BY `contract_synthetical`.`id` DESC LIMIT 0,10 [ RunTime:0.000615s ]
---------------------------------------------------------------
[ 2019-05-01T23:49:39+08:00 ] 127.0.0.1 GET 127.0.0.1/admin/contract/verify?addtabs=1
[运行时间：0.046254s] [吞吐率：21.62req/s] [内存消耗：4,020.76kb] [文件加载：85]
[ info ] [ BEHAVIOR ] Run Closure @app_init [ RunTime:0.000018s ]
[ info ] [ CACHE ] INIT File
[ info ] [ BEHAVIOR ] Run Closure @app_init [ RunTime:0.007174s ]
[ info ] [ LANG ] /Users/work/WEB/fastadmin/thinkphp/lang/zh-cn.php
[ info ] [ ROUTE ] array (
  'type' => 'module',
  'module' => 
  array (
    0 => 'admin',
    1 => 'contract.verify',
    2 => NULL,
  ),
)
[ info ] [ HEADER ] array (
  'host' => '127.0.0.1',
  'cookie' => 'PHPSESSID=318fpf3a36acvov8hi56bmtcb9',
  'connection' => 'keep-alive',
  'upgrade-insecure-requests' => '1',
  'accept' => 'text/html,application/xhtml+xml,application/xml;q=0.9,*/*;q=0.8',
  'user-agent' => 'Mozilla/5.0 (Macintosh; Intel Mac OS X 10_13_6) AppleWebKit/605.1.15 (KHTML, like Gecko) Version/12.1 Safari/605.1.15',
  'referer' => 'http://127.0.0.1/admin/contract/verify?ref=addtabs',
  'accept-language' => 'zh-cn',
  'accept-encoding' => 'gzip, deflate',
)
[ info ] [ PARAM ] array (
  'addtabs' => '1',
)
[ info ] [ LANG ] /Users/work/WEB/fastadmin/public/../application/admin/lang/zh-cn.php
[ info ] [ BEHAVIOR ] Run app\common\behavior\Common @module_init [ RunTime:0.001127s ]
[ info ] [ SESSION ] INIT array (
  'id' => '',
  'var_session_id' => '',
  'prefix' => 'think',
  'type' => '',
  'auto_start' => true,
)
[ info ] [ DB ] INIT mysql
[ info ] [ LANG ] /Users/work/WEB/fastadmin/public/../application/admin/lang/zh-cn/contract/verify.php
[ info ] [ RUN ] app\admin\controller\contract\Verify->index[ /Users/work/WEB/fastadmin/application/admin/controller/contract/Verify.php ]
[ info ] [ VIEW ] /Users/work/WEB/fastadmin/public/../application/admin/view/contract/verify/index.html [ array (
  0 => 'breadcrumb',
  1 => 'site',
  2 => 'config',
  3 => 'auth',
  4 => 'admin',
  5 => 'agreedataList',
) ]
[ info ] [ BEHAVIOR ] Run app\admin\behavior\AdminLog @app_end [ RunTime:0.000086s ]
[ info ] [ BEHAVIOR ] Run \addons\loginvideo\Loginvideo @response_send [ RunTime:0.000150s ]
[ info ] [ LOG ] INIT File
[ sql ] [ DB ] CONNECT:[ UseTime:0.000703s ] mysql:host=127.0.0.1;dbname=fastadmin;charset=utf8
[ sql ] [ SQL ] SHOW COLUMNS FROM `fa_auth_group_access` [ RunTime:0.001514s ]
[ sql ] [ SQL ] SELECT `aga`.`uid`,`aga`.`group_id`,`ag`.`id`,`ag`.`pid`,`ag`.`name`,`ag`.`rules` FROM `fa_auth_group_access` `aga` LEFT JOIN `fa_auth_group` `ag` ON `aga`.`group_id`=`ag`.`id` WHERE  (  aga.uid='1' and ag.status='normal' ) [ RunTime:0.000775s ]
[ sql ] [ SQL ] SHOW COLUMNS FROM `fa_auth_rule` [ RunTime:0.001427s ]
[ sql ] [ SQL ] SELECT `id`,`pid`,`condition`,`icon`,`name`,`title`,`ismenu` FROM `fa_auth_rule` WHERE  `status` = 'normal' [ RunTime:0.001448s ]
[ sql ] [ SQL ] SELECT `title`,`remark` FROM `fa_auth_rule` WHERE  `name` = 'contract/verify' LIMIT 1 [ RunTime:0.000363s ]
---------------------------------------------------------------
[ 2019-05-01T23:49:39+08:00 ] 127.0.0.1 GET 127.0.0.1/admin/ajax/lang?callback=define&controllername=contract.verify&v=1556725779
[运行时间：0.022453s] [吞吐率：44.54req/s] [内存消耗：2,880.55kb] [文件加载：75]
[ info ] [ BEHAVIOR ] Run Closure @app_init [ RunTime:0.000017s ]
[ info ] [ CACHE ] INIT File
[ info ] [ BEHAVIOR ] Run Closure @app_init [ RunTime:0.001607s ]
[ info ] [ LANG ] /Users/work/WEB/fastadmin/thinkphp/lang/zh-cn.php
[ info ] [ ROUTE ] array (
  'type' => 'module',
  'module' => 
  array (
    0 => 'admin',
    1 => 'ajax',
    2 => 'lang',
  ),
)
[ info ] [ HEADER ] array (
  'host' => '127.0.0.1',
  'accept' => '*/*',
  'connection' => 'keep-alive',
  'cookie' => 'PHPSESSID=318fpf3a36acvov8hi56bmtcb9',
  'user-agent' => 'Mozilla/5.0 (Macintosh; Intel Mac OS X 10_13_6) AppleWebKit/605.1.15 (KHTML, like Gecko) Version/12.1 Safari/605.1.15',
  'accept-language' => 'zh-cn',
  'referer' => 'http://127.0.0.1/admin/contract/verify?addtabs=1',
  'accept-encoding' => 'gzip, deflate',
)
[ info ] [ PARAM ] array (
  'callback' => 'define',
  'controllername' => 'contract.verify',
  'v' => '1556725779',
)
[ info ] [ LANG ] /Users/work/WEB/fastadmin/public/../application/admin/lang/zh-cn.php
[ info ] [ BEHAVIOR ] Run app\common\behavior\Common @module_init [ RunTime:0.001091s ]
[ info ] [ SESSION ] INIT array (
  'id' => '',
  'var_session_id' => '',
  'prefix' => 'think',
  'type' => '',
  'auto_start' => true,
)
[ info ] [ LANG ] /Users/work/WEB/fastadmin/public/../application/admin/lang/zh-cn/ajax.php
[ info ] [ RUN ] app\admin\controller\Ajax->lang[ /Users/work/WEB/fastadmin/application/admin/controller/Ajax.php ]
[ info ] [ LANG ] /Users/work/WEB/fastadmin/public/../application/admin/lang/zh-cn/contract/verify.php
[ info ] [ BEHAVIOR ] Run app\admin\behavior\AdminLog @app_end [ RunTime:0.000082s ]
[ info ] [ BEHAVIOR ] Run \addons\loginvideo\Loginvideo @response_send [ RunTime:0.000122s ]
[ info ] [ LOG ] INIT File
---------------------------------------------------------------
[ 2019-05-01T23:49:39+08:00 ] 127.0.0.1 GET 127.0.0.1/admin/contract/verify/index?sort=id&order=desc&offset=0&limit=10&filter=%7B%7D&op=%7B%7D&_=1556725779714
[运行时间：0.041454s] [吞吐率：24.12req/s] [内存消耗：4,032.90kb] [文件加载：89]
[ info ] [ BEHAVIOR ] Run Closure @app_init [ RunTime:0.000017s ]
[ info ] [ CACHE ] INIT File
[ info ] [ BEHAVIOR ] Run Closure @app_init [ RunTime:0.001585s ]
[ info ] [ LANG ] /Users/work/WEB/fastadmin/thinkphp/lang/zh-cn.php
[ info ] [ ROUTE ] array (
  'type' => 'module',
  'module' => 
  array (
    0 => 'admin',
    1 => 'contract.verify',
    2 => 'index',
  ),
)
[ info ] [ HEADER ] array (
  'host' => '127.0.0.1',
  'content-type' => 'application/json',
  'accept-encoding' => 'gzip, deflate',
  'cookie' => 'PHPSESSID=318fpf3a36acvov8hi56bmtcb9',
  'connection' => 'keep-alive',
  'accept' => 'application/json, text/javascript, */*; q=0.01',
  'user-agent' => 'Mozilla/5.0 (Macintosh; Intel Mac OS X 10_13_6) AppleWebKit/605.1.15 (KHTML, like Gecko) Version/12.1 Safari/605.1.15',
  'referer' => 'http://127.0.0.1/admin/contract/verify?addtabs=1',
  'accept-language' => 'zh-cn',
  'x-requested-with' => 'XMLHttpRequest',
)
[ info ] [ PARAM ] array (
  'sort' => 'id',
  'order' => 'desc',
  'offset' => '0',
  'limit' => '10',
  'filter' => '{}',
  'op' => '{}',
  '_' => '1556725779714',
)
[ info ] [ LANG ] /Users/work/WEB/fastadmin/public/../application/admin/lang/zh-cn.php
[ info ] [ BEHAVIOR ] Run app\common\behavior\Common @module_init [ RunTime:0.001016s ]
[ info ] [ SESSION ] INIT array (
  'id' => '',
  'var_session_id' => '',
  'prefix' => 'think',
  'type' => '',
  'auto_start' => true,
)
[ info ] [ DB ] INIT mysql
[ info ] [ LANG ] /Users/work/WEB/fastadmin/public/../application/admin/lang/zh-cn/contract/verify.php
[ info ] [ RUN ] app\admin\controller\contract\Verify->index[ /Users/work/WEB/fastadmin/application/admin/controller/contract/Verify.php ]
[ info ] [ BEHAVIOR ] Run app\admin\behavior\AdminLog @app_end [ RunTime:0.000090s ]
[ info ] [ BEHAVIOR ] Run \addons\loginvideo\Loginvideo @response_send [ RunTime:0.000194s ]
[ info ] [ LOG ] INIT File
[ sql ] [ DB ] CONNECT:[ UseTime:0.000855s ] mysql:host=127.0.0.1;dbname=fastadmin;charset=utf8
[ sql ] [ SQL ] SHOW COLUMNS FROM `fa_auth_group_access` [ RunTime:0.001537s ]
[ sql ] [ SQL ] SELECT `aga`.`uid`,`aga`.`group_id`,`ag`.`id`,`ag`.`pid`,`ag`.`name`,`ag`.`rules` FROM `fa_auth_group_access` `aga` LEFT JOIN `fa_auth_group` `ag` ON `aga`.`group_id`=`ag`.`id` WHERE  (  aga.uid='1' and ag.status='normal' ) [ RunTime:0.000713s ]
[ sql ] [ SQL ] SHOW COLUMNS FROM `fa_auth_rule` [ RunTime:0.001280s ]
[ sql ] [ SQL ] SELECT `id`,`pid`,`condition`,`icon`,`name`,`title`,`ismenu` FROM `fa_auth_rule` WHERE  `status` = 'normal' [ RunTime:0.001389s ]
[ sql ] [ SQL ] SHOW COLUMNS FROM `fa_contract_verify` [ RunTime:0.001496s ]
[ sql ] [ SQL ] SHOW COLUMNS FROM `fa_contract_info` [ RunTime:0.001374s ]
[ sql ] [ SQL ] SELECT COUNT(*) AS tp_count FROM `fa_contract_verify` `contract_verify` LEFT JOIN `fa_contract_info` `info` ON `contract_verify`.`contract_info_id`=`info`.`id` ORDER BY `contract_verify`.`id` DESC LIMIT 1 [ RunTime:0.000939s ]
[ sql ] [ SQL ] SELECT `contract_verify`.`id`,`contract_verify`.`contract_info_id`,`contract_verify`.`agreedata`,`contract_verify`.`opinion`,`contract_verify`.`admin_id`,`contract_verify`.`createtime`,`contract_verify`.`updatetime`,info.id AS info__id,info.name AS info__name,info.number AS info__number,info.project_info_id AS info__project_info_id,info.project_section_ids AS info__project_section_ids,info.company_info_id AS info__company_info_id,info.category_id AS info__category_id,info.label_ids AS info__label_ids,info.contacts AS info__contacts,info.phone AS info__phone,info.signdate AS info__signdate,info.expirydate AS info__expirydate,info.price AS info__price,info.total AS info__total,info.save AS info__save,info.operatorname AS info__operatorname,info.operatorphone AS info__operatorphone,info.settlement AS info__settlement,info.content AS info__content,info.uploadimages AS info__uploadimages,info.remark AS info__remark,info.createtime AS info__createtime,info.updatetime AS info__updatetime,info.admin_id AS info__admin_id FROM `fa_contract_verify` `contract_verify` LEFT JOIN `fa_contract_info` `info` ON `contract_verify`.`contract_info_id`=`info`.`id` ORDER BY `contract_verify`.`id` DESC LIMIT 0,10 [ RunTime:0.000621s ]
---------------------------------------------------------------
[ 2019-05-01T23:50:53+08:00 ] 127.0.0.1 GET 127.0.0.1/admin/finance/companypay?addtabs=1
[运行时间：0.047488s] [吞吐率：21.06req/s] [内存消耗：4,016.06kb] [文件加载：85]
[ info ] [ BEHAVIOR ] Run Closure @app_init [ RunTime:0.000016s ]
[ info ] [ CACHE ] INIT File
[ info ] [ BEHAVIOR ] Run Closure @app_init [ RunTime:0.007276s ]
[ info ] [ LANG ] /Users/work/WEB/fastadmin/thinkphp/lang/zh-cn.php
[ info ] [ ROUTE ] array (
  'type' => 'module',
  'module' => 
  array (
    0 => 'admin',
    1 => 'finance.companypay',
    2 => NULL,
  ),
)
[ info ] [ HEADER ] array (
  'host' => '127.0.0.1',
  'cookie' => 'PHPSESSID=318fpf3a36acvov8hi56bmtcb9',
  'connection' => 'keep-alive',
  'upgrade-insecure-requests' => '1',
  'accept' => 'text/html,application/xhtml+xml,application/xml;q=0.9,*/*;q=0.8',
  'user-agent' => 'Mozilla/5.0 (Macintosh; Intel Mac OS X 10_13_6) AppleWebKit/605.1.15 (KHTML, like Gecko) Version/12.1 Safari/605.1.15',
  'referer' => 'http://127.0.0.1/admin/finance/companypay?ref=addtabs',
  'accept-language' => 'zh-cn',
  'accept-encoding' => 'gzip, deflate',
)
[ info ] [ PARAM ] array (
  'addtabs' => '1',
)
[ info ] [ LANG ] /Users/work/WEB/fastadmin/public/../application/admin/lang/zh-cn.php
[ info ] [ BEHAVIOR ] Run app\common\behavior\Common @module_init [ RunTime:0.001780s ]
[ info ] [ SESSION ] INIT array (
  'id' => '',
  'var_session_id' => '',
  'prefix' => 'think',
  'type' => '',
  'auto_start' => true,
)
[ info ] [ DB ] INIT mysql
[ info ] [ LANG ] /Users/work/WEB/fastadmin/public/../application/admin/lang/zh-cn/finance/companypay.php
[ info ] [ RUN ] app\admin\controller\finance\Companypay->index[ /Users/work/WEB/fastadmin/application/admin/controller/finance/Companypay.php ]
[ info ] [ VIEW ] /Users/work/WEB/fastadmin/public/../application/admin/view/finance/companypay/index.html [ array (
  0 => 'breadcrumb',
  1 => 'site',
  2 => 'config',
  3 => 'auth',
  4 => 'admin',
) ]
[ info ] [ BEHAVIOR ] Run app\admin\behavior\AdminLog @app_end [ RunTime:0.000100s ]
[ info ] [ BEHAVIOR ] Run \addons\loginvideo\Loginvideo @response_send [ RunTime:0.000127s ]
[ info ] [ LOG ] INIT File
[ sql ] [ DB ] CONNECT:[ UseTime:0.000642s ] mysql:host=127.0.0.1;dbname=fastadmin;charset=utf8
[ sql ] [ SQL ] SHOW COLUMNS FROM `fa_auth_group_access` [ RunTime:0.001427s ]
[ sql ] [ SQL ] SELECT `aga`.`uid`,`aga`.`group_id`,`ag`.`id`,`ag`.`pid`,`ag`.`name`,`ag`.`rules` FROM `fa_auth_group_access` `aga` LEFT JOIN `fa_auth_group` `ag` ON `aga`.`group_id`=`ag`.`id` WHERE  (  aga.uid='1' and ag.status='normal' ) [ RunTime:0.000542s ]
[ sql ] [ SQL ] SHOW COLUMNS FROM `fa_auth_rule` [ RunTime:0.001006s ]
[ sql ] [ SQL ] SELECT `id`,`pid`,`condition`,`icon`,`name`,`title`,`ismenu` FROM `fa_auth_rule` WHERE  `status` = 'normal' [ RunTime:0.001391s ]
[ sql ] [ SQL ] SELECT `title`,`remark` FROM `fa_auth_rule` WHERE  `name` = 'finance/companypay' LIMIT 1 [ RunTime:0.000478s ]
---------------------------------------------------------------
[ 2019-05-01T23:50:53+08:00 ] 127.0.0.1 GET 127.0.0.1/admin/ajax/lang?callback=define&controllername=finance.companypay&v=1556725853
[运行时间：0.022814s] [吞吐率：43.83req/s] [内存消耗：2,879.37kb] [文件加载：75]
[ info ] [ BEHAVIOR ] Run Closure @app_init [ RunTime:0.000018s ]
[ info ] [ CACHE ] INIT File
[ info ] [ BEHAVIOR ] Run Closure @app_init [ RunTime:0.001548s ]
[ info ] [ LANG ] /Users/work/WEB/fastadmin/thinkphp/lang/zh-cn.php
[ info ] [ ROUTE ] array (
  'type' => 'module',
  'module' => 
  array (
    0 => 'admin',
    1 => 'ajax',
    2 => 'lang',
  ),
)
[ info ] [ HEADER ] array (
  'host' => '127.0.0.1',
  'accept' => '*/*',
  'connection' => 'keep-alive',
  'cookie' => 'PHPSESSID=318fpf3a36acvov8hi56bmtcb9',
  'user-agent' => 'Mozilla/5.0 (Macintosh; Intel Mac OS X 10_13_6) AppleWebKit/605.1.15 (KHTML, like Gecko) Version/12.1 Safari/605.1.15',
  'accept-language' => 'zh-cn',
  'referer' => 'http://127.0.0.1/admin/finance/companypay?addtabs=1',
  'accept-encoding' => 'gzip, deflate',
)
[ info ] [ PARAM ] array (
  'callback' => 'define',
  'controllername' => 'finance.companypay',
  'v' => '1556725853',
)
[ info ] [ LANG ] /Users/work/WEB/fastadmin/public/../application/admin/lang/zh-cn.php
[ info ] [ BEHAVIOR ] Run app\common\behavior\Common @module_init [ RunTime:0.001129s ]
[ info ] [ SESSION ] INIT array (
  'id' => '',
  'var_session_id' => '',
  'prefix' => 'think',
  'type' => '',
  'auto_start' => true,
)
[ info ] [ LANG ] /Users/work/WEB/fastadmin/public/../application/admin/lang/zh-cn/ajax.php
[ info ] [ RUN ] app\admin\controller\Ajax->lang[ /Users/work/WEB/fastadmin/application/admin/controller/Ajax.php ]
[ info ] [ LANG ] /Users/work/WEB/fastadmin/public/../application/admin/lang/zh-cn/finance/companypay.php
[ info ] [ BEHAVIOR ] Run app\admin\behavior\AdminLog @app_end [ RunTime:0.000080s ]
[ info ] [ BEHAVIOR ] Run \addons\loginvideo\Loginvideo @response_send [ RunTime:0.000108s ]
[ info ] [ LOG ] INIT File
---------------------------------------------------------------
[ 2019-05-01T23:50:53+08:00 ] 127.0.0.1 GET 127.0.0.1/admin/finance/companypay/index?sort=id&order=desc&offset=0&limit=10&filter=%7B%7D&op=%7B%7D&_=1556725853776
[运行时间：0.044578s] [吞吐率：22.43req/s] [内存消耗：4,035.59kb] [文件加载：89]
[ info ] [ BEHAVIOR ] Run Closure @app_init [ RunTime:0.000020s ]
[ info ] [ CACHE ] INIT File
[ info ] [ BEHAVIOR ] Run Closure @app_init [ RunTime:0.001472s ]
[ info ] [ LANG ] /Users/work/WEB/fastadmin/thinkphp/lang/zh-cn.php
[ info ] [ ROUTE ] array (
  'type' => 'module',
  'module' => 
  array (
    0 => 'admin',
    1 => 'finance.companypay',
    2 => 'index',
  ),
)
[ info ] [ HEADER ] array (
  'host' => '127.0.0.1',
  'content-type' => 'application/json',
  'accept-encoding' => 'gzip, deflate',
  'cookie' => 'PHPSESSID=318fpf3a36acvov8hi56bmtcb9',
  'connection' => 'keep-alive',
  'accept' => 'application/json, text/javascript, */*; q=0.01',
  'user-agent' => 'Mozilla/5.0 (Macintosh; Intel Mac OS X 10_13_6) AppleWebKit/605.1.15 (KHTML, like Gecko) Version/12.1 Safari/605.1.15',
  'referer' => 'http://127.0.0.1/admin/finance/companypay?addtabs=1',
  'accept-language' => 'zh-cn',
  'x-requested-with' => 'XMLHttpRequest',
)
[ info ] [ PARAM ] array (
  'sort' => 'id',
  'order' => 'desc',
  'offset' => '0',
  'limit' => '10',
  'filter' => '{}',
  'op' => '{}',
  '_' => '1556725853776',
)
[ info ] [ LANG ] /Users/work/WEB/fastadmin/public/../application/admin/lang/zh-cn.php
[ info ] [ BEHAVIOR ] Run app\common\behavior\Common @module_init [ RunTime:0.001007s ]
[ info ] [ SESSION ] INIT array (
  'id' => '',
  'var_session_id' => '',
  'prefix' => 'think',
  'type' => '',
  'auto_start' => true,
)
[ info ] [ DB ] INIT mysql
[ info ] [ LANG ] /Users/work/WEB/fastadmin/public/../application/admin/lang/zh-cn/finance/companypay.php
[ info ] [ RUN ] app\admin\controller\finance\Companypay->index[ /Users/work/WEB/fastadmin/application/admin/controller/finance/Companypay.php ]
[ info ] [ BEHAVIOR ] Run app\admin\behavior\AdminLog @app_end [ RunTime:0.000090s ]
[ info ] [ BEHAVIOR ] Run \addons\loginvideo\Loginvideo @response_send [ RunTime:0.000135s ]
[ info ] [ LOG ] INIT File
[ sql ] [ DB ] CONNECT:[ UseTime:0.000745s ] mysql:host=127.0.0.1;dbname=fastadmin;charset=utf8
[ sql ] [ SQL ] SHOW COLUMNS FROM `fa_auth_group_access` [ RunTime:0.001587s ]
[ sql ] [ SQL ] SELECT `aga`.`uid`,`aga`.`group_id`,`ag`.`id`,`ag`.`pid`,`ag`.`name`,`ag`.`rules` FROM `fa_auth_group_access` `aga` LEFT JOIN `fa_auth_group` `ag` ON `aga`.`group_id`=`ag`.`id` WHERE  (  aga.uid='1' and ag.status='normal' ) [ RunTime:0.000575s ]
[ sql ] [ SQL ] SHOW COLUMNS FROM `fa_auth_rule` [ RunTime:0.001014s ]
[ sql ] [ SQL ] SELECT `id`,`pid`,`condition`,`icon`,`name`,`title`,`ismenu` FROM `fa_auth_rule` WHERE  `status` = 'normal' [ RunTime:0.001508s ]
[ sql ] [ SQL ] SHOW COLUMNS FROM `fa_finance_companypay` [ RunTime:0.002038s ]
[ sql ] [ SQL ] SHOW COLUMNS FROM `fa_finance_info` [ RunTime:0.001486s ]
[ sql ] [ SQL ] SHOW COLUMNS FROM `fa_admin` [ RunTime:0.001529s ]
[ sql ] [ SQL ] SELECT COUNT(*) AS tp_count FROM `fa_finance_companypay` `finance_companypay` LEFT JOIN `fa_finance_info` `info` ON `finance_companypay`.`finance_info_id`=`info`.`id` LEFT JOIN `fa_admin` `admin` ON `finance_companypay`.`admin_id`=`admin`.`id` ORDER BY `finance_companypay`.`id` DESC LIMIT 1 [ RunTime:0.001691s ]
[ sql ] [ SQL ] SELECT `finance_companypay`.`id`,`finance_companypay`.`finance_info_id`,`finance_companypay`.`payprice`,`finance_companypay`.`remarkcontent`,`finance_companypay`.`createtime`,`finance_companypay`.`updatetime`,`finance_companypay`.`admin_id`,info.id AS info__id,info.project_info_id AS info__project_info_id,info.project_section_id AS info__project_section_id,info.company_info_id AS info__company_info_id,info.category_id AS info__category_id,info.price AS info__price,info.contacts AS info__contacts,info.phone AS info__phone,info.remarkcontent AS info__remarkcontent,info.createtime AS info__createtime,info.updatetime AS info__updatetime,info.admin_id AS info__admin_id,admin.id AS admin__id,admin.username AS admin__username,admin.nickname AS admin__nickname,admin.password AS admin__password,admin.salt AS admin__salt,admin.avatar AS admin__avatar,admin.email AS admin__email,admin.loginfailure AS admin__loginfailure,admin.logintime AS admin__logintime,admin.createtime AS admin__createtime,admin.updatetime AS admin__updatetime,admin.token AS admin__token,admin.status AS admin__status FROM `fa_finance_companypay` `finance_companypay` LEFT JOIN `fa_finance_info` `info` ON `finance_companypay`.`finance_info_id`=`info`.`id` LEFT JOIN `fa_admin` `admin` ON `finance_companypay`.`admin_id`=`admin`.`id` ORDER BY `finance_companypay`.`id` DESC LIMIT 0,10 [ RunTime:0.000703s ]
---------------------------------------------------------------
[ 2019-05-01T23:51:01+08:00 ] 127.0.0.1 GET 127.0.0.1/admin/budget/info?addtabs=1
[运行时间：0.055524s] [吞吐率：18.01req/s] [内存消耗：4,017.80kb] [文件加载：85]
[ info ] [ BEHAVIOR ] Run Closure @app_init [ RunTime:0.000017s ]
[ info ] [ CACHE ] INIT File
[ info ] [ BEHAVIOR ] Run Closure @app_init [ RunTime:0.006721s ]
[ info ] [ LANG ] /Users/work/WEB/fastadmin/thinkphp/lang/zh-cn.php
[ info ] [ ROUTE ] array (
  'type' => 'module',
  'module' => 
  array (
    0 => 'admin',
    1 => 'budget.info',
    2 => NULL,
  ),
)
[ info ] [ HEADER ] array (
  'host' => '127.0.0.1',
  'cookie' => 'PHPSESSID=318fpf3a36acvov8hi56bmtcb9',
  'connection' => 'keep-alive',
  'upgrade-insecure-requests' => '1',
  'accept' => 'text/html,application/xhtml+xml,application/xml;q=0.9,*/*;q=0.8',
  'user-agent' => 'Mozilla/5.0 (Macintosh; Intel Mac OS X 10_13_6) AppleWebKit/605.1.15 (KHTML, like Gecko) Version/12.1 Safari/605.1.15',
  'referer' => 'http://127.0.0.1/admin/budget/info?ref=addtabs',
  'accept-language' => 'zh-cn',
  'accept-encoding' => 'gzip, deflate',
)
[ info ] [ PARAM ] array (
  'addtabs' => '1',
)
[ info ] [ LANG ] /Users/work/WEB/fastadmin/public/../application/admin/lang/zh-cn.php
[ info ] [ BEHAVIOR ] Run app\common\behavior\Common @module_init [ RunTime:0.001370s ]
[ info ] [ SESSION ] INIT array (
  'id' => '',
  'var_session_id' => '',
  'prefix' => 'think',
  'type' => '',
  'auto_start' => true,
)
[ info ] [ DB ] INIT mysql
[ info ] [ LANG ] /Users/work/WEB/fastadmin/public/../application/admin/lang/zh-cn/budget/info.php
[ info ] [ RUN ] app\admin\controller\budget\Info->index[ /Users/work/WEB/fastadmin/application/admin/controller/budget/Info.php ]
[ info ] [ VIEW ] /Users/work/WEB/fastadmin/public/../application/admin/view/budget/info/index.html [ array (
  0 => 'breadcrumb',
  1 => 'site',
  2 => 'config',
  3 => 'auth',
  4 => 'admin',
) ]
[ info ] [ BEHAVIOR ] Run app\admin\behavior\AdminLog @app_end [ RunTime:0.000082s ]
[ info ] [ BEHAVIOR ] Run \addons\loginvideo\Loginvideo @response_send [ RunTime:0.000135s ]
[ info ] [ LOG ] INIT File
[ sql ] [ DB ] CONNECT:[ UseTime:0.000816s ] mysql:host=127.0.0.1;dbname=fastadmin;charset=utf8
[ sql ] [ SQL ] SHOW COLUMNS FROM `fa_auth_group_access` [ RunTime:0.001182s ]
[ sql ] [ SQL ] SELECT `aga`.`uid`,`aga`.`group_id`,`ag`.`id`,`ag`.`pid`,`ag`.`name`,`ag`.`rules` FROM `fa_auth_group_access` `aga` LEFT JOIN `fa_auth_group` `ag` ON `aga`.`group_id`=`ag`.`id` WHERE  (  aga.uid='1' and ag.status='normal' ) [ RunTime:0.000638s ]
[ sql ] [ SQL ] SHOW COLUMNS FROM `fa_auth_rule` [ RunTime:0.001035s ]
[ sql ] [ SQL ] SELECT `id`,`pid`,`condition`,`icon`,`name`,`title`,`ismenu` FROM `fa_auth_rule` WHERE  `status` = 'normal' [ RunTime:0.001336s ]
[ sql ] [ SQL ] SELECT `title`,`remark` FROM `fa_auth_rule` WHERE  `name` = 'budget/info' LIMIT 1 [ RunTime:0.000504s ]
---------------------------------------------------------------
[ 2019-05-01T23:51:01+08:00 ] 127.0.0.1 GET 127.0.0.1/admin/ajax/lang?callback=define&controllername=budget.info&v=1556725861
[运行时间：0.022336s] [吞吐率：44.77req/s] [内存消耗：2,879.16kb] [文件加载：75]
[ info ] [ BEHAVIOR ] Run Closure @app_init [ RunTime:0.000016s ]
[ info ] [ CACHE ] INIT File
[ info ] [ BEHAVIOR ] Run Closure @app_init [ RunTime:0.001501s ]
[ info ] [ LANG ] /Users/work/WEB/fastadmin/thinkphp/lang/zh-cn.php
[ info ] [ ROUTE ] array (
  'type' => 'module',
  'module' => 
  array (
    0 => 'admin',
    1 => 'ajax',
    2 => 'lang',
  ),
)
[ info ] [ HEADER ] array (
  'host' => '127.0.0.1',
  'accept' => '*/*',
  'connection' => 'keep-alive',
  'cookie' => 'PHPSESSID=318fpf3a36acvov8hi56bmtcb9',
  'user-agent' => 'Mozilla/5.0 (Macintosh; Intel Mac OS X 10_13_6) AppleWebKit/605.1.15 (KHTML, like Gecko) Version/12.1 Safari/605.1.15',
  'accept-language' => 'zh-cn',
  'referer' => 'http://127.0.0.1/admin/budget/info?addtabs=1',
  'accept-encoding' => 'gzip, deflate',
)
[ info ] [ PARAM ] array (
  'callback' => 'define',
  'controllername' => 'budget.info',
  'v' => '1556725861',
)
[ info ] [ LANG ] /Users/work/WEB/fastadmin/public/../application/admin/lang/zh-cn.php
[ info ] [ BEHAVIOR ] Run app\common\behavior\Common @module_init [ RunTime:0.001097s ]
[ info ] [ SESSION ] INIT array (
  'id' => '',
  'var_session_id' => '',
  'prefix' => 'think',
  'type' => '',
  'auto_start' => true,
)
[ info ] [ LANG ] /Users/work/WEB/fastadmin/public/../application/admin/lang/zh-cn/ajax.php
[ info ] [ RUN ] app\admin\controller\Ajax->lang[ /Users/work/WEB/fastadmin/application/admin/controller/Ajax.php ]
[ info ] [ LANG ] /Users/work/WEB/fastadmin/public/../application/admin/lang/zh-cn/budget/info.php
[ info ] [ BEHAVIOR ] Run app\admin\behavior\AdminLog @app_end [ RunTime:0.000069s ]
[ info ] [ BEHAVIOR ] Run \addons\loginvideo\Loginvideo @response_send [ RunTime:0.000099s ]
[ info ] [ LOG ] INIT File
---------------------------------------------------------------
[ 2019-05-01T23:51:01+08:00 ] 127.0.0.1 GET 127.0.0.1/admin/budget/info/index?sort=id&order=desc&offset=0&limit=10&filter=%7B%7D&op=%7B%7D&_=1556725861701
[运行时间：0.045017s] [吞吐率：22.21req/s] [内存消耗：4,074.90kb] [文件加载：90]
[ info ] [ BEHAVIOR ] Run Closure @app_init [ RunTime:0.000018s ]
[ info ] [ CACHE ] INIT File
[ info ] [ BEHAVIOR ] Run Closure @app_init [ RunTime:0.001443s ]
[ info ] [ LANG ] /Users/work/WEB/fastadmin/thinkphp/lang/zh-cn.php
[ info ] [ ROUTE ] array (
  'type' => 'module',
  'module' => 
  array (
    0 => 'admin',
    1 => 'budget.info',
    2 => 'index',
  ),
)
[ info ] [ HEADER ] array (
  'host' => '127.0.0.1',
  'content-type' => 'application/json',
  'accept-encoding' => 'gzip, deflate',
  'cookie' => 'PHPSESSID=318fpf3a36acvov8hi56bmtcb9',
  'connection' => 'keep-alive',
  'accept' => 'application/json, text/javascript, */*; q=0.01',
  'user-agent' => 'Mozilla/5.0 (Macintosh; Intel Mac OS X 10_13_6) AppleWebKit/605.1.15 (KHTML, like Gecko) Version/12.1 Safari/605.1.15',
  'referer' => 'http://127.0.0.1/admin/budget/info?addtabs=1',
  'accept-language' => 'zh-cn',
  'x-requested-with' => 'XMLHttpRequest',
)
[ info ] [ PARAM ] array (
  'sort' => 'id',
  'order' => 'desc',
  'offset' => '0',
  'limit' => '10',
  'filter' => '{}',
  'op' => '{}',
  '_' => '1556725861701',
)
[ info ] [ LANG ] /Users/work/WEB/fastadmin/public/../application/admin/lang/zh-cn.php
[ info ] [ BEHAVIOR ] Run app\common\behavior\Common @module_init [ RunTime:0.001089s ]
[ info ] [ SESSION ] INIT array (
  'id' => '',
  'var_session_id' => '',
  'prefix' => 'think',
  'type' => '',
  'auto_start' => true,
)
[ info ] [ DB ] INIT mysql
[ info ] [ LANG ] /Users/work/WEB/fastadmin/public/../application/admin/lang/zh-cn/budget/info.php
[ info ] [ RUN ] app\admin\controller\budget\Info->index[ /Users/work/WEB/fastadmin/application/admin/controller/budget/Info.php ]
[ info ] [ BEHAVIOR ] Run app\admin\behavior\AdminLog @app_end [ RunTime:0.000090s ]
[ info ] [ BEHAVIOR ] Run \addons\loginvideo\Loginvideo @response_send [ RunTime:0.000136s ]
[ info ] [ LOG ] INIT File
[ sql ] [ DB ] CONNECT:[ UseTime:0.000772s ] mysql:host=127.0.0.1;dbname=fastadmin;charset=utf8
[ sql ] [ SQL ] SHOW COLUMNS FROM `fa_auth_group_access` [ RunTime:0.001148s ]
[ sql ] [ SQL ] SELECT `aga`.`uid`,`aga`.`group_id`,`ag`.`id`,`ag`.`pid`,`ag`.`name`,`ag`.`rules` FROM `fa_auth_group_access` `aga` LEFT JOIN `fa_auth_group` `ag` ON `aga`.`group_id`=`ag`.`id` WHERE  (  aga.uid='1' and ag.status='normal' ) [ RunTime:0.000602s ]
[ sql ] [ SQL ] SHOW COLUMNS FROM `fa_auth_rule` [ RunTime:0.001042s ]
[ sql ] [ SQL ] SELECT `id`,`pid`,`condition`,`icon`,`name`,`title`,`ismenu` FROM `fa_auth_rule` WHERE  `status` = 'normal' [ RunTime:0.001421s ]
[ sql ] [ SQL ] SHOW COLUMNS FROM `fa_budget_info` [ RunTime:0.001060s ]
[ sql ] [ SQL ] SHOW COLUMNS FROM `fa_project_info` [ RunTime:0.001094s ]
[ sql ] [ SQL ] SHOW COLUMNS FROM `fa_project_section` [ RunTime:0.001419s ]
[ sql ] [ SQL ] SHOW COLUMNS FROM `fa_category` [ RunTime:0.001228s ]
[ sql ] [ SQL ] SELECT COUNT(*) AS tp_count FROM `fa_budget_info` `budget_info` LEFT JOIN `fa_project_info` `info` ON `budget_info`.`project_info_id`=`info`.`id` LEFT JOIN `fa_project_section` `section` ON `budget_info`.`project_section_id`=`section`.`id` LEFT JOIN `fa_category` `category` ON `budget_info`.`category_id`=`category`.`id` ORDER BY `budget_info`.`id` DESC LIMIT 1 [ RunTime:0.002187s ]
[ sql ] [ SQL ] SELECT `budget_info`.`id`,`budget_info`.`project_info_id`,`budget_info`.`project_section_id`,`budget_info`.`category_id`,`budget_info`.`label_id`,`budget_info`.`price`,`budget_info`.`remarkcontext`,`budget_info`.`createtime`,`budget_info`.`updatetime`,`budget_info`.`admin_id`,info.id AS info__id,info.name AS info__name,info.short AS info__short,info.category_id AS info__category_id,info.price AS info__price,info.starttime AS info__starttime,info.days AS info__days,info.city AS info__city,info.address AS info__address,info.surveycontent AS info__surveycontent,info.project_construct_id AS info__project_construct_id,info.build_contactsname AS info__build_contactsname,info.build_phone AS info__build_phone,info.project_supervision_id AS info__project_supervision_id,info.supervision_contactsname AS info__supervision_contactsname,info.supervision_phone AS info__supervision_phone,info.remarkcontent AS info__remarkcontent,info.createtime AS info__createtime,info.updatetime AS info__updatetime,info.admin_id AS info__admin_id,section.id AS section__id,section.project_info_id AS section__project_info_id,section.project_manager_id AS section__project_manager_id,section.name AS section__name,section.price AS section__price,section.surveycontent AS section__surveycontent,section.remarkcontent AS section__remarkcontent,section.createtime AS section__createtime,section.updatetime AS section__updatetime,section.admin_id AS section__admin_id,category.id AS category__id,category.pid AS category__pid,category.type AS category__type,category.name AS category__name,category.nickname AS category__nickname,category.flag AS category__flag,category.image AS category__image,category.keywords AS category__keywords,category.description AS category__description,category.diyname AS category__diyname,category.createtime AS category__createtime,category.updatetime AS category__updatetime,category.weigh AS category__weigh,category.status AS category__status FROM `fa_budget_info` `budget_info` LEFT JOIN `fa_project_info` `info` ON `budget_info`.`project_info_id`=`info`.`id` LEFT JOIN `fa_project_section` `section` ON `budget_info`.`project_section_id`=`section`.`id` LEFT JOIN `fa_category` `category` ON `budget_info`.`category_id`=`category`.`id` ORDER BY `budget_info`.`id` DESC LIMIT 0,10 [ RunTime:0.000841s ]
---------------------------------------------------------------
[ 2019-05-01T23:51:02+08:00 ] 127.0.0.1 GET 127.0.0.1/admin/budget/info/add?dialog=1
[运行时间：0.043845s] [吞吐率：22.81req/s] [内存消耗：4,067.37kb] [文件加载：85]
[ info ] [ BEHAVIOR ] Run Closure @app_init [ RunTime:0.000025s ]
[ info ] [ CACHE ] INIT File
[ info ] [ BEHAVIOR ] Run Closure @app_init [ RunTime:0.005711s ]
[ info ] [ LANG ] /Users/work/WEB/fastadmin/thinkphp/lang/zh-cn.php
[ info ] [ ROUTE ] array (
  'type' => 'module',
  'module' => 
  array (
    0 => 'admin',
    1 => 'budget.info',
    2 => 'add',
  ),
)
[ info ] [ HEADER ] array (
  'host' => '127.0.0.1',
  'cookie' => 'PHPSESSID=318fpf3a36acvov8hi56bmtcb9',
  'connection' => 'keep-alive',
  'upgrade-insecure-requests' => '1',
  'accept' => 'text/html,application/xhtml+xml,application/xml;q=0.9,*/*;q=0.8',
  'user-agent' => 'Mozilla/5.0 (Macintosh; Intel Mac OS X 10_13_6) AppleWebKit/605.1.15 (KHTML, like Gecko) Version/12.1 Safari/605.1.15',
  'referer' => 'http://127.0.0.1/admin/budget/info?addtabs=1',
  'accept-language' => 'zh-cn',
  'accept-encoding' => 'gzip, deflate',
)
[ info ] [ PARAM ] array (
  'dialog' => '1',
)
[ info ] [ LANG ] /Users/work/WEB/fastadmin/public/../application/admin/lang/zh-cn.php
[ info ] [ BEHAVIOR ] Run app\common\behavior\Common @module_init [ RunTime:0.001277s ]
[ info ] [ SESSION ] INIT array (
  'id' => '',
  'var_session_id' => '',
  'prefix' => 'think',
  'type' => '',
  'auto_start' => true,
)
[ info ] [ DB ] INIT mysql
[ info ] [ LANG ] /Users/work/WEB/fastadmin/public/../application/admin/lang/zh-cn/budget/info.php
[ info ] [ RUN ] app\common\controller\Backend->add[ /Users/work/WEB/fastadmin/application/admin/library/traits/Backend.php ]
[ info ] [ VIEW ] /Users/work/WEB/fastadmin/public/../application/admin/view/budget/info/add.html [ array (
  0 => 'breadcrumb',
  1 => 'site',
  2 => 'config',
  3 => 'auth',
  4 => 'admin',
) ]
[ info ] [ BEHAVIOR ] Run app\admin\behavior\AdminLog @app_end [ RunTime:0.000135s ]
[ info ] [ BEHAVIOR ] Run \addons\loginvideo\Loginvideo @response_send [ RunTime:0.000234s ]
[ info ] [ LOG ] INIT File
[ sql ] [ DB ] CONNECT:[ UseTime:0.000770s ] mysql:host=127.0.0.1;dbname=fastadmin;charset=utf8
[ sql ] [ SQL ] SHOW COLUMNS FROM `fa_auth_group_access` [ RunTime:0.001960s ]
[ sql ] [ SQL ] SELECT `aga`.`uid`,`aga`.`group_id`,`ag`.`id`,`ag`.`pid`,`ag`.`name`,`ag`.`rules` FROM `fa_auth_group_access` `aga` LEFT JOIN `fa_auth_group` `ag` ON `aga`.`group_id`=`ag`.`id` WHERE  (  aga.uid='1' and ag.status='normal' ) [ RunTime:0.000762s ]
[ sql ] [ SQL ] SHOW COLUMNS FROM `fa_auth_rule` [ RunTime:0.001123s ]
[ sql ] [ SQL ] SELECT `id`,`pid`,`condition`,`icon`,`name`,`title`,`ismenu` FROM `fa_auth_rule` WHERE  `status` = 'normal' [ RunTime:0.001465s ]
---------------------------------------------------------------
[ 2019-05-01T23:51:03+08:00 ] 127.0.0.1 GET 127.0.0.1/admin/ajax/lang?callback=define&controllername=budget.info&v=1556725862
[运行时间：0.024145s] [吞吐率：41.42req/s] [内存消耗：2,879.16kb] [文件加载：75]
[ info ] [ BEHAVIOR ] Run Closure @app_init [ RunTime:0.000021s ]
[ info ] [ CACHE ] INIT File
[ info ] [ BEHAVIOR ] Run Closure @app_init [ RunTime:0.001759s ]
[ info ] [ LANG ] /Users/work/WEB/fastadmin/thinkphp/lang/zh-cn.php
[ info ] [ ROUTE ] array (
  'type' => 'module',
  'module' => 
  array (
    0 => 'admin',
    1 => 'ajax',
    2 => 'lang',
  ),
)
[ info ] [ HEADER ] array (
  'host' => '127.0.0.1',
  'accept' => '*/*',
  'connection' => 'keep-alive',
  'cookie' => 'PHPSESSID=318fpf3a36acvov8hi56bmtcb9',
  'user-agent' => 'Mozilla/5.0 (Macintosh; Intel Mac OS X 10_13_6) AppleWebKit/605.1.15 (KHTML, like Gecko) Version/12.1 Safari/605.1.15',
  'accept-language' => 'zh-cn',
  'referer' => 'http://127.0.0.1/admin/budget/info/add?dialog=1',
  'accept-encoding' => 'gzip, deflate',
)
[ info ] [ PARAM ] array (
  'callback' => 'define',
  'controllername' => 'budget.info',
  'v' => '1556725862',
)
[ info ] [ LANG ] /Users/work/WEB/fastadmin/public/../application/admin/lang/zh-cn.php
[ info ] [ BEHAVIOR ] Run app\common\behavior\Common @module_init [ RunTime:0.001359s ]
[ info ] [ SESSION ] INIT array (
  'id' => '',
  'var_session_id' => '',
  'prefix' => 'think',
  'type' => '',
  'auto_start' => true,
)
[ info ] [ LANG ] /Users/work/WEB/fastadmin/public/../application/admin/lang/zh-cn/ajax.php
[ info ] [ RUN ] app\admin\controller\Ajax->lang[ /Users/work/WEB/fastadmin/application/admin/controller/Ajax.php ]
[ info ] [ LANG ] /Users/work/WEB/fastadmin/public/../application/admin/lang/zh-cn/budget/info.php
[ info ] [ BEHAVIOR ] Run app\admin\behavior\AdminLog @app_end [ RunTime:0.000075s ]
[ info ] [ BEHAVIOR ] Run \addons\loginvideo\Loginvideo @response_send [ RunTime:0.000106s ]
[ info ] [ LOG ] INIT File
---------------------------------------------------------------
[ 2019-05-01T23:51:04+08:00 ] 127.0.0.1 POST 127.0.0.1/admin/project/info/index
[运行时间：0.100377s] [吞吐率：9.96req/s] [内存消耗：3,882.15kb] [文件加载：84]
[ info ] [ BEHAVIOR ] Run Closure @app_init [ RunTime:0.000016s ]
[ info ] [ CACHE ] INIT File
[ info ] [ BEHAVIOR ] Run Closure @app_init [ RunTime:0.001407s ]
[ info ] [ LANG ] /Users/work/WEB/fastadmin/thinkphp/lang/zh-cn.php
[ info ] [ ROUTE ] array (
  'type' => 'module',
  'module' => 
  array (
    0 => 'admin',
    1 => 'project.info',
    2 => 'index',
  ),
)
[ info ] [ HEADER ] array (
  'host' => '127.0.0.1',
  'accept' => 'application/json, text/javascript, */*; q=0.01',
  'x-requested-with' => 'XMLHttpRequest',
  'accept-language' => 'zh-cn',
  'accept-encoding' => 'gzip, deflate',
  'content-type' => 'application/x-www-form-urlencoded; charset=UTF-8',
  'origin' => 'http://127.0.0.1',
  'user-agent' => 'Mozilla/5.0 (Macintosh; Intel Mac OS X 10_13_6) AppleWebKit/605.1.15 (KHTML, like Gecko) Version/12.1 Safari/605.1.15',
  'connection' => 'keep-alive',
  'referer' => 'http://127.0.0.1/admin/budget/info/add?dialog=1',
  'content-length' => '171',
  'cookie' => 'PHPSESSID=318fpf3a36acvov8hi56bmtcb9',
)
[ info ] [ PARAM ] array (
  'q_word' => 
  array (
    0 => '',
  ),
  'pageNumber' => '1',
  'pageSize' => '10',
  'andOr' => 'AND',
  'orderBy' => 
  array (
    0 => 
    array (
      0 => 'name',
      1 => 'ASC',
    ),
  ),
  'searchTable' => 'tbl',
  'showField' => 'name',
  'keyField' => 'id',
  'searchField' => 
  array (
    0 => 'name',
  ),
  'name' => '',
)
[ info ] [ LANG ] /Users/work/WEB/fastadmin/public/../application/admin/lang/zh-cn.php
[ info ] [ BEHAVIOR ] Run app\common\behavior\Common @module_init [ RunTime:0.001285s ]
[ info ] [ SESSION ] INIT array (
  'id' => '',
  'var_session_id' => '',
  'prefix' => 'think',
  'type' => '',
  'auto_start' => true,
)
[ info ] [ DB ] INIT mysql
[ info ] [ LANG ] /Users/work/WEB/fastadmin/public/../application/admin/lang/zh-cn/project/info.php
[ info ] [ RUN ] app\admin\controller\project\Info->index[ /Users/work/WEB/fastadmin/application/admin/controller/project/Info.php ]
[ info ] [ BEHAVIOR ] Run app\admin\behavior\AdminLog @app_end [ RunTime:0.062632s ]
[ info ] [ BEHAVIOR ] Run \addons\loginvideo\Loginvideo @response_send [ RunTime:0.000311s ]
[ info ] [ LOG ] INIT File
[ sql ] [ DB ] CONNECT:[ UseTime:0.000747s ] mysql:host=127.0.0.1;dbname=fastadmin;charset=utf8
[ sql ] [ SQL ] SHOW COLUMNS FROM `fa_auth_group_access` [ RunTime:0.001634s ]
[ sql ] [ SQL ] SELECT `aga`.`uid`,`aga`.`group_id`,`ag`.`id`,`ag`.`pid`,`ag`.`name`,`ag`.`rules` FROM `fa_auth_group_access` `aga` LEFT JOIN `fa_auth_group` `ag` ON `aga`.`group_id`=`ag`.`id` WHERE  (  aga.uid='1' and ag.status='normal' ) [ RunTime:0.000566s ]
[ sql ] [ SQL ] SHOW COLUMNS FROM `fa_auth_rule` [ RunTime:0.001059s ]
[ sql ] [ SQL ] SELECT `id`,`pid`,`condition`,`icon`,`name`,`title`,`ismenu` FROM `fa_auth_rule` WHERE  `status` = 'normal' [ RunTime:0.001359s ]
[ sql ] [ SQL ] SHOW COLUMNS FROM `fa_project_info` [ RunTime:0.001160s ]
[ sql ] [ SQL ] SELECT COUNT(*) AS tp_count FROM `fa_project_info` WHERE  (  `name` LIKE '%%' ) LIMIT 1 [ RunTime:0.000428s ]
[ sql ] [ SQL ] SELECT * FROM `fa_project_info` WHERE  (  `name` LIKE '%%' ) ORDER BY `name` ASC LIMIT 0,10 [ RunTime:0.000527s ]
[ sql ] [ SQL ] SHOW COLUMNS FROM `fa_admin_log` [ RunTime:0.001031s ]
[ sql ] [ SQL ] INSERT INTO `fa_admin_log` (`title` , `content` , `url` , `admin_id` , `username` , `useragent` , `ip` , `createtime`) VALUES ('项目管理 项目信息 查看' , '{\"q_word\":[\"\"],\"pageNumber\":\"1\",\"pageSize\":\"10\",\"andOr\":\"AND\",\"orderBy\":[[\"name\",\"ASC\"]],\"searchTable\":\"tbl\",\"showField\":\"name\",\"keyField\":\"id\",\"searchField\":[\"name\"],\"name\":\"\"}' , '/admin/project/info/index' , 1 , 'admin' , 'Mozilla/5.0 (Macintosh; Intel Mac OS X 10_13_6) AppleWebKit/605.1.15 (KHTML, like Gecko) Version/12.1 Safari/605.1.15' , '127.0.0.1' , 1556725864) [ RunTime:0.060928s ]
---------------------------------------------------------------
[ 2019-05-01T23:51:06+08:00 ] 127.0.0.1 POST 127.0.0.1/admin/project/info/index
[运行时间：0.102650s] [吞吐率：9.74req/s] [内存消耗：3,882.15kb] [文件加载：84]
[ info ] [ BEHAVIOR ] Run Closure @app_init [ RunTime:0.000020s ]
[ info ] [ CACHE ] INIT File
[ info ] [ BEHAVIOR ] Run Closure @app_init [ RunTime:0.001571s ]
[ info ] [ LANG ] /Users/work/WEB/fastadmin/thinkphp/lang/zh-cn.php
[ info ] [ ROUTE ] array (
  'type' => 'module',
  'module' => 
  array (
    0 => 'admin',
    1 => 'project.info',
    2 => 'index',
  ),
)
[ info ] [ HEADER ] array (
  'host' => '127.0.0.1',
  'accept' => 'application/json, text/javascript, */*; q=0.01',
  'x-requested-with' => 'XMLHttpRequest',
  'accept-language' => 'zh-cn',
  'accept-encoding' => 'gzip, deflate',
  'content-type' => 'application/x-www-form-urlencoded; charset=UTF-8',
  'origin' => 'http://127.0.0.1',
  'user-agent' => 'Mozilla/5.0 (Macintosh; Intel Mac OS X 10_13_6) AppleWebKit/605.1.15 (KHTML, like Gecko) Version/12.1 Safari/605.1.15',
  'connection' => 'keep-alive',
  'referer' => 'http://127.0.0.1/admin/budget/info/add?dialog=1',
  'content-length' => '171',
  'cookie' => 'PHPSESSID=318fpf3a36acvov8hi56bmtcb9',
)
[ info ] [ PARAM ] array (
  'q_word' => 
  array (
    0 => '',
  ),
  'pageNumber' => '1',
  'pageSize' => '10',
  'andOr' => 'AND',
  'orderBy' => 
  array (
    0 => 
    array (
      0 => 'name',
      1 => 'ASC',
    ),
  ),
  'searchTable' => 'tbl',
  'showField' => 'name',
  'keyField' => 'id',
  'searchField' => 
  array (
    0 => 'name',
  ),
  'name' => '',
)
[ info ] [ LANG ] /Users/work/WEB/fastadmin/public/../application/admin/lang/zh-cn.php
[ info ] [ BEHAVIOR ] Run app\common\behavior\Common @module_init [ RunTime:0.000970s ]
[ info ] [ SESSION ] INIT array (
  'id' => '',
  'var_session_id' => '',
  'prefix' => 'think',
  'type' => '',
  'auto_start' => true,
)
[ info ] [ DB ] INIT mysql
[ info ] [ LANG ] /Users/work/WEB/fastadmin/public/../application/admin/lang/zh-cn/project/info.php
[ info ] [ RUN ] app\admin\controller\project\Info->index[ /Users/work/WEB/fastadmin/application/admin/controller/project/Info.php ]
[ info ] [ BEHAVIOR ] Run app\admin\behavior\AdminLog @app_end [ RunTime:0.065533s ]
[ info ] [ BEHAVIOR ] Run \addons\loginvideo\Loginvideo @response_send [ RunTime:0.000240s ]
[ info ] [ LOG ] INIT File
[ sql ] [ DB ] CONNECT:[ UseTime:0.000672s ] mysql:host=127.0.0.1;dbname=fastadmin;charset=utf8
[ sql ] [ SQL ] SHOW COLUMNS FROM `fa_auth_group_access` [ RunTime:0.001460s ]
[ sql ] [ SQL ] SELECT `aga`.`uid`,`aga`.`group_id`,`ag`.`id`,`ag`.`pid`,`ag`.`name`,`ag`.`rules` FROM `fa_auth_group_access` `aga` LEFT JOIN `fa_auth_group` `ag` ON `aga`.`group_id`=`ag`.`id` WHERE  (  aga.uid='1' and ag.status='normal' ) [ RunTime:0.000524s ]
[ sql ] [ SQL ] SHOW COLUMNS FROM `fa_auth_rule` [ RunTime:0.000982s ]
[ sql ] [ SQL ] SELECT `id`,`pid`,`condition`,`icon`,`name`,`title`,`ismenu` FROM `fa_auth_rule` WHERE  `status` = 'normal' [ RunTime:0.001439s ]
[ sql ] [ SQL ] SHOW COLUMNS FROM `fa_project_info` [ RunTime:0.001219s ]
[ sql ] [ SQL ] SELECT COUNT(*) AS tp_count FROM `fa_project_info` WHERE  (  `name` LIKE '%%' ) LIMIT 1 [ RunTime:0.000449s ]
[ sql ] [ SQL ] SELECT * FROM `fa_project_info` WHERE  (  `name` LIKE '%%' ) ORDER BY `name` ASC LIMIT 0,10 [ RunTime:0.000513s ]
[ sql ] [ SQL ] SHOW COLUMNS FROM `fa_admin_log` [ RunTime:0.000955s ]
[ sql ] [ SQL ] INSERT INTO `fa_admin_log` (`title` , `content` , `url` , `admin_id` , `username` , `useragent` , `ip` , `createtime`) VALUES ('项目管理 项目信息 查看' , '{\"q_word\":[\"\"],\"pageNumber\":\"1\",\"pageSize\":\"10\",\"andOr\":\"AND\",\"orderBy\":[[\"name\",\"ASC\"]],\"searchTable\":\"tbl\",\"showField\":\"name\",\"keyField\":\"id\",\"searchField\":[\"name\"],\"name\":\"\"}' , '/admin/project/info/index' , 1 , 'admin' , 'Mozilla/5.0 (Macintosh; Intel Mac OS X 10_13_6) AppleWebKit/605.1.15 (KHTML, like Gecko) Version/12.1 Safari/605.1.15' , '127.0.0.1' , 1556725866) [ RunTime:0.063988s ]
