---------------------------------------------------------------
[ 2019-05-05T09:43:27+08:00 ] 127.0.0.1 GET 127.0.0.1/
[运行时间：0.452509s] [吞吐率：2.21req/s] [内存消耗：2,279.93kb] [文件加载：69]
[ info ] [ BEHAVIOR ] Run Closure @app_init [ RunTime:0.000000s ]
[ info ] [ CACHE ] INIT File
[ info ] [ BEHAVIOR ] Run Closure @app_init [ RunTime:0.037501s ]
[ info ] [ LANG ] C:\xampp\htdocs\fastadmin\thinkphp\lang\zh-cn.php
[ info ] [ ROUTE ] array (
  'type' => 'module',
  'module' => 
  array (
    0 => '',
    1 => NULL,
    2 => NULL,
  ),
)
[ info ] [ HEADER ] array (
  'host' => '127.0.0.1',
  'connection' => 'keep-alive',
  'upgrade-insecure-requests' => '1',
  'user-agent' => 'Mozilla/5.0 (Windows NT 6.1; WOW64) AppleWebKit/537.36 (KHTML, like Gecko) Chrome/70.0.3538.25 Safari/537.36 Core/1.70.3676.400 QQBrowser/10.4.3469.400',
  'accept' => 'text/html,application/xhtml+xml,application/xml;q=0.9,image/webp,image/apng,*/*;q=0.8',
  'accept-encoding' => 'gzip, deflate, br',
  'accept-language' => 'zh-CN,zh;q=0.9',
  'cookie' => 'PHPSESSID=4lcf8udd7f4iddp19mimvmsjdj',
)
[ info ] [ PARAM ] array (
)
[ info ] [ LANG ] C:\xampp\htdocs\fastadmin\public/../application/index\lang\zh-cn.php
[ info ] [ BEHAVIOR ] Run app\common\behavior\Common @module_init [ RunTime:0.007500s ]
[ info ] [ LANG ] C:\xampp\htdocs\fastadmin\public/../application/index/lang/zh-cn/index.php
[ info ] [ RUN ] app\index\controller\Index->index[ C:\xampp\htdocs\fastadmin\application\index\controller\Index.php ]
[ info ] [ BEHAVIOR ] Run \addons\loginvideo\Loginvideo @response_send [ RunTime:0.000000s ]
[ info ] [ LOG ] INIT File
---------------------------------------------------------------
[ 2019-05-05T09:43:29+08:00 ] 127.0.0.1 GET 127.0.0.1/admin/index
[运行时间：1.620531s] [吞吐率：0.62req/s] [内存消耗：3,765.10kb] [文件加载：94]
[ info ] [ BEHAVIOR ] Run Closure @app_init [ RunTime:0.000000s ]
[ info ] [ CACHE ] INIT File
[ info ] [ BEHAVIOR ] Run Closure @app_init [ RunTime:0.030001s ]
[ info ] [ LANG ] C:\xampp\htdocs\fastadmin\thinkphp\lang\zh-cn.php
[ info ] [ ROUTE ] array (
  'type' => 'module',
  'module' => 
  array (
    0 => 'admin',
    1 => 'index',
    2 => NULL,
  ),
)
[ info ] [ HEADER ] array (
  'host' => '127.0.0.1',
  'connection' => 'keep-alive',
  'upgrade-insecure-requests' => '1',
  'user-agent' => 'Mozilla/5.0 (Windows NT 6.1; WOW64) AppleWebKit/537.36 (KHTML, like Gecko) Chrome/70.0.3538.25 Safari/537.36 Core/1.70.3676.400 QQBrowser/10.4.3469.400',
  'accept' => 'text/html,application/xhtml+xml,application/xml;q=0.9,image/webp,image/apng,*/*;q=0.8',
  'accept-encoding' => 'gzip, deflate, br',
  'accept-language' => 'zh-CN,zh;q=0.9',
  'cookie' => 'PHPSESSID=4lcf8udd7f4iddp19mimvmsjdj',
)
[ info ] [ PARAM ] array (
)
[ info ] [ LANG ] C:\xampp\htdocs\fastadmin\public/../application/admin\lang\zh-cn.php
[ info ] [ BEHAVIOR ] Run app\common\behavior\Common @module_init [ RunTime:0.005000s ]
[ info ] [ SESSION ] INIT array (
  'id' => '',
  'var_session_id' => '',
  'prefix' => 'think',
  'type' => '',
  'auto_start' => true,
)
[ info ] [ LANG ] C:\xampp\htdocs\fastadmin\public/../application/admin/lang/zh-cn/index.php
[ info ] [ RUN ] app\admin\controller\Index->index[ C:\xampp\htdocs\fastadmin\application\admin\controller\Index.php ]
[ info ] [ DB ] INIT mysql
[ info ] [ VIEW ] C:\xampp\htdocs\fastadmin\public/../application/admin\view\index\index.html [ array (
  0 => 'breadcrumb',
  1 => 'site',
  2 => 'config',
  3 => 'auth',
  4 => 'admin',
  5 => 'menulist',
  6 => 'navlist',
  7 => 'fixedmenu',
  8 => 'referermenu',
  9 => 'title',
) ]
[ info ] [ BEHAVIOR ] Run app\admin\behavior\AdminLog @app_end [ RunTime:0.000000s ]
[ info ] [ BEHAVIOR ] Run \addons\loginvideo\Loginvideo @response_send [ RunTime:0.002500s ]
[ info ] [ LOG ] INIT File
[ sql ] [ DB ] CONNECT:[ UseTime:0.080503s ] mysql:host=127.0.0.1;dbname=fastadmin;charset=utf8
[ sql ] [ SQL ] SHOW COLUMNS FROM `fa_auth_group_access` [ RunTime:0.060004s ]
[ sql ] [ SQL ] SELECT `aga`.`uid`,`aga`.`group_id`,`ag`.`id`,`ag`.`pid`,`ag`.`name`,`ag`.`rules` FROM `fa_auth_group_access` `aga` LEFT JOIN `fa_auth_group` `ag` ON `aga`.`group_id`=`ag`.`id` WHERE  (  aga.uid='1' and ag.status='normal' ) [ RunTime:0.212504s ]
[ sql ] [ SQL ] SHOW COLUMNS FROM `fa_auth_rule` [ RunTime:0.125001s ]
[ sql ] [ SQL ] SELECT `id`,`pid`,`condition`,`icon`,`name`,`title`,`ismenu` FROM `fa_auth_rule` WHERE  `status` = 'normal' [ RunTime:0.075002s ]
---------------------------------------------------------------
[ 2019-05-05T09:43:30+08:00 ] 127.0.0.1 GET 127.0.0.1/admin/dashboard?addtabs=1
[运行时间：0.516030s] [吞吐率：1.94req/s] [内存消耗：3,550.90kb] [文件加载：84]
[ info ] [ BEHAVIOR ] Run Closure @app_init [ RunTime:0.000000s ]
[ info ] [ CACHE ] INIT File
[ info ] [ BEHAVIOR ] Run Closure @app_init [ RunTime:0.006001s ]
[ info ] [ LANG ] C:\xampp\htdocs\fastadmin\thinkphp\lang\zh-cn.php
[ info ] [ ROUTE ] array (
  'type' => 'module',
  'module' => 
  array (
    0 => 'admin',
    1 => 'dashboard',
    2 => NULL,
  ),
)
[ info ] [ HEADER ] array (
  'host' => '127.0.0.1',
  'connection' => 'keep-alive',
  'upgrade-insecure-requests' => '1',
  'user-agent' => 'Mozilla/5.0 (Windows NT 6.1; WOW64) AppleWebKit/537.36 (KHTML, like Gecko) Chrome/70.0.3538.25 Safari/537.36 Core/1.70.3676.400 QQBrowser/10.4.3469.400',
  'accept' => 'text/html,application/xhtml+xml,application/xml;q=0.9,image/webp,image/apng,*/*;q=0.8',
  'referer' => 'http://127.0.0.1/admin/index',
  'accept-encoding' => 'gzip, deflate, br',
  'accept-language' => 'zh-CN,zh;q=0.9',
  'cookie' => 'PHPSESSID=4lcf8udd7f4iddp19mimvmsjdj',
)
[ info ] [ PARAM ] array (
  'addtabs' => '1',
)
[ info ] [ LANG ] C:\xampp\htdocs\fastadmin\public/../application/admin\lang\zh-cn.php
[ info ] [ BEHAVIOR ] Run app\common\behavior\Common @module_init [ RunTime:0.004000s ]
[ info ] [ SESSION ] INIT array (
  'id' => '',
  'var_session_id' => '',
  'prefix' => 'think',
  'type' => '',
  'auto_start' => true,
)
[ info ] [ DB ] INIT mysql
[ info ] [ LANG ] C:\xampp\htdocs\fastadmin\public/../application/admin/lang/zh-cn/dashboard.php
[ info ] [ RUN ] app\admin\controller\Dashboard->index[ C:\xampp\htdocs\fastadmin\application\admin\controller\Dashboard.php ]
[ info ] [ VIEW ] C:\xampp\htdocs\fastadmin\public/../application/admin\view\dashboard\index.html [ array (
  0 => 'breadcrumb',
  1 => 'site',
  2 => 'config',
  3 => 'auth',
  4 => 'admin',
  5 => 'totaluser',
  6 => 'totalviews',
  7 => 'totalorder',
  8 => 'totalorderamount',
  9 => 'todayuserlogin',
  10 => 'todayusersignup',
  11 => 'todayorder',
  12 => 'unsettleorder',
  13 => 'sevendnu',
  14 => 'sevendau',
  15 => 'paylist',
  16 => 'createlist',
  17 => 'addonversion',
  18 => 'uploadmode',
) ]
[ info ] [ BEHAVIOR ] Run app\admin\behavior\AdminLog @app_end [ RunTime:0.000000s ]
[ info ] [ BEHAVIOR ] Run \addons\loginvideo\Loginvideo @response_send [ RunTime:0.001000s ]
[ info ] [ LOG ] INIT File
[ sql ] [ DB ] CONNECT:[ UseTime:0.059004s ] mysql:host=127.0.0.1;dbname=fastadmin;charset=utf8
[ sql ] [ SQL ] SHOW COLUMNS FROM `fa_auth_group_access` [ RunTime:0.018001s ]
[ sql ] [ SQL ] SELECT `aga`.`uid`,`aga`.`group_id`,`ag`.`id`,`ag`.`pid`,`ag`.`name`,`ag`.`rules` FROM `fa_auth_group_access` `aga` LEFT JOIN `fa_auth_group` `ag` ON `aga`.`group_id`=`ag`.`id` WHERE  (  aga.uid='1' and ag.status='normal' ) [ RunTime:0.002000s ]
[ sql ] [ SQL ] SHOW COLUMNS FROM `fa_auth_rule` [ RunTime:0.011001s ]
[ sql ] [ SQL ] SELECT `id`,`pid`,`condition`,`icon`,`name`,`title`,`ismenu` FROM `fa_auth_rule` WHERE  `status` = 'normal' [ RunTime:0.003000s ]
[ sql ] [ SQL ] SELECT `title`,`remark` FROM `fa_auth_rule` WHERE  `name` = 'dashboard' LIMIT 1 [ RunTime:0.003000s ]
---------------------------------------------------------------
[ 2019-05-05T09:43:32+08:00 ] 127.0.0.1 GET 127.0.0.1/admin/ajax/lang?callback=define&controllername=index&v=1557020607
[运行时间：0.104006s] [吞吐率：9.61req/s] [内存消耗：2,514.71kb] [文件加载：75]
[ info ] [ BEHAVIOR ] Run Closure @app_init [ RunTime:0.000000s ]
[ info ] [ CACHE ] INIT File
[ info ] [ BEHAVIOR ] Run Closure @app_init [ RunTime:0.006000s ]
[ info ] [ LANG ] C:\xampp\htdocs\fastadmin\thinkphp\lang\zh-cn.php
[ info ] [ ROUTE ] array (
  'type' => 'module',
  'module' => 
  array (
    0 => 'admin',
    1 => 'ajax',
    2 => 'lang',
  ),
)
[ info ] [ HEADER ] array (
  'host' => '127.0.0.1',
  'connection' => 'keep-alive',
  'user-agent' => 'Mozilla/5.0 (Windows NT 6.1; WOW64) AppleWebKit/537.36 (KHTML, like Gecko) Chrome/70.0.3538.25 Safari/537.36 Core/1.70.3676.400 QQBrowser/10.4.3469.400',
  'accept' => '*/*',
  'referer' => 'http://127.0.0.1/admin/index',
  'accept-encoding' => 'gzip, deflate, br',
  'accept-language' => 'zh-CN,zh;q=0.9',
  'cookie' => 'PHPSESSID=4lcf8udd7f4iddp19mimvmsjdj',
)
[ info ] [ PARAM ] array (
  'callback' => 'define',
  'controllername' => 'index',
  'v' => '1557020607',
)
[ info ] [ LANG ] C:\xampp\htdocs\fastadmin\public/../application/admin\lang\zh-cn.php
[ info ] [ BEHAVIOR ] Run app\common\behavior\Common @module_init [ RunTime:0.003000s ]
[ info ] [ SESSION ] INIT array (
  'id' => '',
  'var_session_id' => '',
  'prefix' => 'think',
  'type' => '',
  'auto_start' => true,
)
[ info ] [ LANG ] C:\xampp\htdocs\fastadmin\public/../application/admin/lang/zh-cn/ajax.php
[ info ] [ RUN ] app\admin\controller\Ajax->lang[ C:\xampp\htdocs\fastadmin\application\admin\controller\Ajax.php ]
[ info ] [ LANG ] C:\xampp\htdocs\fastadmin\public/../application/admin/lang/zh-cn/index.php
[ info ] [ BEHAVIOR ] Run app\admin\behavior\AdminLog @app_end [ RunTime:0.000000s ]
[ info ] [ BEHAVIOR ] Run \addons\loginvideo\Loginvideo @response_send [ RunTime:0.001000s ]
[ info ] [ LOG ] INIT File
---------------------------------------------------------------
[ 2019-05-05T09:43:32+08:00 ] 127.0.0.1 GET 127.0.0.1/admin/ajax/lang?callback=define&controllername=dashboard&v=1557020610
[运行时间：0.130004s] [吞吐率：7.69req/s] [内存消耗：2,513.75kb] [文件加载：75]
[ info ] [ BEHAVIOR ] Run Closure @app_init [ RunTime:0.000000s ]
[ info ] [ CACHE ] INIT File
[ info ] [ BEHAVIOR ] Run Closure @app_init [ RunTime:0.010000s ]
[ info ] [ LANG ] C:\xampp\htdocs\fastadmin\thinkphp\lang\zh-cn.php
[ info ] [ ROUTE ] array (
  'type' => 'module',
  'module' => 
  array (
    0 => 'admin',
    1 => 'ajax',
    2 => 'lang',
  ),
)
[ info ] [ HEADER ] array (
  'host' => '127.0.0.1',
  'connection' => 'keep-alive',
  'user-agent' => 'Mozilla/5.0 (Windows NT 6.1; WOW64) AppleWebKit/537.36 (KHTML, like Gecko) Chrome/70.0.3538.25 Safari/537.36 Core/1.70.3676.400 QQBrowser/10.4.3469.400',
  'accept' => '*/*',
  'referer' => 'http://127.0.0.1/admin/dashboard?addtabs=1',
  'accept-encoding' => 'gzip, deflate, br',
  'accept-language' => 'zh-CN,zh;q=0.9',
  'cookie' => 'PHPSESSID=4lcf8udd7f4iddp19mimvmsjdj',
)
[ info ] [ PARAM ] array (
  'callback' => 'define',
  'controllername' => 'dashboard',
  'v' => '1557020610',
)
[ info ] [ LANG ] C:\xampp\htdocs\fastadmin\public/../application/admin\lang\zh-cn.php
[ info ] [ BEHAVIOR ] Run app\common\behavior\Common @module_init [ RunTime:0.015001s ]
[ info ] [ SESSION ] INIT array (
  'id' => '',
  'var_session_id' => '',
  'prefix' => 'think',
  'type' => '',
  'auto_start' => true,
)
[ info ] [ LANG ] C:\xampp\htdocs\fastadmin\public/../application/admin/lang/zh-cn/ajax.php
[ info ] [ RUN ] app\admin\controller\Ajax->lang[ C:\xampp\htdocs\fastadmin\application\admin\controller\Ajax.php ]
[ info ] [ LANG ] C:\xampp\htdocs\fastadmin\public/../application/admin/lang/zh-cn/dashboard.php
[ info ] [ BEHAVIOR ] Run app\admin\behavior\AdminLog @app_end [ RunTime:0.002500s ]
[ info ] [ BEHAVIOR ] Run \addons\loginvideo\Loginvideo @response_send [ RunTime:0.000000s ]
[ info ] [ LOG ] INIT File
---------------------------------------------------------------
[ 2019-05-05T09:43:38+08:00 ] 127.0.0.1 GET 127.0.0.1/admin/company/bill?addtabs=1
[运行时间：0.271015s] [吞吐率：3.69req/s] [内存消耗：3,495.45kb] [文件加载：83]
[ info ] [ BEHAVIOR ] Run Closure @app_init [ RunTime:0.001000s ]
[ info ] [ CACHE ] INIT File
[ info ] [ BEHAVIOR ] Run Closure @app_init [ RunTime:0.007000s ]
[ info ] [ LANG ] C:\xampp\htdocs\fastadmin\thinkphp\lang\zh-cn.php
[ info ] [ ROUTE ] array (
  'type' => 'module',
  'module' => 
  array (
    0 => 'admin',
    1 => 'company.bill',
    2 => NULL,
  ),
)
[ info ] [ HEADER ] array (
  'host' => '127.0.0.1',
  'connection' => 'keep-alive',
  'upgrade-insecure-requests' => '1',
  'user-agent' => 'Mozilla/5.0 (Windows NT 6.1; WOW64) AppleWebKit/537.36 (KHTML, like Gecko) Chrome/70.0.3538.25 Safari/537.36 Core/1.70.3676.400 QQBrowser/10.4.3469.400',
  'accept' => 'text/html,application/xhtml+xml,application/xml;q=0.9,image/webp,image/apng,*/*;q=0.8',
  'referer' => 'http://127.0.0.1/admin/company/bill?ref=addtabs',
  'accept-encoding' => 'gzip, deflate, br',
  'accept-language' => 'zh-CN,zh;q=0.9',
  'cookie' => 'PHPSESSID=4lcf8udd7f4iddp19mimvmsjdj',
)
[ info ] [ PARAM ] array (
  'addtabs' => '1',
)
[ info ] [ LANG ] C:\xampp\htdocs\fastadmin\public/../application/admin\lang\zh-cn.php
[ info ] [ BEHAVIOR ] Run app\common\behavior\Common @module_init [ RunTime:0.005000s ]
[ info ] [ SESSION ] INIT array (
  'id' => '',
  'var_session_id' => '',
  'prefix' => 'think',
  'type' => '',
  'auto_start' => true,
)
[ info ] [ DB ] INIT mysql
[ info ] [ LANG ] C:\xampp\htdocs\fastadmin\public/../application/admin/lang/zh-cn/company/bill.php
[ info ] [ RUN ] app\admin\controller\company\Bill->index[ C:\xampp\htdocs\fastadmin\application\admin\controller\company\Bill.php ]
[ info ] [ VIEW ] C:\xampp\htdocs\fastadmin\public/../application/admin\view\company\bill\index.html [ array (
  0 => 'breadcrumb',
  1 => 'site',
  2 => 'config',
  3 => 'auth',
  4 => 'admin',
) ]
[ info ] [ BEHAVIOR ] Run app\admin\behavior\AdminLog @app_end [ RunTime:0.001000s ]
[ info ] [ BEHAVIOR ] Run \addons\loginvideo\Loginvideo @response_send [ RunTime:0.001000s ]
[ info ] [ LOG ] INIT File
[ sql ] [ DB ] CONNECT:[ UseTime:0.002000s ] mysql:host=127.0.0.1;dbname=fastadmin;charset=utf8
[ sql ] [ SQL ] SHOW COLUMNS FROM `fa_auth_group_access` [ RunTime:0.013001s ]
[ sql ] [ SQL ] SELECT `aga`.`uid`,`aga`.`group_id`,`ag`.`id`,`ag`.`pid`,`ag`.`name`,`ag`.`rules` FROM `fa_auth_group_access` `aga` LEFT JOIN `fa_auth_group` `ag` ON `aga`.`group_id`=`ag`.`id` WHERE  (  aga.uid='1' and ag.status='normal' ) [ RunTime:0.001000s ]
[ sql ] [ SQL ] SHOW COLUMNS FROM `fa_auth_rule` [ RunTime:0.011000s ]
[ sql ] [ SQL ] SELECT `id`,`pid`,`condition`,`icon`,`name`,`title`,`ismenu` FROM `fa_auth_rule` WHERE  `status` = 'normal' [ RunTime:0.002000s ]
[ sql ] [ SQL ] SELECT `title`,`remark` FROM `fa_auth_rule` WHERE  `name` = 'company/bill' LIMIT 1 [ RunTime:0.001000s ]
---------------------------------------------------------------
[ 2019-05-05T09:43:39+08:00 ] 127.0.0.1 GET 127.0.0.1/admin/ajax/lang?callback=define&controllername=company.bill&v=1557020618
[运行时间：0.137008s] [吞吐率：7.30req/s] [内存消耗：2,512.01kb] [文件加载：75]
[ info ] [ BEHAVIOR ] Run Closure @app_init [ RunTime:0.001000s ]
[ info ] [ CACHE ] INIT File
[ info ] [ BEHAVIOR ] Run Closure @app_init [ RunTime:0.009001s ]
[ info ] [ LANG ] C:\xampp\htdocs\fastadmin\thinkphp\lang\zh-cn.php
[ info ] [ ROUTE ] array (
  'type' => 'module',
  'module' => 
  array (
    0 => 'admin',
    1 => 'ajax',
    2 => 'lang',
  ),
)
[ info ] [ HEADER ] array (
  'host' => '127.0.0.1',
  'connection' => 'keep-alive',
  'user-agent' => 'Mozilla/5.0 (Windows NT 6.1; WOW64) AppleWebKit/537.36 (KHTML, like Gecko) Chrome/70.0.3538.25 Safari/537.36 Core/1.70.3676.400 QQBrowser/10.4.3469.400',
  'accept' => '*/*',
  'referer' => 'http://127.0.0.1/admin/company/bill?addtabs=1',
  'accept-encoding' => 'gzip, deflate, br',
  'accept-language' => 'zh-CN,zh;q=0.9',
  'cookie' => 'PHPSESSID=4lcf8udd7f4iddp19mimvmsjdj',
)
[ info ] [ PARAM ] array (
  'callback' => 'define',
  'controllername' => 'company.bill',
  'v' => '1557020618',
)
[ info ] [ LANG ] C:\xampp\htdocs\fastadmin\public/../application/admin\lang\zh-cn.php
[ info ] [ BEHAVIOR ] Run app\common\behavior\Common @module_init [ RunTime:0.005000s ]
[ info ] [ SESSION ] INIT array (
  'id' => '',
  'var_session_id' => '',
  'prefix' => 'think',
  'type' => '',
  'auto_start' => true,
)
[ info ] [ LANG ] C:\xampp\htdocs\fastadmin\public/../application/admin/lang/zh-cn/ajax.php
[ info ] [ RUN ] app\admin\controller\Ajax->lang[ C:\xampp\htdocs\fastadmin\application\admin\controller\Ajax.php ]
[ info ] [ LANG ] C:\xampp\htdocs\fastadmin\public/../application/admin/lang/zh-cn/company/bill.php
[ info ] [ BEHAVIOR ] Run app\admin\behavior\AdminLog @app_end [ RunTime:0.001000s ]
[ info ] [ BEHAVIOR ] Run \addons\loginvideo\Loginvideo @response_send [ RunTime:0.000000s ]
[ info ] [ LOG ] INIT File
---------------------------------------------------------------
[ 2019-05-05T09:43:41+08:00 ] 127.0.0.1 GET 127.0.0.1/admin/company/bill/index?sort=id&order=desc&offset=0&limit=10&filter=%7B%7D&op=%7B%7D&_=1557020619489
[运行时间：0.613035s] [吞吐率：1.63req/s] [内存消耗：3,758.70kb] [文件加载：92]
[ info ] [ BEHAVIOR ] Run Closure @app_init [ RunTime:0.000000s ]
[ info ] [ CACHE ] INIT File
[ info ] [ BEHAVIOR ] Run Closure @app_init [ RunTime:0.008000s ]
[ info ] [ LANG ] C:\xampp\htdocs\fastadmin\thinkphp\lang\zh-cn.php
[ info ] [ ROUTE ] array (
  'type' => 'module',
  'module' => 
  array (
    0 => 'admin',
    1 => 'company.bill',
    2 => 'index',
  ),
)
[ info ] [ HEADER ] array (
  'host' => '127.0.0.1',
  'connection' => 'keep-alive',
  'accept' => 'application/json, text/javascript, */*; q=0.01',
  'x-requested-with' => 'XMLHttpRequest',
  'user-agent' => 'Mozilla/5.0 (Windows NT 6.1; WOW64) AppleWebKit/537.36 (KHTML, like Gecko) Chrome/70.0.3538.25 Safari/537.36 Core/1.70.3676.400 QQBrowser/10.4.3469.400',
  'content-type' => 'application/json',
  'referer' => 'http://127.0.0.1/admin/company/bill?addtabs=1',
  'accept-encoding' => 'gzip, deflate, br',
  'accept-language' => 'zh-CN,zh;q=0.9',
  'cookie' => 'PHPSESSID=4lcf8udd7f4iddp19mimvmsjdj',
)
[ info ] [ PARAM ] array (
  'sort' => 'id',
  'order' => 'desc',
  'offset' => '0',
  'limit' => '10',
  'filter' => '{}',
  'op' => '{}',
  '_' => '1557020619489',
)
[ info ] [ LANG ] C:\xampp\htdocs\fastadmin\public/../application/admin\lang\zh-cn.php
[ info ] [ BEHAVIOR ] Run app\common\behavior\Common @module_init [ RunTime:0.004000s ]
[ info ] [ SESSION ] INIT array (
  'id' => '',
  'var_session_id' => '',
  'prefix' => 'think',
  'type' => '',
  'auto_start' => true,
)
[ info ] [ DB ] INIT mysql
[ info ] [ LANG ] C:\xampp\htdocs\fastadmin\public/../application/admin/lang/zh-cn/company/bill.php
[ info ] [ RUN ] app\admin\controller\company\Bill->index[ C:\xampp\htdocs\fastadmin\application\admin\controller\company\Bill.php ]
[ info ] [ BEHAVIOR ] Run app\admin\behavior\AdminLog @app_end [ RunTime:0.000000s ]
[ info ] [ BEHAVIOR ] Run \addons\loginvideo\Loginvideo @response_send [ RunTime:0.000000s ]
[ info ] [ LOG ] INIT File
[ sql ] [ DB ] CONNECT:[ UseTime:0.010000s ] mysql:host=127.0.0.1;dbname=fastadmin;charset=utf8
[ sql ] [ SQL ] SHOW COLUMNS FROM `fa_auth_group_access` [ RunTime:0.025002s ]
[ sql ] [ SQL ] SELECT `aga`.`uid`,`aga`.`group_id`,`ag`.`id`,`ag`.`pid`,`ag`.`name`,`ag`.`rules` FROM `fa_auth_group_access` `aga` LEFT JOIN `fa_auth_group` `ag` ON `aga`.`group_id`=`ag`.`id` WHERE  (  aga.uid='1' and ag.status='normal' ) [ RunTime:0.002000s ]
[ sql ] [ SQL ] SHOW COLUMNS FROM `fa_auth_rule` [ RunTime:0.013000s ]
[ sql ] [ SQL ] SELECT `id`,`pid`,`condition`,`icon`,`name`,`title`,`ismenu` FROM `fa_auth_rule` WHERE  `status` = 'normal' [ RunTime:0.005001s ]
[ sql ] [ SQL ] SHOW COLUMNS FROM `fa_company_bill` [ RunTime:0.056004s ]
[ sql ] [ SQL ] SHOW COLUMNS FROM `fa_project_info` [ RunTime:0.084004s ]
[ sql ] [ SQL ] SHOW COLUMNS FROM `fa_project_section` [ RunTime:0.048003s ]
[ sql ] [ SQL ] SHOW COLUMNS FROM `fa_company_info` [ RunTime:0.032002s ]
[ sql ] [ SQL ] SHOW COLUMNS FROM `fa_admin` [ RunTime:0.048002s ]
[ sql ] [ SQL ] SELECT COUNT(*) AS tp_count FROM `fa_company_bill` `company_bill` LEFT JOIN `fa_project_info` `projectInfo` ON `company_bill`.`project_info_id`=`projectInfo`.`id` LEFT JOIN `fa_project_section` `projectSection` ON `company_bill`.`project_section_id`=`projectSection`.`id` LEFT JOIN `fa_company_info` `companyInfo` ON `company_bill`.`company_info_id`=`companyInfo`.`id` LEFT JOIN `fa_admin` `admin` ON `company_bill`.`amdin_id`=`admin`.`id` ORDER BY `company_bill`.`id` DESC LIMIT 1 [ RunTime:0.002001s ]
[ sql ] [ SQL ] SELECT `company_bill`.`id`,`company_bill`.`project_info_id`,`company_bill`.`project_section_id`,`company_bill`.`company_info_id`,`company_bill`.`starttime`,`company_bill`.`endtime`,`company_bill`.`payment`,`company_bill`.`unpayment`,`company_bill`.`uploadimages`,`company_bill`.`remarkcontent`,`company_bill`.`createtime`,`company_bill`.`updatetime`,`company_bill`.`amdin_id`,`company_bill`.`contacts`,`company_bill`.`phone`,projectInfo.id AS projectInfo__id,projectInfo.name AS projectInfo__name,projectInfo.short AS projectInfo__short,projectInfo.category_id AS projectInfo__category_id,projectInfo.price AS projectInfo__price,projectInfo.starttime AS projectInfo__starttime,projectInfo.days AS projectInfo__days,projectInfo.city AS projectInfo__city,projectInfo.address AS projectInfo__address,projectInfo.surveycontent AS projectInfo__surveycontent,projectInfo.project_construct_id AS projectInfo__project_construct_id,projectInfo.build_contactsname AS projectInfo__build_contactsname,projectInfo.build_phone AS projectInfo__build_phone,projectInfo.project_supervision_id AS projectInfo__project_supervision_id,projectInfo.supervision_contactsname AS projectInfo__supervision_contactsname,projectInfo.supervision_phone AS projectInfo__supervision_phone,projectInfo.remarkcontent AS projectInfo__remarkcontent,projectInfo.createtime AS projectInfo__createtime,projectInfo.updatetime AS projectInfo__updatetime,projectInfo.admin_id AS projectInfo__admin_id,projectSection.id AS projectSection__id,projectSection.project_info_id AS projectSection__project_info_id,projectSection.project_manager_id AS projectSection__project_manager_id,projectSection.name AS projectSection__name,projectSection.price AS projectSection__price,projectSection.surveycontent AS projectSection__surveycontent,projectSection.remarkcontent AS projectSection__remarkcontent,projectSection.createtime AS projectSection__createtime,projectSection.updatetime AS projectSection__updatetime,projectSection.admin_id AS projectSection__admin_id,companyInfo.id AS companyInfo__id,companyInfo.name AS companyInfo__name,companyInfo.code AS companyInfo__code,companyInfo.type AS companyInfo__type,companyInfo.status AS companyInfo__status,companyInfo.regCapital AS companyInfo__regCapital,companyInfo.scope AS companyInfo__scope,companyInfo.address AS companyInfo__address,companyInfo.contacts AS companyInfo__contacts,companyInfo.phone AS companyInfo__phone,companyInfo.payname AS companyInfo__payname,companyInfo.account AS companyInfo__account,companyInfo.bankname AS companyInfo__bankname,companyInfo.uploadimages AS companyInfo__uploadimages,companyInfo.remarkcontent AS companyInfo__remarkcontent,companyInfo.createtime AS companyInfo__createtime,companyInfo.updatetime AS companyInfo__updatetime,companyInfo.admin_id AS companyInfo__admin_id,admin.id AS admin__id,admin.username AS admin__username,admin.nickname AS admin__nickname,admin.password AS admin__password,admin.salt AS admin__salt,admin.avatar AS admin__avatar,admin.email AS admin__email,admin.loginfailure AS admin__loginfailure,admin.logintime AS admin__logintime,admin.createtime AS admin__createtime,admin.updatetime AS admin__updatetime,admin.token AS admin__token,admin.status AS admin__status FROM `fa_company_bill` `company_bill` LEFT JOIN `fa_project_info` `projectInfo` ON `company_bill`.`project_info_id`=`projectInfo`.`id` LEFT JOIN `fa_project_section` `projectSection` ON `company_bill`.`project_section_id`=`projectSection`.`id` LEFT JOIN `fa_company_info` `companyInfo` ON `company_bill`.`company_info_id`=`companyInfo`.`id` LEFT JOIN `fa_admin` `admin` ON `company_bill`.`amdin_id`=`admin`.`id` ORDER BY `company_bill`.`id` DESC LIMIT 0,10 [ RunTime:0.003000s ]
---------------------------------------------------------------
[ 2019-05-05T10:40:59+08:00 ] 127.0.0.1 GET 127.0.0.1/admin/general/profile?addtabs=1
[运行时间：0.324019s] [吞吐率：3.09req/s] [内存消耗：3,651.90kb] [文件加载：84]
[ info ] [ BEHAVIOR ] Run Closure @app_init [ RunTime:0.000000s ]
[ info ] [ CACHE ] INIT File
[ info ] [ BEHAVIOR ] Run Closure @app_init [ RunTime:0.012001s ]
[ info ] [ LANG ] C:\xampp\htdocs\fastadmin\thinkphp\lang\zh-cn.php
[ info ] [ ROUTE ] array (
  'type' => 'module',
  'module' => 
  array (
    0 => 'admin',
    1 => 'general.profile',
    2 => NULL,
  ),
)
[ info ] [ HEADER ] array (
  'host' => '127.0.0.1',
  'connection' => 'keep-alive',
  'upgrade-insecure-requests' => '1',
  'user-agent' => 'Mozilla/5.0 (Windows NT 6.1; WOW64) AppleWebKit/537.36 (KHTML, like Gecko) Chrome/70.0.3538.25 Safari/537.36 Core/1.70.3676.400 QQBrowser/10.4.3469.400',
  'accept' => 'text/html,application/xhtml+xml,application/xml;q=0.9,image/webp,image/apng,*/*;q=0.8',
  'referer' => 'http://127.0.0.1/admin/general/profile?ref=addtabs',
  'accept-encoding' => 'gzip, deflate, br',
  'accept-language' => 'zh-CN,zh;q=0.9',
  'cookie' => 'PHPSESSID=4lcf8udd7f4iddp19mimvmsjdj',
)
[ info ] [ PARAM ] array (
  'addtabs' => '1',
)
[ info ] [ LANG ] C:\xampp\htdocs\fastadmin\public/../application/admin\lang\zh-cn.php
[ info ] [ BEHAVIOR ] Run app\common\behavior\Common @module_init [ RunTime:0.013001s ]
[ info ] [ SESSION ] INIT array (
  'id' => '',
  'var_session_id' => '',
  'prefix' => 'think',
  'type' => '',
  'auto_start' => true,
)
[ info ] [ DB ] INIT mysql
[ info ] [ LANG ] C:\xampp\htdocs\fastadmin\public/../application/admin/lang/zh-cn/general/profile.php
[ info ] [ RUN ] app\admin\controller\general\Profile->index[ C:\xampp\htdocs\fastadmin\application\admin\controller\general\Profile.php ]
[ info ] [ VIEW ] C:\xampp\htdocs\fastadmin\public/../application/admin\view\general\profile\index.html [ array (
  0 => 'breadcrumb',
  1 => 'site',
  2 => 'config',
  3 => 'auth',
  4 => 'admin',
) ]
[ info ] [ BEHAVIOR ] Run app\admin\behavior\AdminLog @app_end [ RunTime:0.000000s ]
[ info ] [ BEHAVIOR ] Run \addons\loginvideo\Loginvideo @response_send [ RunTime:0.001000s ]
[ info ] [ LOG ] INIT File
[ sql ] [ DB ] CONNECT:[ UseTime:0.002000s ] mysql:host=127.0.0.1;dbname=fastadmin;charset=utf8
[ sql ] [ SQL ] SHOW COLUMNS FROM `fa_auth_group_access` [ RunTime:0.011001s ]
[ sql ] [ SQL ] SELECT `aga`.`uid`,`aga`.`group_id`,`ag`.`id`,`ag`.`pid`,`ag`.`name`,`ag`.`rules` FROM `fa_auth_group_access` `aga` LEFT JOIN `fa_auth_group` `ag` ON `aga`.`group_id`=`ag`.`id` WHERE  (  aga.uid='1' and ag.status='normal' ) [ RunTime:0.001000s ]
[ sql ] [ SQL ] SHOW COLUMNS FROM `fa_auth_rule` [ RunTime:0.011001s ]
[ sql ] [ SQL ] SELECT `id`,`pid`,`condition`,`icon`,`name`,`title`,`ismenu` FROM `fa_auth_rule` WHERE  `status` = 'normal' [ RunTime:0.003000s ]
---------------------------------------------------------------
[ 2019-05-05T10:41:00+08:00 ] 127.0.0.1 GET 127.0.0.1/admin/ajax/lang?callback=define&controllername=general.profile&v=1557024059
[运行时间：0.074005s] [吞吐率：13.51req/s] [内存消耗：2,511.24kb] [文件加载：75]
[ info ] [ BEHAVIOR ] Run Closure @app_init [ RunTime:0.000000s ]
[ info ] [ CACHE ] INIT File
[ info ] [ BEHAVIOR ] Run Closure @app_init [ RunTime:0.006000s ]
[ info ] [ LANG ] C:\xampp\htdocs\fastadmin\thinkphp\lang\zh-cn.php
[ info ] [ ROUTE ] array (
  'type' => 'module',
  'module' => 
  array (
    0 => 'admin',
    1 => 'ajax',
    2 => 'lang',
  ),
)
[ info ] [ HEADER ] array (
  'host' => '127.0.0.1',
  'connection' => 'keep-alive',
  'user-agent' => 'Mozilla/5.0 (Windows NT 6.1; WOW64) AppleWebKit/537.36 (KHTML, like Gecko) Chrome/70.0.3538.25 Safari/537.36 Core/1.70.3676.400 QQBrowser/10.4.3469.400',
  'accept' => '*/*',
  'referer' => 'http://127.0.0.1/admin/general/profile?addtabs=1',
  'accept-encoding' => 'gzip, deflate, br',
  'accept-language' => 'zh-CN,zh;q=0.9',
  'cookie' => 'PHPSESSID=4lcf8udd7f4iddp19mimvmsjdj',
)
[ info ] [ PARAM ] array (
  'callback' => 'define',
  'controllername' => 'general.profile',
  'v' => '1557024059',
)
[ info ] [ LANG ] C:\xampp\htdocs\fastadmin\public/../application/admin\lang\zh-cn.php
[ info ] [ BEHAVIOR ] Run app\common\behavior\Common @module_init [ RunTime:0.004000s ]
[ info ] [ SESSION ] INIT array (
  'id' => '',
  'var_session_id' => '',
  'prefix' => 'think',
  'type' => '',
  'auto_start' => true,
)
[ info ] [ LANG ] C:\xampp\htdocs\fastadmin\public/../application/admin/lang/zh-cn/ajax.php
[ info ] [ RUN ] app\admin\controller\Ajax->lang[ C:\xampp\htdocs\fastadmin\application\admin\controller\Ajax.php ]
[ info ] [ LANG ] C:\xampp\htdocs\fastadmin\public/../application/admin/lang/zh-cn/general/profile.php
[ info ] [ BEHAVIOR ] Run app\admin\behavior\AdminLog @app_end [ RunTime:0.001000s ]
[ info ] [ BEHAVIOR ] Run \addons\loginvideo\Loginvideo @response_send [ RunTime:0.000000s ]
[ info ] [ LOG ] INIT File
---------------------------------------------------------------
[ 2019-05-05T10:41:01+08:00 ] 127.0.0.1 GET 127.0.0.1/admin/general/profile/index?sort=id&order=desc&offset=0&limit=10&_=1557024060495
[运行时间：0.413024s] [吞吐率：2.42req/s] [内存消耗：3,498.59kb] [文件加载：83]
[ info ] [ BEHAVIOR ] Run Closure @app_init [ RunTime:0.000000s ]
[ info ] [ CACHE ] INIT File
[ info ] [ BEHAVIOR ] Run Closure @app_init [ RunTime:0.011001s ]
[ info ] [ LANG ] C:\xampp\htdocs\fastadmin\thinkphp\lang\zh-cn.php
[ info ] [ ROUTE ] array (
  'type' => 'module',
  'module' => 
  array (
    0 => 'admin',
    1 => 'general.profile',
    2 => 'index',
  ),
)
[ info ] [ HEADER ] array (
  'host' => '127.0.0.1',
  'connection' => 'keep-alive',
  'accept' => 'application/json, text/javascript, */*; q=0.01',
  'x-requested-with' => 'XMLHttpRequest',
  'user-agent' => 'Mozilla/5.0 (Windows NT 6.1; WOW64) AppleWebKit/537.36 (KHTML, like Gecko) Chrome/70.0.3538.25 Safari/537.36 Core/1.70.3676.400 QQBrowser/10.4.3469.400',
  'content-type' => 'application/json',
  'referer' => 'http://127.0.0.1/admin/general/profile?addtabs=1',
  'accept-encoding' => 'gzip, deflate, br',
  'accept-language' => 'zh-CN,zh;q=0.9',
  'cookie' => 'PHPSESSID=4lcf8udd7f4iddp19mimvmsjdj',
)
[ info ] [ PARAM ] array (
  'sort' => 'id',
  'order' => 'desc',
  'offset' => '0',
  'limit' => '10',
  '_' => '1557024060495',
)
[ info ] [ LANG ] C:\xampp\htdocs\fastadmin\public/../application/admin\lang\zh-cn.php
[ info ] [ BEHAVIOR ] Run app\common\behavior\Common @module_init [ RunTime:0.010000s ]
[ info ] [ SESSION ] INIT array (
  'id' => '',
  'var_session_id' => '',
  'prefix' => 'think',
  'type' => '',
  'auto_start' => true,
)
[ info ] [ DB ] INIT mysql
[ info ] [ LANG ] C:\xampp\htdocs\fastadmin\public/../application/admin/lang/zh-cn/general/profile.php
[ info ] [ RUN ] app\admin\controller\general\Profile->index[ C:\xampp\htdocs\fastadmin\application\admin\controller\general\Profile.php ]
[ info ] [ BEHAVIOR ] Run app\admin\behavior\AdminLog @app_end [ RunTime:0.002000s ]
[ info ] [ BEHAVIOR ] Run \addons\loginvideo\Loginvideo @response_send [ RunTime:0.001000s ]
[ info ] [ LOG ] INIT File
[ sql ] [ DB ] CONNECT:[ UseTime:0.012001s ] mysql:host=127.0.0.1;dbname=fastadmin;charset=utf8
[ sql ] [ SQL ] SHOW COLUMNS FROM `fa_auth_group_access` [ RunTime:0.012000s ]
[ sql ] [ SQL ] SELECT `aga`.`uid`,`aga`.`group_id`,`ag`.`id`,`ag`.`pid`,`ag`.`name`,`ag`.`rules` FROM `fa_auth_group_access` `aga` LEFT JOIN `fa_auth_group` `ag` ON `aga`.`group_id`=`ag`.`id` WHERE  (  aga.uid='1' and ag.status='normal' ) [ RunTime:0.010001s ]
[ sql ] [ SQL ] SHOW COLUMNS FROM `fa_auth_rule` [ RunTime:0.014001s ]
[ sql ] [ SQL ] SELECT `id`,`pid`,`condition`,`icon`,`name`,`title`,`ismenu` FROM `fa_auth_rule` WHERE  `status` = 'normal' [ RunTime:0.006000s ]
[ sql ] [ SQL ] SHOW COLUMNS FROM `fa_admin_log` [ RunTime:0.052002s ]
[ sql ] [ SQL ] SELECT COUNT(*) AS tp_count FROM `fa_admin_log` WHERE  `admin_id` = 1 ORDER BY `id` DESC LIMIT 1 [ RunTime:0.035002s ]
[ sql ] [ SQL ] SELECT * FROM `fa_admin_log` WHERE  `admin_id` = 1 ORDER BY `id` DESC LIMIT 0,10 [ RunTime:0.002001s ]
---------------------------------------------------------------
[ 2019-05-05T12:53:00+08:00 ] 127.0.0.1 GET 127.0.0.1/admin/company/info?addtabs=1
[运行时间：0.182010s] [吞吐率：5.49req/s] [内存消耗：3,557.09kb] [文件加载：83]
[ info ] [ BEHAVIOR ] Run Closure @app_init [ RunTime:0.000000s ]
[ info ] [ CACHE ] INIT File
[ info ] [ BEHAVIOR ] Run Closure @app_init [ RunTime:0.013001s ]
[ info ] [ LANG ] C:\xampp\htdocs\fastadmin\thinkphp\lang\zh-cn.php
[ info ] [ ROUTE ] array (
  'type' => 'module',
  'module' => 
  array (
    0 => 'admin',
    1 => 'company.info',
    2 => NULL,
  ),
)
[ info ] [ HEADER ] array (
  'host' => '127.0.0.1',
  'connection' => 'keep-alive',
  'upgrade-insecure-requests' => '1',
  'user-agent' => 'Mozilla/5.0 (Windows NT 6.1; WOW64) AppleWebKit/537.36 (KHTML, like Gecko) Chrome/70.0.3538.25 Safari/537.36 Core/1.70.3676.400 QQBrowser/10.4.3469.400',
  'accept' => 'text/html,application/xhtml+xml,application/xml;q=0.9,image/webp,image/apng,*/*;q=0.8',
  'referer' => 'http://127.0.0.1/admin/company/info?ref=addtabs',
  'accept-encoding' => 'gzip, deflate, br',
  'accept-language' => 'zh-CN,zh;q=0.9',
  'cookie' => 'PHPSESSID=4lcf8udd7f4iddp19mimvmsjdj',
)
[ info ] [ PARAM ] array (
  'addtabs' => '1',
)
[ info ] [ LANG ] C:\xampp\htdocs\fastadmin\public/../application/admin\lang\zh-cn.php
[ info ] [ BEHAVIOR ] Run app\common\behavior\Common @module_init [ RunTime:0.004000s ]
[ info ] [ SESSION ] INIT array (
  'id' => '',
  'var_session_id' => '',
  'prefix' => 'think',
  'type' => '',
  'auto_start' => true,
)
[ info ] [ DB ] INIT mysql
[ info ] [ LANG ] C:\xampp\htdocs\fastadmin\public/../application/admin/lang/zh-cn/company/info.php
[ info ] [ RUN ] app\admin\controller\company\Info->index[ C:\xampp\htdocs\fastadmin\application\admin\controller\company\Info.php ]
[ info ] [ VIEW ] C:\xampp\htdocs\fastadmin\public/../application/admin\view\company\info\index.html [ array (
  0 => 'breadcrumb',
  1 => 'site',
  2 => 'config',
  3 => 'auth',
  4 => 'admin',
) ]
[ info ] [ BEHAVIOR ] Run app\admin\behavior\AdminLog @app_end [ RunTime:0.000000s ]
[ info ] [ BEHAVIOR ] Run \addons\loginvideo\Loginvideo @response_send [ RunTime:0.001000s ]
[ info ] [ LOG ] INIT File
[ sql ] [ DB ] CONNECT:[ UseTime:0.001000s ] mysql:host=127.0.0.1;dbname=fastadmin;charset=utf8
[ sql ] [ SQL ] SHOW COLUMNS FROM `fa_auth_group_access` [ RunTime:0.011001s ]
[ sql ] [ SQL ] SELECT `aga`.`uid`,`aga`.`group_id`,`ag`.`id`,`ag`.`pid`,`ag`.`name`,`ag`.`rules` FROM `fa_auth_group_access` `aga` LEFT JOIN `fa_auth_group` `ag` ON `aga`.`group_id`=`ag`.`id` WHERE  (  aga.uid='1' and ag.status='normal' ) [ RunTime:0.001000s ]
[ sql ] [ SQL ] SHOW COLUMNS FROM `fa_auth_rule` [ RunTime:0.008000s ]
[ sql ] [ SQL ] SELECT `id`,`pid`,`condition`,`icon`,`name`,`title`,`ismenu` FROM `fa_auth_rule` WHERE  `status` = 'normal' [ RunTime:0.004001s ]
---------------------------------------------------------------
[ 2019-05-05T12:53:01+08:00 ] 127.0.0.1 GET 127.0.0.1/admin/ajax/lang?callback=define&controllername=company.info&v=1557031980
[运行时间：0.097006s] [吞吐率：10.31req/s] [内存消耗：2,511.81kb] [文件加载：75]
[ info ] [ BEHAVIOR ] Run Closure @app_init [ RunTime:0.000000s ]
[ info ] [ CACHE ] INIT File
[ info ] [ BEHAVIOR ] Run Closure @app_init [ RunTime:0.007000s ]
[ info ] [ LANG ] C:\xampp\htdocs\fastadmin\thinkphp\lang\zh-cn.php
[ info ] [ ROUTE ] array (
  'type' => 'module',
  'module' => 
  array (
    0 => 'admin',
    1 => 'ajax',
    2 => 'lang',
  ),
)
[ info ] [ HEADER ] array (
  'host' => '127.0.0.1',
  'connection' => 'keep-alive',
  'user-agent' => 'Mozilla/5.0 (Windows NT 6.1; WOW64) AppleWebKit/537.36 (KHTML, like Gecko) Chrome/70.0.3538.25 Safari/537.36 Core/1.70.3676.400 QQBrowser/10.4.3469.400',
  'accept' => '*/*',
  'referer' => 'http://127.0.0.1/admin/company/info?addtabs=1',
  'accept-encoding' => 'gzip, deflate, br',
  'accept-language' => 'zh-CN,zh;q=0.9',
  'cookie' => 'PHPSESSID=4lcf8udd7f4iddp19mimvmsjdj',
)
[ info ] [ PARAM ] array (
  'callback' => 'define',
  'controllername' => 'company.info',
  'v' => '1557031980',
)
[ info ] [ LANG ] C:\xampp\htdocs\fastadmin\public/../application/admin\lang\zh-cn.php
[ info ] [ BEHAVIOR ] Run app\common\behavior\Common @module_init [ RunTime:0.004000s ]
[ info ] [ SESSION ] INIT array (
  'id' => '',
  'var_session_id' => '',
  'prefix' => 'think',
  'type' => '',
  'auto_start' => true,
)
[ info ] [ LANG ] C:\xampp\htdocs\fastadmin\public/../application/admin/lang/zh-cn/ajax.php
[ info ] [ RUN ] app\admin\controller\Ajax->lang[ C:\xampp\htdocs\fastadmin\application\admin\controller\Ajax.php ]
[ info ] [ LANG ] C:\xampp\htdocs\fastadmin\public/../application/admin/lang/zh-cn/company/info.php
[ info ] [ BEHAVIOR ] Run app\admin\behavior\AdminLog @app_end [ RunTime:0.001000s ]
[ info ] [ BEHAVIOR ] Run \addons\loginvideo\Loginvideo @response_send [ RunTime:0.000000s ]
[ info ] [ LOG ] INIT File
---------------------------------------------------------------
[ 2019-05-05T12:53:02+08:00 ] 127.0.0.1 GET 127.0.0.1/admin/company/info/index?sort=id&order=desc&offset=0&limit=10&filter=%7B%7D&op=%7B%7D&_=1557031981050
[运行时间：0.402023s] [吞吐率：2.49req/s] [内存消耗：3,651.50kb] [文件加载：89]
[ info ] [ BEHAVIOR ] Run Closure @app_init [ RunTime:0.000000s ]
[ info ] [ CACHE ] INIT File
[ info ] [ BEHAVIOR ] Run Closure @app_init [ RunTime:0.014000s ]
[ info ] [ LANG ] C:\xampp\htdocs\fastadmin\thinkphp\lang\zh-cn.php
[ info ] [ ROUTE ] array (
  'type' => 'module',
  'module' => 
  array (
    0 => 'admin',
    1 => 'company.info',
    2 => 'index',
  ),
)
[ info ] [ HEADER ] array (
  'host' => '127.0.0.1',
  'connection' => 'keep-alive',
  'accept' => 'application/json, text/javascript, */*; q=0.01',
  'x-requested-with' => 'XMLHttpRequest',
  'user-agent' => 'Mozilla/5.0 (Windows NT 6.1; WOW64) AppleWebKit/537.36 (KHTML, like Gecko) Chrome/70.0.3538.25 Safari/537.36 Core/1.70.3676.400 QQBrowser/10.4.3469.400',
  'content-type' => 'application/json',
  'referer' => 'http://127.0.0.1/admin/company/info?addtabs=1',
  'accept-encoding' => 'gzip, deflate, br',
  'accept-language' => 'zh-CN,zh;q=0.9',
  'cookie' => 'PHPSESSID=4lcf8udd7f4iddp19mimvmsjdj',
)
[ info ] [ PARAM ] array (
  'sort' => 'id',
  'order' => 'desc',
  'offset' => '0',
  'limit' => '10',
  'filter' => '{}',
  'op' => '{}',
  '_' => '1557031981050',
)
[ info ] [ LANG ] C:\xampp\htdocs\fastadmin\public/../application/admin\lang\zh-cn.php
[ info ] [ BEHAVIOR ] Run app\common\behavior\Common @module_init [ RunTime:0.004001s ]
[ info ] [ SESSION ] INIT array (
  'id' => '',
  'var_session_id' => '',
  'prefix' => 'think',
  'type' => '',
  'auto_start' => true,
)
[ info ] [ DB ] INIT mysql
[ info ] [ LANG ] C:\xampp\htdocs\fastadmin\public/../application/admin/lang/zh-cn/company/info.php
[ info ] [ RUN ] app\admin\controller\company\Info->index[ C:\xampp\htdocs\fastadmin\application\admin\controller\company\Info.php ]
[ info ] [ BEHAVIOR ] Run app\admin\behavior\AdminLog @app_end [ RunTime:0.001000s ]
[ info ] [ BEHAVIOR ] Run \addons\loginvideo\Loginvideo @response_send [ RunTime:0.000000s ]
[ info ] [ LOG ] INIT File
[ sql ] [ DB ] CONNECT:[ UseTime:0.001000s ] mysql:host=127.0.0.1;dbname=fastadmin;charset=utf8
[ sql ] [ SQL ] SHOW COLUMNS FROM `fa_auth_group_access` [ RunTime:0.065004s ]
[ sql ] [ SQL ] SELECT `aga`.`uid`,`aga`.`group_id`,`ag`.`id`,`ag`.`pid`,`ag`.`name`,`ag`.`rules` FROM `fa_auth_group_access` `aga` LEFT JOIN `fa_auth_group` `ag` ON `aga`.`group_id`=`ag`.`id` WHERE  (  aga.uid='1' and ag.status='normal' ) [ RunTime:0.001000s ]
[ sql ] [ SQL ] SHOW COLUMNS FROM `fa_auth_rule` [ RunTime:0.016001s ]
[ sql ] [ SQL ] SELECT `id`,`pid`,`condition`,`icon`,`name`,`title`,`ismenu` FROM `fa_auth_rule` WHERE  `status` = 'normal' [ RunTime:0.012001s ]
[ sql ] [ SQL ] SHOW COLUMNS FROM `fa_company_info` [ RunTime:0.014000s ]
[ sql ] [ SQL ] SHOW COLUMNS FROM `fa_admin` [ RunTime:0.012001s ]
[ sql ] [ SQL ] SELECT COUNT(*) AS tp_count FROM `fa_company_info` `company_info` LEFT JOIN `fa_admin` `admin` ON `company_info`.`admin_id`=`admin`.`id` ORDER BY `company_info`.`id` DESC LIMIT 1 [ RunTime:0.009001s ]
[ sql ] [ SQL ] SELECT `company_info`.`id`,`company_info`.`name`,`company_info`.`code`,`company_info`.`type`,`company_info`.`status`,`company_info`.`regCapital`,`company_info`.`scope`,`company_info`.`address`,`company_info`.`contacts`,`company_info`.`phone`,`company_info`.`payname`,`company_info`.`account`,`company_info`.`bankname`,`company_info`.`uploadimages`,`company_info`.`remarkcontent`,`company_info`.`createtime`,`company_info`.`updatetime`,`company_info`.`admin_id`,admin.id AS admin__id,admin.username AS admin__username,admin.nickname AS admin__nickname,admin.password AS admin__password,admin.salt AS admin__salt,admin.avatar AS admin__avatar,admin.email AS admin__email,admin.loginfailure AS admin__loginfailure,admin.logintime AS admin__logintime,admin.createtime AS admin__createtime,admin.updatetime AS admin__updatetime,admin.token AS admin__token,admin.status AS admin__status FROM `fa_company_info` `company_info` LEFT JOIN `fa_admin` `admin` ON `company_info`.`admin_id`=`admin`.`id` ORDER BY `company_info`.`id` DESC LIMIT 0,10 [ RunTime:0.006000s ]
---------------------------------------------------------------
[ 2019-05-05T12:53:06+08:00 ] 127.0.0.1 POST 127.0.0.1/admin/company/info/test
[运行时间：1.144065s] [吞吐率：0.87req/s] [内存消耗：3,428.37kb] [文件加载：83]
[ info ] [ BEHAVIOR ] Run Closure @app_init [ RunTime:0.000000s ]
[ info ] [ CACHE ] INIT File
[ info ] [ BEHAVIOR ] Run Closure @app_init [ RunTime:0.008001s ]
[ info ] [ LANG ] C:\xampp\htdocs\fastadmin\thinkphp\lang\zh-cn.php
[ info ] [ ROUTE ] array (
  'type' => 'module',
  'module' => 
  array (
    0 => 'admin',
    1 => 'company.info',
    2 => 'test',
  ),
)
[ info ] [ HEADER ] array (
  'host' => '127.0.0.1',
  'connection' => 'keep-alive',
  'content-length' => '103',
  'accept' => 'application/json, text/javascript, */*; q=0.01',
  'origin' => 'http://127.0.0.1',
  'x-requested-with' => 'XMLHttpRequest',
  'user-agent' => 'Mozilla/5.0 (Windows NT 6.1; WOW64) AppleWebKit/537.36 (KHTML, like Gecko) Chrome/70.0.3538.25 Safari/537.36 Core/1.70.3676.400 QQBrowser/10.4.3469.400',
  'content-type' => 'application/x-www-form-urlencoded; charset=UTF-8',
  'referer' => 'http://127.0.0.1/admin/company/info?addtabs=1',
  'accept-encoding' => 'gzip, deflate, br',
  'accept-language' => 'zh-CN,zh;q=0.9',
  'cookie' => 'PHPSESSID=4lcf8udd7f4iddp19mimvmsjdj',
)
[ info ] [ PARAM ] array (
  'key' => '湖南省科辉墙材有限公司',
)
[ info ] [ LANG ] C:\xampp\htdocs\fastadmin\public/../application/admin\lang\zh-cn.php
[ info ] [ BEHAVIOR ] Run app\common\behavior\Common @module_init [ RunTime:0.004000s ]
[ info ] [ SESSION ] INIT array (
  'id' => '',
  'var_session_id' => '',
  'prefix' => 'think',
  'type' => '',
  'auto_start' => true,
)
[ info ] [ DB ] INIT mysql
[ info ] [ LANG ] C:\xampp\htdocs\fastadmin\public/../application/admin/lang/zh-cn/company/info.php
[ info ] [ RUN ] app\admin\controller\company\Info->test[ C:\xampp\htdocs\fastadmin\application\admin\controller\company\Info.php ]
[ info ] [ BEHAVIOR ] Run app\admin\behavior\AdminLog @app_end [ RunTime:0.101006s ]
[ info ] [ BEHAVIOR ] Run \addons\loginvideo\Loginvideo @response_send [ RunTime:0.001000s ]
[ info ] [ LOG ] INIT File
[ sql ] [ DB ] CONNECT:[ UseTime:0.002001s ] mysql:host=127.0.0.1;dbname=fastadmin;charset=utf8
[ sql ] [ SQL ] SHOW COLUMNS FROM `fa_auth_group_access` [ RunTime:0.024001s ]
[ sql ] [ SQL ] SELECT `aga`.`uid`,`aga`.`group_id`,`ag`.`id`,`ag`.`pid`,`ag`.`name`,`ag`.`rules` FROM `fa_auth_group_access` `aga` LEFT JOIN `fa_auth_group` `ag` ON `aga`.`group_id`=`ag`.`id` WHERE  (  aga.uid='1' and ag.status='normal' ) [ RunTime:0.001000s ]
[ sql ] [ SQL ] SHOW COLUMNS FROM `fa_auth_rule` [ RunTime:0.012001s ]
[ sql ] [ SQL ] SELECT `id`,`pid`,`condition`,`icon`,`name`,`title`,`ismenu` FROM `fa_auth_rule` WHERE  `status` = 'normal' [ RunTime:0.003000s ]
[ sql ] [ SQL ] SHOW COLUMNS FROM `fa_admin_log` [ RunTime:0.008001s ]
[ sql ] [ SQL ] INSERT INTO `fa_admin_log` (`title` , `content` , `url` , `admin_id` , `username` , `useragent` , `ip` , `createtime`) VALUES ('' , '{\"key\":\"\\u6e56\\u5357\\u7701\\u79d1\\u8f89\\u5899\\u6750\\u6709\\u9650\\u516c\\u53f8\"}' , '/admin/company/info/test' , 1 , 'admin' , 'Mozilla/5.0 (Windows NT 6.1; WOW64) AppleWebKit/537.36 (KHTML, like Gecko) Chrome/70.0.3538.25 Safari/537.36 Core/1.70.3676.400 QQBrowser/10.4.3469.400' , '127.0.0.1' , 1557031986) [ RunTime:0.062003s ]
---------------------------------------------------------------
[ 2019-05-05T17:32:46+08:00 ] 127.0.0.1 GET 127.0.0.1/admin/company/info?ref=addtabs
[运行时间：1.816004s] [吞吐率：0.55req/s] [内存消耗：3,193.67kb] [文件加载：79]
[ info ] [ BEHAVIOR ] Run Closure @app_init [ RunTime:0.000000s ]
[ info ] [ CACHE ] INIT File
[ info ] [ BEHAVIOR ] Run Closure @app_init [ RunTime:0.090001s ]
[ info ] [ LANG ] C:\xampp\htdocs\fastadmin\thinkphp\lang\zh-cn.php
[ info ] [ ROUTE ] array (
  'type' => 'module',
  'module' => 
  array (
    0 => 'admin',
    1 => 'company.info',
    2 => NULL,
  ),
)
[ info ] [ HEADER ] array (
  'host' => '127.0.0.1',
  'connection' => 'keep-alive',
  'cache-control' => 'max-age=0',
  'upgrade-insecure-requests' => '1',
  'user-agent' => 'Mozilla/5.0 (Windows NT 6.1; WOW64) AppleWebKit/537.36 (KHTML, like Gecko) Chrome/70.0.3538.25 Safari/537.36 Core/1.70.3676.400 QQBrowser/10.4.3469.400',
  'accept' => 'text/html,application/xhtml+xml,application/xml;q=0.9,image/webp,image/apng,*/*;q=0.8',
  'accept-encoding' => 'gzip, deflate, br',
  'accept-language' => 'zh-CN,zh;q=0.9',
  'cookie' => 'PHPSESSID=4lcf8udd7f4iddp19mimvmsjdj',
)
[ info ] [ PARAM ] array (
  'ref' => 'addtabs',
)
[ info ] [ LANG ] C:\xampp\htdocs\fastadmin\public/../application/admin\lang\zh-cn.php
[ info ] [ BEHAVIOR ] Run app\common\behavior\Common @module_init [ RunTime:0.020000s ]
[ info ] [ SESSION ] INIT array (
  'id' => '',
  'var_session_id' => '',
  'prefix' => 'think',
  'type' => '',
  'auto_start' => true,
)
[ info ] [ DB ] INIT mysql
[ info ] [ BEHAVIOR ] Run app\admin\behavior\AdminLog @app_end [ RunTime:0.000000s ]
[ info ] [ BEHAVIOR ] Run \addons\loginvideo\Loginvideo @response_send [ RunTime:0.020000s ]
[ info ] [ LOG ] INIT File
[ sql ] [ DB ] CONNECT:[ UseTime:0.010000s ] mysql:host=127.0.0.1;dbname=fastadmin;charset=utf8
[ sql ] [ SQL ] SHOW COLUMNS FROM `fa_auth_group_access` [ RunTime:0.000000s ]
[ sql ] [ SQL ] SELECT `aga`.`uid`,`aga`.`group_id`,`ag`.`id`,`ag`.`pid`,`ag`.`name`,`ag`.`rules` FROM `fa_auth_group_access` `aga` LEFT JOIN `fa_auth_group` `ag` ON `aga`.`group_id`=`ag`.`id` WHERE  (  aga.uid='1' and ag.status='normal' ) [ RunTime:0.010000s ]
[ sql ] [ SQL ] SHOW COLUMNS FROM `fa_auth_rule` [ RunTime:0.000000s ]
[ sql ] [ SQL ] SELECT `id`,`pid`,`condition`,`icon`,`name`,`title`,`ismenu` FROM `fa_auth_rule` WHERE  `status` = 'normal' [ RunTime:0.010000s ]
