---------------------------------------------------------------
[ 2019-05-20T16:07:28+08:00 ] 127.0.0.1 GET 127.0.0.1/admin/dashboard?addtabs=1
[运行时间：0.249014s] [吞吐率：4.02req/s] [内存消耗：3,674.18kb] [文件加载：137]
[ info ] [ BEHAVIOR ] Run Closure @app_init [ RunTime:0.000000s ]
[ info ] [ CACHE ] INIT File
[ info ] [ BEHAVIOR ] Run Closure @app_init [ RunTime:0.004001s ]
[ info ] [ LANG ] C:\xampp\htdocs\fastadmin\thinkphp\lang\zh-cn.php
[ info ] [ ROUTE ] array (
  'type' => 'module',
  'module' => 
  array (
    0 => 'admin',
    1 => 'dashboard',
    2 => NULL,
  ),
)
[ info ] [ HEADER ] array (
  'host' => '127.0.0.1',
  'connection' => 'keep-alive',
  'upgrade-insecure-requests' => '1',
  'user-agent' => 'Mozilla/5.0 (Windows NT 6.1; WOW64) AppleWebKit/537.36 (KHTML, like Gecko) Chrome/70.0.3538.25 Safari/537.36 Core/1.70.3676.400 QQBrowser/10.4.3469.400',
  'accept' => 'text/html,application/xhtml+xml,application/xml;q=0.9,image/webp,image/apng,*/*;q=0.8',
  'referer' => 'http://127.0.0.1/admin/index/index',
  'accept-encoding' => 'gzip, deflate, br',
  'accept-language' => 'zh-CN,zh;q=0.9',
  'cookie' => 'Hm_lvt_f8d0a8c400404989e195270b0bbf060a=1558339637; Hm_lpvt_f8d0a8c400404989e195270b0bbf060a=1558339637; PHPSESSID=rirciip9e6pjqhnd0163d6t740',
)
[ info ] [ PARAM ] array (
  'addtabs' => '1',
)
[ info ] [ LANG ] C:\xampp\htdocs\fastadmin\public/../application/admin\lang\zh-cn.php
[ info ] [ BEHAVIOR ] Run app\common\behavior\Common @module_init [ RunTime:0.004000s ]
[ info ] [ SESSION ] INIT array (
  'id' => '',
  'var_session_id' => '',
  'prefix' => 'think',
  'type' => '',
  'auto_start' => true,
)
[ info ] [ DB ] INIT mysql
[ info ] [ LANG ] C:\xampp\htdocs\fastadmin\public/../application/admin/lang/zh-cn/dashboard.php
[ info ] [ RUN ] app\admin\controller\Dashboard->index[ C:\xampp\htdocs\fastadmin\application\admin\controller\Dashboard.php ]
[ info ] [ VIEW ] C:\xampp\htdocs\fastadmin\public/../application/admin\view\dashboard\index.html [ array (
  0 => 'breadcrumb',
  1 => 'site',
  2 => 'config',
  3 => 'auth',
  4 => 'admin',
  5 => 'totaluser',
  6 => 'totalviews',
  7 => 'totalorder',
  8 => 'totalorderamount',
  9 => 'todayuserlogin',
  10 => 'todayusersignup',
  11 => 'todayorder',
  12 => 'unsettleorder',
  13 => 'sevendnu',
  14 => 'sevendau',
  15 => 'paylist',
  16 => 'createlist',
  17 => 'addonversion',
  18 => 'uploadmode',
) ]
[ info ] [ BEHAVIOR ] Run app\admin\behavior\AdminLog @app_end [ RunTime:0.001000s ]
[ info ] [ LOG ] INIT File
[ sql ] [ DB ] CONNECT:[ UseTime:0.002000s ] mysql:host=127.0.0.1;port=3306;dbname=fastadmin;charset=utf8
[ sql ] [ SQL ] SHOW COLUMNS FROM `fa_auth_group_access` [ RunTime:0.010001s ]
[ sql ] [ SQL ] SELECT `aga`.`uid`,`aga`.`group_id`,`ag`.`id`,`ag`.`pid`,`ag`.`name`,`ag`.`rules` FROM `fa_auth_group_access` `aga` LEFT JOIN `fa_auth_group` `ag` ON `aga`.`group_id`=`ag`.`id` WHERE  (  aga.uid='1' and ag.status='normal' ) [ RunTime:0.002000s ]
[ sql ] [ SQL ] SHOW COLUMNS FROM `fa_auth_rule` [ RunTime:0.011001s ]
[ sql ] [ SQL ] SELECT `id`,`pid`,`condition`,`icon`,`name`,`title`,`ismenu` FROM `fa_auth_rule` WHERE  `status` = 'normal' [ RunTime:0.004000s ]
[ sql ] [ SQL ] SELECT `title`,`remark` FROM `fa_auth_rule` WHERE  `name` = 'dashboard' LIMIT 1 [ RunTime:0.001000s ]
---------------------------------------------------------------
[ 2019-05-20T16:07:29+08:00 ] 127.0.0.1 GET 127.0.0.1/admin/ajax/lang?callback=define&controllername=index&v=1558339646
[运行时间：0.136507s] [吞吐率：7.33req/s] [内存消耗：2,772.86kb] [文件加载：128]
[ info ] [ BEHAVIOR ] Run Closure @app_init [ RunTime:0.000000s ]
[ info ] [ CACHE ] INIT File
[ info ] [ BEHAVIOR ] Run Closure @app_init [ RunTime:0.005000s ]
[ info ] [ LANG ] C:\xampp\htdocs\fastadmin\thinkphp\lang\zh-cn.php
[ info ] [ ROUTE ] array (
  'type' => 'module',
  'module' => 
  array (
    0 => 'admin',
    1 => 'ajax',
    2 => 'lang',
  ),
)
[ info ] [ HEADER ] array (
  'host' => '127.0.0.1',
  'connection' => 'keep-alive',
  'user-agent' => 'Mozilla/5.0 (Windows NT 6.1; WOW64) AppleWebKit/537.36 (KHTML, like Gecko) Chrome/70.0.3538.25 Safari/537.36 Core/1.70.3676.400 QQBrowser/10.4.3469.400',
  'accept' => '*/*',
  'referer' => 'http://127.0.0.1/admin/index/index',
  'accept-encoding' => 'gzip, deflate, br',
  'accept-language' => 'zh-CN,zh;q=0.9',
  'cookie' => 'Hm_lvt_f8d0a8c400404989e195270b0bbf060a=1558339637; Hm_lpvt_f8d0a8c400404989e195270b0bbf060a=1558339637; PHPSESSID=rirciip9e6pjqhnd0163d6t740',
)
[ info ] [ PARAM ] array (
  'callback' => 'define',
  'controllername' => 'index',
  'v' => '1558339646',
)
[ info ] [ LANG ] C:\xampp\htdocs\fastadmin\public/../application/admin\lang\zh-cn.php
[ info ] [ BEHAVIOR ] Run app\common\behavior\Common @module_init [ RunTime:0.003500s ]
[ info ] [ SESSION ] INIT array (
  'id' => '',
  'var_session_id' => '',
  'prefix' => 'think',
  'type' => '',
  'auto_start' => true,
)
[ info ] [ LANG ] C:\xampp\htdocs\fastadmin\public/../application/admin/lang/zh-cn/ajax.php
[ info ] [ RUN ] app\admin\controller\Ajax->lang[ C:\xampp\htdocs\fastadmin\application\admin\controller\Ajax.php ]
[ info ] [ LANG ] C:\xampp\htdocs\fastadmin\public/../application/admin/lang/zh-cn/index.php
[ info ] [ BEHAVIOR ] Run app\admin\behavior\AdminLog @app_end [ RunTime:0.000000s ]
[ info ] [ LOG ] INIT File
---------------------------------------------------------------
[ 2019-05-20T16:07:33+08:00 ] 127.0.0.1 GET 127.0.0.1/admin/contract/info?addtabs=1
[运行时间：0.288016s] [吞吐率：3.47req/s] [内存消耗：3,611.48kb] [文件加载：136]
[ info ] [ BEHAVIOR ] Run Closure @app_init [ RunTime:0.000000s ]
[ info ] [ CACHE ] INIT File
[ info ] [ BEHAVIOR ] Run Closure @app_init [ RunTime:0.005000s ]
[ info ] [ LANG ] C:\xampp\htdocs\fastadmin\thinkphp\lang\zh-cn.php
[ info ] [ ROUTE ] array (
  'type' => 'module',
  'module' => 
  array (
    0 => 'admin',
    1 => 'contract.info',
    2 => NULL,
  ),
)
[ info ] [ HEADER ] array (
  'host' => '127.0.0.1',
  'connection' => 'keep-alive',
  'upgrade-insecure-requests' => '1',
  'user-agent' => 'Mozilla/5.0 (Windows NT 6.1; WOW64) AppleWebKit/537.36 (KHTML, like Gecko) Chrome/70.0.3538.25 Safari/537.36 Core/1.70.3676.400 QQBrowser/10.4.3469.400',
  'accept' => 'text/html,application/xhtml+xml,application/xml;q=0.9,image/webp,image/apng,*/*;q=0.8',
  'referer' => 'http://127.0.0.1/admin/contract/info?ref=addtabs',
  'accept-encoding' => 'gzip, deflate, br',
  'accept-language' => 'zh-CN,zh;q=0.9',
  'cookie' => 'Hm_lvt_f8d0a8c400404989e195270b0bbf060a=1558339637; Hm_lpvt_f8d0a8c400404989e195270b0bbf060a=1558339637; PHPSESSID=rirciip9e6pjqhnd0163d6t740',
)
[ info ] [ PARAM ] array (
  'addtabs' => '1',
)
[ info ] [ LANG ] C:\xampp\htdocs\fastadmin\public/../application/admin\lang\zh-cn.php
[ info ] [ BEHAVIOR ] Run app\common\behavior\Common @module_init [ RunTime:0.005000s ]
[ info ] [ SESSION ] INIT array (
  'id' => '',
  'var_session_id' => '',
  'prefix' => 'think',
  'type' => '',
  'auto_start' => true,
)
[ info ] [ DB ] INIT mysql
[ info ] [ LANG ] C:\xampp\htdocs\fastadmin\public/../application/admin/lang/zh-cn/contract/info.php
[ info ] [ DB ] INIT mysql
[ info ] [ RUN ] app\admin\controller\contract\Info->index[ C:\xampp\htdocs\fastadmin\application\admin\controller\contract\Info.php ]
[ info ] [ VIEW ] C:\xampp\htdocs\fastadmin\public/../application/admin\view\contract\info\index.html [ array (
  0 => 'breadcrumb',
  1 => 'site',
  2 => 'config',
  3 => 'auth',
  4 => 'admin',
) ]
[ info ] [ BEHAVIOR ] Run app\admin\behavior\AdminLog @app_end [ RunTime:0.000000s ]
[ info ] [ LOG ] INIT File
[ sql ] [ DB ] CONNECT:[ UseTime:0.001000s ] mysql:host=127.0.0.1;port=3306;dbname=fastadmin;charset=utf8
[ sql ] [ SQL ] SHOW COLUMNS FROM `fa_auth_group_access` [ RunTime:0.016001s ]
[ sql ] [ SQL ] SELECT `aga`.`uid`,`aga`.`group_id`,`ag`.`id`,`ag`.`pid`,`ag`.`name`,`ag`.`rules` FROM `fa_auth_group_access` `aga` LEFT JOIN `fa_auth_group` `ag` ON `aga`.`group_id`=`ag`.`id` WHERE  (  aga.uid='1' and ag.status='normal' ) [ RunTime:0.001000s ]
[ sql ] [ SQL ] SHOW COLUMNS FROM `fa_auth_rule` [ RunTime:0.013001s ]
[ sql ] [ SQL ] SELECT `id`,`pid`,`condition`,`icon`,`name`,`title`,`ismenu` FROM `fa_auth_rule` WHERE  `status` = 'normal' [ RunTime:0.002000s ]
[ sql ] [ SQL ] SELECT `title`,`remark` FROM `fa_auth_rule` WHERE  `name` = 'contract/info' LIMIT 1 [ RunTime:0.002000s ]
---------------------------------------------------------------
[ 2019-05-20T16:07:34+08:00 ] 127.0.0.1 GET 127.0.0.1/admin/ajax/lang?callback=define&controllername=contract.info&v=1558339653
[运行时间：0.169010s] [吞吐率：5.92req/s] [内存消耗：2,770.29kb] [文件加载：128]
[ info ] [ BEHAVIOR ] Run Closure @app_init [ RunTime:0.000000s ]
[ info ] [ CACHE ] INIT File
[ info ] [ BEHAVIOR ] Run Closure @app_init [ RunTime:0.005000s ]
[ info ] [ LANG ] C:\xampp\htdocs\fastadmin\thinkphp\lang\zh-cn.php
[ info ] [ ROUTE ] array (
  'type' => 'module',
  'module' => 
  array (
    0 => 'admin',
    1 => 'ajax',
    2 => 'lang',
  ),
)
[ info ] [ HEADER ] array (
  'host' => '127.0.0.1',
  'connection' => 'keep-alive',
  'user-agent' => 'Mozilla/5.0 (Windows NT 6.1; WOW64) AppleWebKit/537.36 (KHTML, like Gecko) Chrome/70.0.3538.25 Safari/537.36 Core/1.70.3676.400 QQBrowser/10.4.3469.400',
  'accept' => '*/*',
  'referer' => 'http://127.0.0.1/admin/contract/info?addtabs=1',
  'accept-encoding' => 'gzip, deflate, br',
  'accept-language' => 'zh-CN,zh;q=0.9',
  'cookie' => 'Hm_lvt_f8d0a8c400404989e195270b0bbf060a=1558339637; Hm_lpvt_f8d0a8c400404989e195270b0bbf060a=1558339637; PHPSESSID=rirciip9e6pjqhnd0163d6t740',
)
[ info ] [ PARAM ] array (
  'callback' => 'define',
  'controllername' => 'contract.info',
  'v' => '1558339653',
)
[ info ] [ LANG ] C:\xampp\htdocs\fastadmin\public/../application/admin\lang\zh-cn.php
[ info ] [ BEHAVIOR ] Run app\common\behavior\Common @module_init [ RunTime:0.005000s ]
[ info ] [ SESSION ] INIT array (
  'id' => '',
  'var_session_id' => '',
  'prefix' => 'think',
  'type' => '',
  'auto_start' => true,
)
[ info ] [ LANG ] C:\xampp\htdocs\fastadmin\public/../application/admin/lang/zh-cn/ajax.php
[ info ] [ RUN ] app\admin\controller\Ajax->lang[ C:\xampp\htdocs\fastadmin\application\admin\controller\Ajax.php ]
[ info ] [ LANG ] C:\xampp\htdocs\fastadmin\public/../application/admin/lang/zh-cn/contract/info.php
[ info ] [ BEHAVIOR ] Run app\admin\behavior\AdminLog @app_end [ RunTime:0.001000s ]
[ info ] [ LOG ] INIT File
---------------------------------------------------------------
[ 2019-05-20T16:07:35+08:00 ] 127.0.0.1 GET 127.0.0.1/admin/contract/info/index?addtabs=1&sort=id&order=desc&offset=0&limit=10&filter=%7B%7D&op=%7B%7D&_=1558339654562
[运行时间：0.294017s] [吞吐率：3.40req/s] [内存消耗：4,040.42kb] [文件加载：146]
[ info ] [ BEHAVIOR ] Run Closure @app_init [ RunTime:0.000000s ]
[ info ] [ CACHE ] INIT File
[ info ] [ BEHAVIOR ] Run Closure @app_init [ RunTime:0.005000s ]
[ info ] [ LANG ] C:\xampp\htdocs\fastadmin\thinkphp\lang\zh-cn.php
[ info ] [ ROUTE ] array (
  'type' => 'module',
  'module' => 
  array (
    0 => 'admin',
    1 => 'contract.info',
    2 => 'index',
  ),
)
[ info ] [ HEADER ] array (
  'host' => '127.0.0.1',
  'connection' => 'keep-alive',
  'accept' => 'application/json, text/javascript, */*; q=0.01',
  'x-requested-with' => 'XMLHttpRequest',
  'user-agent' => 'Mozilla/5.0 (Windows NT 6.1; WOW64) AppleWebKit/537.36 (KHTML, like Gecko) Chrome/70.0.3538.25 Safari/537.36 Core/1.70.3676.400 QQBrowser/10.4.3469.400',
  'content-type' => 'application/json',
  'referer' => 'http://127.0.0.1/admin/contract/info?addtabs=1',
  'accept-encoding' => 'gzip, deflate, br',
  'accept-language' => 'zh-CN,zh;q=0.9',
  'cookie' => 'Hm_lvt_f8d0a8c400404989e195270b0bbf060a=1558339637; Hm_lpvt_f8d0a8c400404989e195270b0bbf060a=1558339637; PHPSESSID=rirciip9e6pjqhnd0163d6t740',
)
[ info ] [ PARAM ] array (
  'addtabs' => '1',
  'sort' => 'id',
  'order' => 'desc',
  'offset' => '0',
  'limit' => '10',
  'filter' => '{}',
  'op' => '{}',
  '_' => '1558339654562',
)
[ info ] [ LANG ] C:\xampp\htdocs\fastadmin\public/../application/admin\lang\zh-cn.php
[ info ] [ BEHAVIOR ] Run app\common\behavior\Common @module_init [ RunTime:0.003000s ]
[ info ] [ SESSION ] INIT array (
  'id' => '',
  'var_session_id' => '',
  'prefix' => 'think',
  'type' => '',
  'auto_start' => true,
)
[ info ] [ DB ] INIT mysql
[ info ] [ LANG ] C:\xampp\htdocs\fastadmin\public/../application/admin/lang/zh-cn/contract/info.php
[ info ] [ DB ] INIT mysql
[ info ] [ RUN ] app\admin\controller\contract\Info->index[ C:\xampp\htdocs\fastadmin\application\admin\controller\contract\Info.php ]
[ info ] [ BEHAVIOR ] Run app\admin\behavior\AdminLog @app_end [ RunTime:0.001001s ]
[ info ] [ LOG ] INIT File
[ sql ] [ DB ] CONNECT:[ UseTime:0.004000s ] mysql:host=127.0.0.1;port=3306;dbname=fastadmin;charset=utf8
[ sql ] [ SQL ] SHOW COLUMNS FROM `fa_auth_group_access` [ RunTime:0.012001s ]
[ sql ] [ SQL ] SELECT `aga`.`uid`,`aga`.`group_id`,`ag`.`id`,`ag`.`pid`,`ag`.`name`,`ag`.`rules` FROM `fa_auth_group_access` `aga` LEFT JOIN `fa_auth_group` `ag` ON `aga`.`group_id`=`ag`.`id` WHERE  (  aga.uid='1' and ag.status='normal' ) [ RunTime:0.001000s ]
[ sql ] [ SQL ] SHOW COLUMNS FROM `fa_auth_rule` [ RunTime:0.017001s ]
[ sql ] [ SQL ] SELECT `id`,`pid`,`condition`,`icon`,`name`,`title`,`ismenu` FROM `fa_auth_rule` WHERE  `status` = 'normal' [ RunTime:0.003000s ]
[ sql ] [ DB ] CONNECT:[ UseTime:0.003001s ] mysql:host=127.0.0.1;port=3306;dbname=fastadmin;charset=utf8
[ sql ] [ SQL ] SHOW COLUMNS FROM `fa_contract_info` [ RunTime:0.011000s ]
[ sql ] [ SQL ] SHOW COLUMNS FROM `fa_project_info` [ RunTime:0.014001s ]
[ sql ] [ SQL ] SHOW COLUMNS FROM `fa_project_section` [ RunTime:0.018001s ]
[ sql ] [ SQL ] SHOW COLUMNS FROM `fa_company_info` [ RunTime:0.011001s ]
[ sql ] [ SQL ] SHOW COLUMNS FROM `fa_category` [ RunTime:0.016001s ]
[ sql ] [ SQL ] SHOW COLUMNS FROM `fa_admin` [ RunTime:0.009000s ]
[ sql ] [ SQL ] SELECT COUNT(*) AS tp_count FROM `fa_contract_info` `contract_info` LEFT JOIN `fa_project_info` `projectinfo` ON `contract_info`.`project_info_id`=`projectinfo`.`id` LEFT JOIN `fa_project_section` `projectsection` ON `contract_info`.`project_section_ids`=`projectsection`.`id` LEFT JOIN `fa_company_info` `companyinfo` ON `contract_info`.`company_info_id`=`companyinfo`.`id` LEFT JOIN `fa_category` `category` ON `contract_info`.`category_id`=`category`.`id` LEFT JOIN `fa_admin` `admin` ON `contract_info`.`admin_id`=`admin`.`id` ORDER BY `contract_info`.`id` DESC LIMIT 1 [ RunTime:0.001001s ]
[ sql ] [ SQL ] SELECT `contract_info`.`id`,`contract_info`.`name`,`contract_info`.`number`,`contract_info`.`project_info_id`,`contract_info`.`project_section_ids`,`contract_info`.`company_info_id`,`contract_info`.`category_id`,`contract_info`.`contacts`,`contract_info`.`phone`,`contract_info`.`signdate`,`contract_info`.`expirydate`,`contract_info`.`price`,`contract_info`.`total`,`contract_info`.`save`,`contract_info`.`operatorname`,`contract_info`.`operatorphone`,`contract_info`.`settlement`,`contract_info`.`content`,`contract_info`.`uploadimages`,`contract_info`.`remark`,`contract_info`.`createtime`,`contract_info`.`updatetime`,`contract_info`.`admin_id`,projectinfo.id AS projectinfo__id,projectinfo.name AS projectinfo__name,projectinfo.price AS projectinfo__price,projectinfo.starttime AS projectinfo__starttime,projectinfo.days AS projectinfo__days,projectinfo.city AS projectinfo__city,projectinfo.address AS projectinfo__address,projectinfo.surveycontent AS projectinfo__surveycontent,projectinfo.remark AS projectinfo__remark,projectinfo.createtime AS projectinfo__createtime,projectinfo.updatetime AS projectinfo__updatetime,projectinfo.admin_id AS projectinfo__admin_id,projectsection.id AS projectsection__id,projectsection.project_info_id AS projectsection__project_info_id,projectsection.project_manager_id AS projectsection__project_manager_id,projectsection.name AS projectsection__name,projectsection.price AS projectsection__price,projectsection.surveycontent AS projectsection__surveycontent,projectsection.remark AS projectsection__remark,projectsection.createtime AS projectsection__createtime,projectsection.updatetime AS projectsection__updatetime,projectsection.admin_id AS projectsection__admin_id,companyinfo.id AS companyinfo__id,companyinfo.name AS companyinfo__name,companyinfo.code AS companyinfo__code,companyinfo.type AS companyinfo__type,companyinfo.status AS companyinfo__status,companyinfo.regCapital AS companyinfo__regCapital,companyinfo.scope AS companyinfo__scope,companyinfo.address AS companyinfo__address,companyinfo.contacts AS companyinfo__contacts,companyinfo.phone AS companyinfo__phone,companyinfo.payname AS companyinfo__payname,companyinfo.account AS companyinfo__account,companyinfo.bankname AS companyinfo__bankname,companyinfo.uploadimages AS companyinfo__uploadimages,companyinfo.remark AS companyinfo__remark,companyinfo.createtime AS companyinfo__createtime,companyinfo.updatetime AS companyinfo__updatetime,companyinfo.admin_id AS companyinfo__admin_id,category.id AS category__id,category.pid AS category__pid,category.type AS category__type,category.name AS category__name,category.nickname AS category__nickname,category.flag AS category__flag,category.image AS category__image,category.keywords AS category__keywords,category.description AS category__description,category.diyname AS category__diyname,category.createtime AS category__createtime,category.updatetime AS category__updatetime,category.weigh AS category__weigh,category.status AS category__status,admin.id AS admin__id,admin.username AS admin__username,admin.nickname AS admin__nickname,admin.password AS admin__password,admin.salt AS admin__salt,admin.avatar AS admin__avatar,admin.email AS admin__email,admin.loginfailure AS admin__loginfailure,admin.logintime AS admin__logintime,admin.createtime AS admin__createtime,admin.updatetime AS admin__updatetime,admin.token AS admin__token,admin.status AS admin__status FROM `fa_contract_info` `contract_info` LEFT JOIN `fa_project_info` `projectinfo` ON `contract_info`.`project_info_id`=`projectinfo`.`id` LEFT JOIN `fa_project_section` `projectsection` ON `contract_info`.`project_section_ids`=`projectsection`.`id` LEFT JOIN `fa_company_info` `companyinfo` ON `contract_info`.`company_info_id`=`companyinfo`.`id` LEFT JOIN `fa_category` `category` ON `contract_info`.`category_id`=`category`.`id` LEFT JOIN `fa_admin` `admin` ON `contract_info`.`admin_id`=`admin`.`id` ORDER BY `contract_info`.`id` DESC LIMIT 0,10 [ RunTime:0.003000s ]
---------------------------------------------------------------
[ 2019-05-20T16:07:42+08:00 ] 127.0.0.1 GET 127.0.0.1/assets/css/fastadmin.css.map
[运行时间：0.078004s] [吞吐率：12.82req/s] [内存消耗：1,670.61kb] [文件加载：107]
[ info ] [ BEHAVIOR ] Run Closure @app_init [ RunTime:0.000000s ]
[ info ] [ CACHE ] INIT File
[ info ] [ BEHAVIOR ] Run Closure @app_init [ RunTime:0.005001s ]
[ info ] [ LANG ] C:\xampp\htdocs\fastadmin\thinkphp\lang\zh-cn.php
[ info ] [ ROUTE ] array (
  'type' => 'module',
  'module' => 
  array (
    0 => 'assets',
    1 => 'css',
    2 => 'fastadmin.css.map',
  ),
)
[ info ] [ HEADER ] array (
  'host' => '127.0.0.1',
  'connection' => 'keep-alive',
  'user-agent' => 'Mozilla/5.0 (Windows NT 6.1; WOW64) AppleWebKit/537.36 (KHTML, like Gecko) Chrome/70.0.3538.25 Safari/537.36 Core/1.70.3676.400 QQBrowser/10.4.3469.400',
  'accept-encoding' => 'gzip, deflate, br',
  'accept-language' => 'zh-CN,zh;q=0.9',
  'cookie' => 'Hm_lvt_f8d0a8c400404989e195270b0bbf060a=1558339637; Hm_lpvt_f8d0a8c400404989e195270b0bbf060a=1558339637; PHPSESSID=rirciip9e6pjqhnd0163d6t740',
)
[ info ] [ PARAM ] array (
)
[ info ] [ LOG ] INIT File
---------------------------------------------------------------
[ 2019-05-20T16:07:42+08:00 ] 127.0.0.1 GET 127.0.0.1/assets/css/backend.css.map
[运行时间：0.131008s] [吞吐率：7.63req/s] [内存消耗：1,670.57kb] [文件加载：107]
[ info ] [ BEHAVIOR ] Run Closure @app_init [ RunTime:0.000000s ]
[ info ] [ CACHE ] INIT File
[ info ] [ BEHAVIOR ] Run Closure @app_init [ RunTime:0.013001s ]
[ info ] [ LANG ] C:\xampp\htdocs\fastadmin\thinkphp\lang\zh-cn.php
[ info ] [ ROUTE ] array (
  'type' => 'module',
  'module' => 
  array (
    0 => 'assets',
    1 => 'css',
    2 => 'backend.css.map',
  ),
)
[ info ] [ HEADER ] array (
  'host' => '127.0.0.1',
  'connection' => 'keep-alive',
  'user-agent' => 'Mozilla/5.0 (Windows NT 6.1; WOW64) AppleWebKit/537.36 (KHTML, like Gecko) Chrome/70.0.3538.25 Safari/537.36 Core/1.70.3676.400 QQBrowser/10.4.3469.400',
  'accept-encoding' => 'gzip, deflate, br',
  'accept-language' => 'zh-CN,zh;q=0.9',
  'cookie' => 'Hm_lvt_f8d0a8c400404989e195270b0bbf060a=1558339637; Hm_lpvt_f8d0a8c400404989e195270b0bbf060a=1558339637; PHPSESSID=rirciip9e6pjqhnd0163d6t740',
)
[ info ] [ PARAM ] array (
)
[ info ] [ LOG ] INIT File
---------------------------------------------------------------
[ 2019-05-20T16:07:42+08:00 ] 127.0.0.1 GET 127.0.0.1/assets/css/bootstrap.css.map
[运行时间：0.114006s] [吞吐率：8.77req/s] [内存消耗：1,670.59kb] [文件加载：107]
[ info ] [ BEHAVIOR ] Run Closure @app_init [ RunTime:0.000000s ]
[ info ] [ CACHE ] INIT File
[ info ] [ BEHAVIOR ] Run Closure @app_init [ RunTime:0.006000s ]
[ info ] [ LANG ] C:\xampp\htdocs\fastadmin\thinkphp\lang\zh-cn.php
[ info ] [ ROUTE ] array (
  'type' => 'module',
  'module' => 
  array (
    0 => 'assets',
    1 => 'css',
    2 => 'bootstrap.css.map',
  ),
)
[ info ] [ HEADER ] array (
  'host' => '127.0.0.1',
  'connection' => 'keep-alive',
  'user-agent' => 'Mozilla/5.0 (Windows NT 6.1; WOW64) AppleWebKit/537.36 (KHTML, like Gecko) Chrome/70.0.3538.25 Safari/537.36 Core/1.70.3676.400 QQBrowser/10.4.3469.400',
  'accept-encoding' => 'gzip, deflate, br',
  'accept-language' => 'zh-CN,zh;q=0.9',
  'cookie' => 'Hm_lvt_f8d0a8c400404989e195270b0bbf060a=1558339637; Hm_lpvt_f8d0a8c400404989e195270b0bbf060a=1558339637; PHPSESSID=rirciip9e6pjqhnd0163d6t740',
)
[ info ] [ PARAM ] array (
)
[ info ] [ LOG ] INIT File
---------------------------------------------------------------
[ 2019-05-20T16:07:42+08:00 ] 127.0.0.1 GET 127.0.0.1/assets/css/skins/skin-green.css.map
[运行时间：0.137008s] [吞吐率：7.30req/s] [内存消耗：1,670.61kb] [文件加载：107]
[ info ] [ BEHAVIOR ] Run Closure @app_init [ RunTime:0.000000s ]
[ info ] [ CACHE ] INIT File
[ info ] [ BEHAVIOR ] Run Closure @app_init [ RunTime:0.004000s ]
[ info ] [ LANG ] C:\xampp\htdocs\fastadmin\thinkphp\lang\zh-cn.php
[ info ] [ ROUTE ] array (
  'type' => 'module',
  'module' => 
  array (
    0 => 'assets',
    1 => 'css',
    2 => 'skins',
  ),
)
[ info ] [ HEADER ] array (
  'host' => '127.0.0.1',
  'connection' => 'keep-alive',
  'user-agent' => 'Mozilla/5.0 (Windows NT 6.1; WOW64) AppleWebKit/537.36 (KHTML, like Gecko) Chrome/70.0.3538.25 Safari/537.36 Core/1.70.3676.400 QQBrowser/10.4.3469.400',
  'accept-encoding' => 'gzip, deflate, br',
  'accept-language' => 'zh-CN,zh;q=0.9',
  'cookie' => 'Hm_lvt_f8d0a8c400404989e195270b0bbf060a=1558339637; Hm_lpvt_f8d0a8c400404989e195270b0bbf060a=1558339637; PHPSESSID=rirciip9e6pjqhnd0163d6t740',
)
[ info ] [ PARAM ] array (
)
[ info ] [ LOG ] INIT File
---------------------------------------------------------------
[ 2019-05-20T16:07:43+08:00 ] 127.0.0.1 GET 127.0.0.1/admin/contract/info/index?addtabs=1&sort=id&order=desc&offset=0&limit=10&filter=%7B%7D&op=%7B%7D&_=1558339654563
[运行时间：0.462026s] [吞吐率：2.16req/s] [内存消耗：4,040.42kb] [文件加载：146]
[ info ] [ BEHAVIOR ] Run Closure @app_init [ RunTime:0.000000s ]
[ info ] [ CACHE ] INIT File
[ info ] [ BEHAVIOR ] Run Closure @app_init [ RunTime:0.004001s ]
[ info ] [ LANG ] C:\xampp\htdocs\fastadmin\thinkphp\lang\zh-cn.php
[ info ] [ ROUTE ] array (
  'type' => 'module',
  'module' => 
  array (
    0 => 'admin',
    1 => 'contract.info',
    2 => 'index',
  ),
)
[ info ] [ HEADER ] array (
  'host' => '127.0.0.1',
  'connection' => 'keep-alive',
  'accept' => 'application/json, text/javascript, */*; q=0.01',
  'x-requested-with' => 'XMLHttpRequest',
  'user-agent' => 'Mozilla/5.0 (Windows NT 6.1; WOW64) AppleWebKit/537.36 (KHTML, like Gecko) Chrome/70.0.3538.25 Safari/537.36 Core/1.70.3676.400 QQBrowser/10.4.3469.400',
  'content-type' => 'application/json',
  'referer' => 'http://127.0.0.1/admin/contract/info?addtabs=1',
  'accept-encoding' => 'gzip, deflate, br',
  'accept-language' => 'zh-CN,zh;q=0.9',
  'cookie' => 'Hm_lvt_f8d0a8c400404989e195270b0bbf060a=1558339637; Hm_lpvt_f8d0a8c400404989e195270b0bbf060a=1558339637; PHPSESSID=rirciip9e6pjqhnd0163d6t740',
)
[ info ] [ PARAM ] array (
  'addtabs' => '1',
  'sort' => 'id',
  'order' => 'desc',
  'offset' => '0',
  'limit' => '10',
  'filter' => '{}',
  'op' => '{}',
  '_' => '1558339654563',
)
[ info ] [ LANG ] C:\xampp\htdocs\fastadmin\public/../application/admin\lang\zh-cn.php
[ info ] [ BEHAVIOR ] Run app\common\behavior\Common @module_init [ RunTime:0.057003s ]
[ info ] [ SESSION ] INIT array (
  'id' => '',
  'var_session_id' => '',
  'prefix' => 'think',
  'type' => '',
  'auto_start' => true,
)
[ info ] [ DB ] INIT mysql
[ info ] [ LANG ] C:\xampp\htdocs\fastadmin\public/../application/admin/lang/zh-cn/contract/info.php
[ info ] [ DB ] INIT mysql
[ info ] [ RUN ] app\admin\controller\contract\Info->index[ C:\xampp\htdocs\fastadmin\application\admin\controller\contract\Info.php ]
[ info ] [ BEHAVIOR ] Run app\admin\behavior\AdminLog @app_end [ RunTime:0.002000s ]
[ info ] [ LOG ] INIT File
[ sql ] [ DB ] CONNECT:[ UseTime:0.004001s ] mysql:host=127.0.0.1;port=3306;dbname=fastadmin;charset=utf8
[ sql ] [ SQL ] SHOW COLUMNS FROM `fa_auth_group_access` [ RunTime:0.014001s ]
[ sql ] [ SQL ] SELECT `aga`.`uid`,`aga`.`group_id`,`ag`.`id`,`ag`.`pid`,`ag`.`name`,`ag`.`rules` FROM `fa_auth_group_access` `aga` LEFT JOIN `fa_auth_group` `ag` ON `aga`.`group_id`=`ag`.`id` WHERE  (  aga.uid='1' and ag.status='normal' ) [ RunTime:0.001000s ]
[ sql ] [ SQL ] SHOW COLUMNS FROM `fa_auth_rule` [ RunTime:0.013000s ]
[ sql ] [ SQL ] SELECT `id`,`pid`,`condition`,`icon`,`name`,`title`,`ismenu` FROM `fa_auth_rule` WHERE  `status` = 'normal' [ RunTime:0.006001s ]
[ sql ] [ DB ] CONNECT:[ UseTime:0.011000s ] mysql:host=127.0.0.1;port=3306;dbname=fastadmin;charset=utf8
[ sql ] [ SQL ] SHOW COLUMNS FROM `fa_contract_info` [ RunTime:0.014001s ]
[ sql ] [ SQL ] SHOW COLUMNS FROM `fa_project_info` [ RunTime:0.015001s ]
[ sql ] [ SQL ] SHOW COLUMNS FROM `fa_project_section` [ RunTime:0.019001s ]
[ sql ] [ SQL ] SHOW COLUMNS FROM `fa_company_info` [ RunTime:0.021002s ]
[ sql ] [ SQL ] SHOW COLUMNS FROM `fa_category` [ RunTime:0.016001s ]
[ sql ] [ SQL ] SHOW COLUMNS FROM `fa_admin` [ RunTime:0.017001s ]
[ sql ] [ SQL ] SELECT COUNT(*) AS tp_count FROM `fa_contract_info` `contract_info` LEFT JOIN `fa_project_info` `projectinfo` ON `contract_info`.`project_info_id`=`projectinfo`.`id` LEFT JOIN `fa_project_section` `projectsection` ON `contract_info`.`project_section_ids`=`projectsection`.`id` LEFT JOIN `fa_company_info` `companyinfo` ON `contract_info`.`company_info_id`=`companyinfo`.`id` LEFT JOIN `fa_category` `category` ON `contract_info`.`category_id`=`category`.`id` LEFT JOIN `fa_admin` `admin` ON `contract_info`.`admin_id`=`admin`.`id` ORDER BY `contract_info`.`id` DESC LIMIT 1 [ RunTime:0.002000s ]
[ sql ] [ SQL ] SELECT `contract_info`.`id`,`contract_info`.`name`,`contract_info`.`number`,`contract_info`.`project_info_id`,`contract_info`.`project_section_ids`,`contract_info`.`company_info_id`,`contract_info`.`category_id`,`contract_info`.`contacts`,`contract_info`.`phone`,`contract_info`.`signdate`,`contract_info`.`expirydate`,`contract_info`.`price`,`contract_info`.`total`,`contract_info`.`save`,`contract_info`.`operatorname`,`contract_info`.`operatorphone`,`contract_info`.`settlement`,`contract_info`.`content`,`contract_info`.`uploadimages`,`contract_info`.`remark`,`contract_info`.`createtime`,`contract_info`.`updatetime`,`contract_info`.`admin_id`,projectinfo.id AS projectinfo__id,projectinfo.name AS projectinfo__name,projectinfo.price AS projectinfo__price,projectinfo.starttime AS projectinfo__starttime,projectinfo.days AS projectinfo__days,projectinfo.city AS projectinfo__city,projectinfo.address AS projectinfo__address,projectinfo.surveycontent AS projectinfo__surveycontent,projectinfo.remark AS projectinfo__remark,projectinfo.createtime AS projectinfo__createtime,projectinfo.updatetime AS projectinfo__updatetime,projectinfo.admin_id AS projectinfo__admin_id,projectsection.id AS projectsection__id,projectsection.project_info_id AS projectsection__project_info_id,projectsection.project_manager_id AS projectsection__project_manager_id,projectsection.name AS projectsection__name,projectsection.price AS projectsection__price,projectsection.surveycontent AS projectsection__surveycontent,projectsection.remark AS projectsection__remark,projectsection.createtime AS projectsection__createtime,projectsection.updatetime AS projectsection__updatetime,projectsection.admin_id AS projectsection__admin_id,companyinfo.id AS companyinfo__id,companyinfo.name AS companyinfo__name,companyinfo.code AS companyinfo__code,companyinfo.type AS companyinfo__type,companyinfo.status AS companyinfo__status,companyinfo.regCapital AS companyinfo__regCapital,companyinfo.scope AS companyinfo__scope,companyinfo.address AS companyinfo__address,companyinfo.contacts AS companyinfo__contacts,companyinfo.phone AS companyinfo__phone,companyinfo.payname AS companyinfo__payname,companyinfo.account AS companyinfo__account,companyinfo.bankname AS companyinfo__bankname,companyinfo.uploadimages AS companyinfo__uploadimages,companyinfo.remark AS companyinfo__remark,companyinfo.createtime AS companyinfo__createtime,companyinfo.updatetime AS companyinfo__updatetime,companyinfo.admin_id AS companyinfo__admin_id,category.id AS category__id,category.pid AS category__pid,category.type AS category__type,category.name AS category__name,category.nickname AS category__nickname,category.flag AS category__flag,category.image AS category__image,category.keywords AS category__keywords,category.description AS category__description,category.diyname AS category__diyname,category.createtime AS category__createtime,category.updatetime AS category__updatetime,category.weigh AS category__weigh,category.status AS category__status,admin.id AS admin__id,admin.username AS admin__username,admin.nickname AS admin__nickname,admin.password AS admin__password,admin.salt AS admin__salt,admin.avatar AS admin__avatar,admin.email AS admin__email,admin.loginfailure AS admin__loginfailure,admin.logintime AS admin__logintime,admin.createtime AS admin__createtime,admin.updatetime AS admin__updatetime,admin.token AS admin__token,admin.status AS admin__status FROM `fa_contract_info` `contract_info` LEFT JOIN `fa_project_info` `projectinfo` ON `contract_info`.`project_info_id`=`projectinfo`.`id` LEFT JOIN `fa_project_section` `projectsection` ON `contract_info`.`project_section_ids`=`projectsection`.`id` LEFT JOIN `fa_company_info` `companyinfo` ON `contract_info`.`company_info_id`=`companyinfo`.`id` LEFT JOIN `fa_category` `category` ON `contract_info`.`category_id`=`category`.`id` LEFT JOIN `fa_admin` `admin` ON `contract_info`.`admin_id`=`admin`.`id` ORDER BY `contract_info`.`id` DESC LIMIT 0,10 [ RunTime:0.006000s ]
