---------------------------------------------------------------
[ 2019-07-07T08:51:37+08:00 ] 127.0.0.1 GET 127.0.0.1/
[运行时间：8.214263s] [吞吐率：0.12req/s] [内存消耗：2,635.52kb] [文件加载：130]
[ info ] [ BEHAVIOR ] Run Closure @app_init [ RunTime:0.015000s ]
[ info ] [ CACHE ] INIT File
[ info ] [ BEHAVIOR ] Run Closure @app_init [ RunTime:1.043539s ]
[ info ] [ LANG ] C:\xampp\htdocs\fastadmin\thinkphp\lang\zh-cn.php
[ info ] [ ROUTE ] array (
  'type' => 'module',
  'module' => 
  array (
    0 => '',
    1 => NULL,
    2 => NULL,
  ),
)
[ info ] [ HEADER ] array (
  'host' => '127.0.0.1',
  'connection' => 'keep-alive',
  'upgrade-insecure-requests' => '1',
  'user-agent' => 'Mozilla/5.0 (Windows NT 6.1; WOW64) AppleWebKit/537.36 (KHTML, like Gecko) Chrome/70.0.3538.25 Safari/537.36 Core/1.70.3704.400 QQBrowser/10.4.3587.400',
  'accept' => 'text/html,application/xhtml+xml,application/xml;q=0.9,image/webp,image/apng,*/*;q=0.8',
  'accept-encoding' => 'gzip, deflate, br',
  'accept-language' => 'zh-CN,zh;q=0.9',
  'cookie' => 'Hm_lvt_f8d0a8c400404989e195270b0bbf060a=1562375217; PHPSESSID=iak28dcqub1q537ks84vegq10a; Hm_lpvt_f8d0a8c400404989e195270b0bbf060a=1562389147',
)
[ info ] [ PARAM ] array (
)
[ info ] [ LANG ] C:\xampp\htdocs\fastadmin\public/../application/index\lang\zh-cn.php
[ info ] [ BEHAVIOR ] Run app\common\behavior\Common @module_init [ RunTime:0.302017s ]
[ info ] [ LANG ] C:\xampp\htdocs\fastadmin\public/../application/index/lang/zh-cn/index.php
[ info ] [ RUN ] app\index\controller\Index->index[ C:\xampp\htdocs\fastadmin\application\index\controller\Index.php ]
[ info ] [ VIEW ] C:\xampp\htdocs\fastadmin\public/../application/index\view\index\index.html [ array (
  0 => 'user',
  1 => 'site',
  2 => 'config',
) ]
[ info ] [ BEHAVIOR ] Run \addons\loginbgindex\Loginbgindex @response_send [ RunTime:0.000000s ]
[ info ] [ BEHAVIOR ] Run \addons\loginvideo\Loginvideo @response_send [ RunTime:0.043002s ]
[ info ] [ LOG ] INIT File
---------------------------------------------------------------
[ 2019-07-07T08:52:00+08:00 ] 127.0.0.1 GET 127.0.0.1/favicon.ico
[运行时间：0.220013s] [吞吐率：4.55req/s] [内存消耗：1,961.58kb] [文件加载：117]
[ info ] [ BEHAVIOR ] Run Closure @app_init [ RunTime:0.000000s ]
[ info ] [ CACHE ] INIT File
[ info ] [ BEHAVIOR ] Run Closure @app_init [ RunTime:0.012000s ]
[ info ] [ LANG ] C:\xampp\htdocs\fastadmin\thinkphp\lang\zh-cn.php
[ info ] [ ROUTE ] array (
  'type' => 'module',
  'module' => 
  array (
    0 => 'favicon.ico',
    1 => NULL,
    2 => NULL,
  ),
)
[ info ] [ HEADER ] array (
  'host' => '127.0.0.1',
  'connection' => 'keep-alive',
  'user-agent' => 'Mozilla/5.0 (Windows NT 6.1; WOW64) AppleWebKit/537.36 (KHTML, like Gecko) Chrome/70.0.3538.25 Safari/537.36 Core/1.70.3704.400 QQBrowser/10.4.3587.400',
  'accept' => 'image/webp,image/apng,image/*,*/*;q=0.8',
  'referer' => 'http://127.0.0.1/',
  'accept-encoding' => 'gzip, deflate, br',
  'accept-language' => 'zh-CN,zh;q=0.9',
  'cookie' => 'Hm_lvt_f8d0a8c400404989e195270b0bbf060a=1562375217; PHPSESSID=iak28dcqub1q537ks84vegq10a; Hm_lpvt_f8d0a8c400404989e195270b0bbf060a=1562460719',
)
[ info ] [ PARAM ] array (
)
[ info ] [ BEHAVIOR ] Run \addons\loginbgindex\Loginbgindex @response_send [ RunTime:0.007000s ]
[ info ] [ BEHAVIOR ] Run \addons\loginvideo\Loginvideo @response_send [ RunTime:0.000000s ]
[ info ] [ LOG ] INIT File
---------------------------------------------------------------
[ 2019-07-07T08:52:14+08:00 ] 127.0.0.1 GET 127.0.0.1/admin/index/login.html
[运行时间：0.428024s] [吞吐率：2.34req/s] [内存消耗：2,934.65kb] [文件加载：136]
[ info ] [ BEHAVIOR ] Run Closure @app_init [ RunTime:0.000000s ]
[ info ] [ CACHE ] INIT File
[ info ] [ BEHAVIOR ] Run Closure @app_init [ RunTime:0.020001s ]
[ info ] [ LANG ] C:\xampp\htdocs\fastadmin\thinkphp\lang\zh-cn.php
[ info ] [ ROUTE ] array (
  'type' => 'module',
  'module' => 
  array (
    0 => 'admin',
    1 => 'index',
    2 => 'login',
  ),
)
[ info ] [ HEADER ] array (
  'host' => '127.0.0.1',
  'connection' => 'keep-alive',
  'upgrade-insecure-requests' => '1',
  'user-agent' => 'Mozilla/5.0 (Windows NT 6.1; WOW64) AppleWebKit/537.36 (KHTML, like Gecko) Chrome/70.0.3538.25 Safari/537.36 Core/1.70.3704.400 QQBrowser/10.4.3587.400',
  'accept' => 'text/html,application/xhtml+xml,application/xml;q=0.9,image/webp,image/apng,*/*;q=0.8',
  'referer' => 'http://127.0.0.1/',
  'accept-encoding' => 'gzip, deflate, br',
  'accept-language' => 'zh-CN,zh;q=0.9',
  'cookie' => 'Hm_lvt_f8d0a8c400404989e195270b0bbf060a=1562375217; PHPSESSID=iak28dcqub1q537ks84vegq10a; Hm_lpvt_f8d0a8c400404989e195270b0bbf060a=1562460719',
)
[ info ] [ PARAM ] array (
)
[ info ] [ LANG ] C:\xampp\htdocs\fastadmin\public/../application/admin\lang\zh-cn.php
[ info ] [ BEHAVIOR ] Run app\common\behavior\Common @module_init [ RunTime:0.004000s ]
[ info ] [ SESSION ] INIT array (
  'id' => '',
  'var_session_id' => '',
  'prefix' => 'think',
  'type' => '',
  'auto_start' => true,
)
[ info ] [ LANG ] C:\xampp\htdocs\fastadmin\public/../application/admin/lang/zh-cn/index.php
[ info ] [ RUN ] app\admin\controller\Index->login[ C:\xampp\htdocs\fastadmin\application\admin\controller\Index.php ]
[ info ] [ VIEW ] C:\xampp\htdocs\fastadmin\public/../application/common\view\tpl\dispatch_jump.tpl [ array (
  0 => 'breadcrumb',
  1 => 'site',
  2 => 'config',
  3 => 'auth',
  4 => 'admin',
  5 => 'code',
  6 => 'msg',
  7 => 'data',
  8 => 'url',
  9 => 'wait',
) ]
[ info ] [ BEHAVIOR ] Run app\admin\behavior\AdminLog @app_end [ RunTime:0.014001s ]
[ info ] [ BEHAVIOR ] Run \addons\loginbgindex\Loginbgindex @response_send [ RunTime:0.000000s ]
[ info ] [ BEHAVIOR ] Run \addons\loginvideo\Loginvideo @response_send [ RunTime:0.001000s ]
[ info ] [ LOG ] INIT File
---------------------------------------------------------------
[ 2019-07-07T08:52:17+08:00 ] 127.0.0.1 GET 127.0.0.1/admin/index/index
[运行时间：0.960042s] [吞吐率：1.04req/s] [内存消耗：3,939.20kb] [文件加载：153]
[ info ] [ BEHAVIOR ] Run Closure @app_init [ RunTime:0.000000s ]
[ info ] [ CACHE ] INIT File
[ info ] [ BEHAVIOR ] Run Closure @app_init [ RunTime:0.009000s ]
[ info ] [ LANG ] C:\xampp\htdocs\fastadmin\thinkphp\lang\zh-cn.php
[ info ] [ ROUTE ] array (
  'type' => 'module',
  'module' => 
  array (
    0 => 'admin',
    1 => 'index',
    2 => 'index',
  ),
)
[ info ] [ HEADER ] array (
  'host' => '127.0.0.1',
  'connection' => 'keep-alive',
  'upgrade-insecure-requests' => '1',
  'user-agent' => 'Mozilla/5.0 (Windows NT 6.1; WOW64) AppleWebKit/537.36 (KHTML, like Gecko) Chrome/70.0.3538.25 Safari/537.36 Core/1.70.3704.400 QQBrowser/10.4.3587.400',
  'accept' => 'text/html,application/xhtml+xml,application/xml;q=0.9,image/webp,image/apng,*/*;q=0.8',
  'referer' => 'http://127.0.0.1/admin/index/login.html',
  'accept-encoding' => 'gzip, deflate, br',
  'accept-language' => 'zh-CN,zh;q=0.9',
  'cookie' => 'Hm_lvt_f8d0a8c400404989e195270b0bbf060a=1562375217; PHPSESSID=iak28dcqub1q537ks84vegq10a; Hm_lpvt_f8d0a8c400404989e195270b0bbf060a=1562460719',
)
[ info ] [ PARAM ] array (
)
[ info ] [ LANG ] C:\xampp\htdocs\fastadmin\public/../application/admin\lang\zh-cn.php
[ info ] [ BEHAVIOR ] Run app\common\behavior\Common @module_init [ RunTime:0.004001s ]
[ info ] [ SESSION ] INIT array (
  'id' => '',
  'var_session_id' => '',
  'prefix' => 'think',
  'type' => '',
  'auto_start' => true,
)
[ info ] [ LANG ] C:\xampp\htdocs\fastadmin\public/../application/admin/lang/zh-cn/index.php
[ info ] [ RUN ] app\admin\controller\Index->index[ C:\xampp\htdocs\fastadmin\application\admin\controller\Index.php ]
[ info ] [ DB ] INIT mysql
[ info ] [ VIEW ] C:\xampp\htdocs\fastadmin\public/../application/admin\view\index\index.html [ array (
  0 => 'breadcrumb',
  1 => 'site',
  2 => 'config',
  3 => 'auth',
  4 => 'admin',
  5 => 'menulist',
  6 => 'navlist',
  7 => 'fixedmenu',
  8 => 'referermenu',
  9 => 'title',
) ]
[ info ] [ BEHAVIOR ] Run app\admin\behavior\AdminLog @app_end [ RunTime:0.000000s ]
[ info ] [ BEHAVIOR ] Run \addons\loginbgindex\Loginbgindex @response_send [ RunTime:0.000000s ]
[ info ] [ BEHAVIOR ] Run \addons\loginvideo\Loginvideo @response_send [ RunTime:0.000000s ]
[ info ] [ LOG ] INIT File
[ sql ] [ DB ] CONNECT:[ UseTime:0.038002s ] mysql:host=127.0.0.1;port=3306;dbname=fastadmin;charset=utf8
[ sql ] [ SQL ] SHOW COLUMNS FROM `fa_auth_group_access` [ RunTime:0.121007s ]
[ sql ] [ SQL ] SELECT `aga`.`uid`,`aga`.`group_id`,`ag`.`id`,`ag`.`pid`,`ag`.`name`,`ag`.`rules` FROM `fa_auth_group_access` `aga` LEFT JOIN `fa_auth_group` `ag` ON `aga`.`group_id`=`ag`.`id` WHERE  (  aga.uid='1' and ag.status='normal' ) [ RunTime:0.040502s ]
[ sql ] [ SQL ] SHOW COLUMNS FROM `fa_auth_rule` [ RunTime:0.037001s ]
[ sql ] [ SQL ] SELECT `id`,`pid`,`condition`,`icon`,`name`,`title`,`ismenu` FROM `fa_auth_rule` WHERE  `status` = 'normal' [ RunTime:0.002500s ]
---------------------------------------------------------------
[ 2019-07-07T08:52:18+08:00 ] 127.0.0.1 GET 127.0.0.1/admin/dashboard?addtabs=1
[运行时间：0.426024s] [吞吐率：2.35req/s] [内存消耗：3,743.23kb] [文件加载：143]
[ info ] [ BEHAVIOR ] Run Closure @app_init [ RunTime:0.000000s ]
[ info ] [ CACHE ] INIT File
[ info ] [ BEHAVIOR ] Run Closure @app_init [ RunTime:0.010001s ]
[ info ] [ LANG ] C:\xampp\htdocs\fastadmin\thinkphp\lang\zh-cn.php
[ info ] [ ROUTE ] array (
  'type' => 'module',
  'module' => 
  array (
    0 => 'admin',
    1 => 'dashboard',
    2 => NULL,
  ),
)
[ info ] [ HEADER ] array (
  'host' => '127.0.0.1',
  'connection' => 'keep-alive',
  'upgrade-insecure-requests' => '1',
  'user-agent' => 'Mozilla/5.0 (Windows NT 6.1; WOW64) AppleWebKit/537.36 (KHTML, like Gecko) Chrome/70.0.3538.25 Safari/537.36 Core/1.70.3704.400 QQBrowser/10.4.3587.400',
  'accept' => 'text/html,application/xhtml+xml,application/xml;q=0.9,image/webp,image/apng,*/*;q=0.8',
  'referer' => 'http://127.0.0.1/admin/index/index',
  'accept-encoding' => 'gzip, deflate, br',
  'accept-language' => 'zh-CN,zh;q=0.9',
  'cookie' => 'Hm_lvt_f8d0a8c400404989e195270b0bbf060a=1562375217; PHPSESSID=iak28dcqub1q537ks84vegq10a; Hm_lpvt_f8d0a8c400404989e195270b0bbf060a=1562460719',
)
[ info ] [ PARAM ] array (
  'addtabs' => '1',
)
[ info ] [ LANG ] C:\xampp\htdocs\fastadmin\public/../application/admin\lang\zh-cn.php
[ info ] [ BEHAVIOR ] Run app\common\behavior\Common @module_init [ RunTime:0.005000s ]
[ info ] [ SESSION ] INIT array (
  'id' => '',
  'var_session_id' => '',
  'prefix' => 'think',
  'type' => '',
  'auto_start' => true,
)
[ info ] [ DB ] INIT mysql
[ info ] [ LANG ] C:\xampp\htdocs\fastadmin\public/../application/admin/lang/zh-cn/dashboard.php
[ info ] [ RUN ] app\admin\controller\Dashboard->index[ C:\xampp\htdocs\fastadmin\application\admin\controller\Dashboard.php ]
[ info ] [ VIEW ] C:\xampp\htdocs\fastadmin\public/../application/admin\view\dashboard\index.html [ array (
  0 => 'breadcrumb',
  1 => 'site',
  2 => 'config',
  3 => 'auth',
  4 => 'admin',
  5 => 'totaluser',
  6 => 'totalviews',
  7 => 'totalorder',
  8 => 'totalorderamount',
  9 => 'todayuserlogin',
  10 => 'todayusersignup',
  11 => 'todayorder',
  12 => 'unsettleorder',
  13 => 'sevendnu',
  14 => 'sevendau',
  15 => 'paylist',
  16 => 'createlist',
  17 => 'addonversion',
  18 => 'uploadmode',
) ]
[ info ] [ BEHAVIOR ] Run app\admin\behavior\AdminLog @app_end [ RunTime:0.001000s ]
[ info ] [ BEHAVIOR ] Run \addons\loginbgindex\Loginbgindex @response_send [ RunTime:0.000000s ]
[ info ] [ BEHAVIOR ] Run \addons\loginvideo\Loginvideo @response_send [ RunTime:0.001000s ]
[ info ] [ LOG ] INIT File
[ sql ] [ DB ] CONNECT:[ UseTime:0.001000s ] mysql:host=127.0.0.1;port=3306;dbname=fastadmin;charset=utf8
[ sql ] [ SQL ] SHOW COLUMNS FROM `fa_auth_group_access` [ RunTime:0.010001s ]
[ sql ] [ SQL ] SELECT `aga`.`uid`,`aga`.`group_id`,`ag`.`id`,`ag`.`pid`,`ag`.`name`,`ag`.`rules` FROM `fa_auth_group_access` `aga` LEFT JOIN `fa_auth_group` `ag` ON `aga`.`group_id`=`ag`.`id` WHERE  (  aga.uid='1' and ag.status='normal' ) [ RunTime:0.001000s ]
[ sql ] [ SQL ] SHOW COLUMNS FROM `fa_auth_rule` [ RunTime:0.009001s ]
[ sql ] [ SQL ] SELECT `id`,`pid`,`condition`,`icon`,`name`,`title`,`ismenu` FROM `fa_auth_rule` WHERE  `status` = 'normal' [ RunTime:0.002000s ]
[ sql ] [ SQL ] SELECT `title`,`remark` FROM `fa_auth_rule` WHERE  `name` = 'dashboard' LIMIT 1 [ RunTime:0.028002s ]
---------------------------------------------------------------
[ 2019-07-07T08:52:21+08:00 ] 127.0.0.1 GET 127.0.0.1/admin/ajax/lang?callback=define&controllername=index&v=1562460736
[运行时间：0.186011s] [吞吐率：5.38req/s] [内存消耗：2,841.99kb] [文件加载：134]
[ info ] [ BEHAVIOR ] Run Closure @app_init [ RunTime:0.000000s ]
[ info ] [ CACHE ] INIT File
[ info ] [ BEHAVIOR ] Run Closure @app_init [ RunTime:0.010000s ]
[ info ] [ LANG ] C:\xampp\htdocs\fastadmin\thinkphp\lang\zh-cn.php
[ info ] [ ROUTE ] array (
  'type' => 'module',
  'module' => 
  array (
    0 => 'admin',
    1 => 'ajax',
    2 => 'lang',
  ),
)
[ info ] [ HEADER ] array (
  'host' => '127.0.0.1',
  'connection' => 'keep-alive',
  'user-agent' => 'Mozilla/5.0 (Windows NT 6.1; WOW64) AppleWebKit/537.36 (KHTML, like Gecko) Chrome/70.0.3538.25 Safari/537.36 Core/1.70.3704.400 QQBrowser/10.4.3587.400',
  'accept' => '*/*',
  'referer' => 'http://127.0.0.1/admin/index/index',
  'accept-encoding' => 'gzip, deflate, br',
  'accept-language' => 'zh-CN,zh;q=0.9',
  'cookie' => 'Hm_lvt_f8d0a8c400404989e195270b0bbf060a=1562375217; PHPSESSID=iak28dcqub1q537ks84vegq10a; Hm_lpvt_f8d0a8c400404989e195270b0bbf060a=1562460719',
)
[ info ] [ PARAM ] array (
  'callback' => 'define',
  'controllername' => 'index',
  'v' => '1562460736',
)
[ info ] [ LANG ] C:\xampp\htdocs\fastadmin\public/../application/admin\lang\zh-cn.php
[ info ] [ BEHAVIOR ] Run app\common\behavior\Common @module_init [ RunTime:0.004000s ]
[ info ] [ SESSION ] INIT array (
  'id' => '',
  'var_session_id' => '',
  'prefix' => 'think',
  'type' => '',
  'auto_start' => true,
)
[ info ] [ LANG ] C:\xampp\htdocs\fastadmin\public/../application/admin/lang/zh-cn/ajax.php
[ info ] [ RUN ] app\admin\controller\Ajax->lang[ C:\xampp\htdocs\fastadmin\application\admin\controller\Ajax.php ]
[ info ] [ LANG ] C:\xampp\htdocs\fastadmin\public/../application/admin/lang/zh-cn/index.php
[ info ] [ BEHAVIOR ] Run app\admin\behavior\AdminLog @app_end [ RunTime:0.001000s ]
[ info ] [ BEHAVIOR ] Run \addons\loginbgindex\Loginbgindex @response_send [ RunTime:0.000000s ]
[ info ] [ BEHAVIOR ] Run \addons\loginvideo\Loginvideo @response_send [ RunTime:0.001000s ]
[ info ] [ LOG ] INIT File
---------------------------------------------------------------
[ 2019-07-07T08:52:22+08:00 ] 127.0.0.1 GET 127.0.0.1/admin/ajax/lang?callback=define&controllername=dashboard&v=1562460738
[运行时间：0.094006s] [吞吐率：10.64req/s] [内存消耗：2,840.88kb] [文件加载：134]
[ info ] [ BEHAVIOR ] Run Closure @app_init [ RunTime:0.000000s ]
[ info ] [ CACHE ] INIT File
[ info ] [ BEHAVIOR ] Run Closure @app_init [ RunTime:0.007000s ]
[ info ] [ LANG ] C:\xampp\htdocs\fastadmin\thinkphp\lang\zh-cn.php
[ info ] [ ROUTE ] array (
  'type' => 'module',
  'module' => 
  array (
    0 => 'admin',
    1 => 'ajax',
    2 => 'lang',
  ),
)
[ info ] [ HEADER ] array (
  'host' => '127.0.0.1',
  'connection' => 'keep-alive',
  'user-agent' => 'Mozilla/5.0 (Windows NT 6.1; WOW64) AppleWebKit/537.36 (KHTML, like Gecko) Chrome/70.0.3538.25 Safari/537.36 Core/1.70.3704.400 QQBrowser/10.4.3587.400',
  'accept' => '*/*',
  'referer' => 'http://127.0.0.1/admin/dashboard?addtabs=1',
  'accept-encoding' => 'gzip, deflate, br',
  'accept-language' => 'zh-CN,zh;q=0.9',
  'cookie' => 'Hm_lvt_f8d0a8c400404989e195270b0bbf060a=1562375217; PHPSESSID=iak28dcqub1q537ks84vegq10a; Hm_lpvt_f8d0a8c400404989e195270b0bbf060a=1562460719',
)
[ info ] [ PARAM ] array (
  'callback' => 'define',
  'controllername' => 'dashboard',
  'v' => '1562460738',
)
[ info ] [ LANG ] C:\xampp\htdocs\fastadmin\public/../application/admin\lang\zh-cn.php
[ info ] [ BEHAVIOR ] Run app\common\behavior\Common @module_init [ RunTime:0.003001s ]
[ info ] [ SESSION ] INIT array (
  'id' => '',
  'var_session_id' => '',
  'prefix' => 'think',
  'type' => '',
  'auto_start' => true,
)
[ info ] [ LANG ] C:\xampp\htdocs\fastadmin\public/../application/admin/lang/zh-cn/ajax.php
[ info ] [ RUN ] app\admin\controller\Ajax->lang[ C:\xampp\htdocs\fastadmin\application\admin\controller\Ajax.php ]
[ info ] [ LANG ] C:\xampp\htdocs\fastadmin\public/../application/admin/lang/zh-cn/dashboard.php
[ info ] [ BEHAVIOR ] Run app\admin\behavior\AdminLog @app_end [ RunTime:0.000000s ]
[ info ] [ BEHAVIOR ] Run \addons\loginbgindex\Loginbgindex @response_send [ RunTime:0.000000s ]
[ info ] [ BEHAVIOR ] Run \addons\loginvideo\Loginvideo @response_send [ RunTime:0.001000s ]
[ info ] [ LOG ] INIT File
---------------------------------------------------------------
[ 2019-07-07T08:52:32+08:00 ] 127.0.0.1 GET 127.0.0.1/admin/auth/rule?addtabs=1
[运行时间：0.382022s] [吞吐率：2.62req/s] [内存消耗：3,927.73kb] [文件加载：144]
[ info ] [ BEHAVIOR ] Run Closure @app_init [ RunTime:0.000000s ]
[ info ] [ CACHE ] INIT File
[ info ] [ BEHAVIOR ] Run Closure @app_init [ RunTime:0.008001s ]
[ info ] [ LANG ] C:\xampp\htdocs\fastadmin\thinkphp\lang\zh-cn.php
[ info ] [ ROUTE ] array (
  'type' => 'module',
  'module' => 
  array (
    0 => 'admin',
    1 => 'auth.rule',
    2 => NULL,
  ),
)
[ info ] [ HEADER ] array (
  'host' => '127.0.0.1',
  'connection' => 'keep-alive',
  'upgrade-insecure-requests' => '1',
  'user-agent' => 'Mozilla/5.0 (Windows NT 6.1; WOW64) AppleWebKit/537.36 (KHTML, like Gecko) Chrome/70.0.3538.25 Safari/537.36 Core/1.70.3704.400 QQBrowser/10.4.3587.400',
  'accept' => 'text/html,application/xhtml+xml,application/xml;q=0.9,image/webp,image/apng,*/*;q=0.8',
  'referer' => 'http://127.0.0.1/admin/auth/rule?ref=addtabs',
  'accept-encoding' => 'gzip, deflate, br',
  'accept-language' => 'zh-CN,zh;q=0.9',
  'cookie' => 'Hm_lvt_f8d0a8c400404989e195270b0bbf060a=1562375217; PHPSESSID=iak28dcqub1q537ks84vegq10a; Hm_lpvt_f8d0a8c400404989e195270b0bbf060a=1562460719',
)
[ info ] [ PARAM ] array (
  'addtabs' => '1',
)
[ info ] [ LANG ] C:\xampp\htdocs\fastadmin\public/../application/admin\lang\zh-cn.php
[ info ] [ BEHAVIOR ] Run app\common\behavior\Common @module_init [ RunTime:0.003000s ]
[ info ] [ SESSION ] INIT array (
  'id' => '',
  'var_session_id' => '',
  'prefix' => 'think',
  'type' => '',
  'auto_start' => true,
)
[ info ] [ DB ] INIT mysql
[ info ] [ LANG ] C:\xampp\htdocs\fastadmin\public/../application/admin/lang/zh-cn/auth/rule.php
[ info ] [ RUN ] app\admin\controller\auth\Rule->index[ C:\xampp\htdocs\fastadmin\application\admin\controller\auth\Rule.php ]
[ info ] [ VIEW ] C:\xampp\htdocs\fastadmin\public/../application/admin\view\auth\rule\index.html [ array (
  0 => 'breadcrumb',
  1 => 'site',
  2 => 'config',
  3 => 'auth',
  4 => 'admin',
  5 => 'ruledata',
) ]
[ info ] [ BEHAVIOR ] Run app\admin\behavior\AdminLog @app_end [ RunTime:0.001000s ]
[ info ] [ BEHAVIOR ] Run \addons\loginbgindex\Loginbgindex @response_send [ RunTime:0.000000s ]
[ info ] [ BEHAVIOR ] Run \addons\loginvideo\Loginvideo @response_send [ RunTime:0.000000s ]
[ info ] [ LOG ] INIT File
[ sql ] [ DB ] CONNECT:[ UseTime:0.024001s ] mysql:host=127.0.0.1;port=3306;dbname=fastadmin;charset=utf8
[ sql ] [ SQL ] SHOW COLUMNS FROM `fa_auth_group_access` [ RunTime:0.012001s ]
[ sql ] [ SQL ] SELECT `aga`.`uid`,`aga`.`group_id`,`ag`.`id`,`ag`.`pid`,`ag`.`name`,`ag`.`rules` FROM `fa_auth_group_access` `aga` LEFT JOIN `fa_auth_group` `ag` ON `aga`.`group_id`=`ag`.`id` WHERE  (  aga.uid='1' and ag.status='normal' ) [ RunTime:0.001000s ]
[ sql ] [ SQL ] SHOW COLUMNS FROM `fa_auth_rule` [ RunTime:0.010001s ]
[ sql ] [ SQL ] SELECT `id`,`pid`,`condition`,`icon`,`name`,`title`,`ismenu` FROM `fa_auth_rule` WHERE  `status` = 'normal' [ RunTime:0.005000s ]
[ sql ] [ SQL ] SELECT * FROM `fa_auth_rule` ORDER BY `weigh` DESC,`id` ASC [ RunTime:0.005001s ]
[ sql ] [ SQL ] SELECT `title`,`remark` FROM `fa_auth_rule` WHERE  `name` = 'auth/rule' LIMIT 1 [ RunTime:0.002000s ]
---------------------------------------------------------------
[ 2019-07-07T08:52:33+08:00 ] 127.0.0.1 GET 127.0.0.1/admin/ajax/lang?callback=define&controllername=auth.rule&v=1562460752
[运行时间：0.092006s] [吞吐率：10.87req/s] [内存消耗：2,839.10kb] [文件加载：134]
[ info ] [ BEHAVIOR ] Run Closure @app_init [ RunTime:0.000000s ]
[ info ] [ CACHE ] INIT File
[ info ] [ BEHAVIOR ] Run Closure @app_init [ RunTime:0.006001s ]
[ info ] [ LANG ] C:\xampp\htdocs\fastadmin\thinkphp\lang\zh-cn.php
[ info ] [ ROUTE ] array (
  'type' => 'module',
  'module' => 
  array (
    0 => 'admin',
    1 => 'ajax',
    2 => 'lang',
  ),
)
[ info ] [ HEADER ] array (
  'host' => '127.0.0.1',
  'connection' => 'keep-alive',
  'user-agent' => 'Mozilla/5.0 (Windows NT 6.1; WOW64) AppleWebKit/537.36 (KHTML, like Gecko) Chrome/70.0.3538.25 Safari/537.36 Core/1.70.3704.400 QQBrowser/10.4.3587.400',
  'accept' => '*/*',
  'referer' => 'http://127.0.0.1/admin/auth/rule?addtabs=1',
  'accept-encoding' => 'gzip, deflate, br',
  'accept-language' => 'zh-CN,zh;q=0.9',
  'cookie' => 'Hm_lvt_f8d0a8c400404989e195270b0bbf060a=1562375217; PHPSESSID=iak28dcqub1q537ks84vegq10a; Hm_lpvt_f8d0a8c400404989e195270b0bbf060a=1562460719',
)
[ info ] [ PARAM ] array (
  'callback' => 'define',
  'controllername' => 'auth.rule',
  'v' => '1562460752',
)
[ info ] [ LANG ] C:\xampp\htdocs\fastadmin\public/../application/admin\lang\zh-cn.php
[ info ] [ BEHAVIOR ] Run app\common\behavior\Common @module_init [ RunTime:0.003000s ]
[ info ] [ SESSION ] INIT array (
  'id' => '',
  'var_session_id' => '',
  'prefix' => 'think',
  'type' => '',
  'auto_start' => true,
)
[ info ] [ LANG ] C:\xampp\htdocs\fastadmin\public/../application/admin/lang/zh-cn/ajax.php
[ info ] [ RUN ] app\admin\controller\Ajax->lang[ C:\xampp\htdocs\fastadmin\application\admin\controller\Ajax.php ]
[ info ] [ LANG ] C:\xampp\htdocs\fastadmin\public/../application/admin/lang/zh-cn/auth/rule.php
[ info ] [ BEHAVIOR ] Run app\admin\behavior\AdminLog @app_end [ RunTime:0.001000s ]
[ info ] [ BEHAVIOR ] Run \addons\loginbgindex\Loginbgindex @response_send [ RunTime:0.000000s ]
[ info ] [ BEHAVIOR ] Run \addons\loginvideo\Loginvideo @response_send [ RunTime:0.000000s ]
[ info ] [ LOG ] INIT File
---------------------------------------------------------------
[ 2019-07-07T08:52:34+08:00 ] 127.0.0.1 GET 127.0.0.1/admin/auth/rule/index?sort=weigh&order=desc&_=1562460753211
[运行时间：0.208012s] [吞吐率：4.81req/s] [内存消耗：4,057.53kb] [文件加载：144]
[ info ] [ BEHAVIOR ] Run Closure @app_init [ RunTime:0.000000s ]
[ info ] [ CACHE ] INIT File
[ info ] [ BEHAVIOR ] Run Closure @app_init [ RunTime:0.008000s ]
[ info ] [ LANG ] C:\xampp\htdocs\fastadmin\thinkphp\lang\zh-cn.php
[ info ] [ ROUTE ] array (
  'type' => 'module',
  'module' => 
  array (
    0 => 'admin',
    1 => 'auth.rule',
    2 => 'index',
  ),
)
[ info ] [ HEADER ] array (
  'host' => '127.0.0.1',
  'connection' => 'keep-alive',
  'accept' => 'application/json, text/javascript, */*; q=0.01',
  'x-requested-with' => 'XMLHttpRequest',
  'user-agent' => 'Mozilla/5.0 (Windows NT 6.1; WOW64) AppleWebKit/537.36 (KHTML, like Gecko) Chrome/70.0.3538.25 Safari/537.36 Core/1.70.3704.400 QQBrowser/10.4.3587.400',
  'content-type' => 'application/json',
  'referer' => 'http://127.0.0.1/admin/auth/rule?addtabs=1',
  'accept-encoding' => 'gzip, deflate, br',
  'accept-language' => 'zh-CN,zh;q=0.9',
  'cookie' => 'Hm_lvt_f8d0a8c400404989e195270b0bbf060a=1562375217; PHPSESSID=iak28dcqub1q537ks84vegq10a; Hm_lpvt_f8d0a8c400404989e195270b0bbf060a=1562460719',
)
[ info ] [ PARAM ] array (
  'sort' => 'weigh',
  'order' => 'desc',
  '_' => '1562460753211',
)
[ info ] [ LANG ] C:\xampp\htdocs\fastadmin\public/../application/admin\lang\zh-cn.php
[ info ] [ BEHAVIOR ] Run app\common\behavior\Common @module_init [ RunTime:0.003000s ]
[ info ] [ SESSION ] INIT array (
  'id' => '',
  'var_session_id' => '',
  'prefix' => 'think',
  'type' => '',
  'auto_start' => true,
)
[ info ] [ DB ] INIT mysql
[ info ] [ LANG ] C:\xampp\htdocs\fastadmin\public/../application/admin/lang/zh-cn/auth/rule.php
[ info ] [ RUN ] app\admin\controller\auth\Rule->index[ C:\xampp\htdocs\fastadmin\application\admin\controller\auth\Rule.php ]
[ info ] [ BEHAVIOR ] Run app\admin\behavior\AdminLog @app_end [ RunTime:0.002000s ]
[ info ] [ BEHAVIOR ] Run \addons\loginbgindex\Loginbgindex @response_send [ RunTime:0.000000s ]
[ info ] [ BEHAVIOR ] Run \addons\loginvideo\Loginvideo @response_send [ RunTime:0.000000s ]
[ info ] [ LOG ] INIT File
[ sql ] [ DB ] CONNECT:[ UseTime:0.010000s ] mysql:host=127.0.0.1;port=3306;dbname=fastadmin;charset=utf8
[ sql ] [ SQL ] SHOW COLUMNS FROM `fa_auth_group_access` [ RunTime:0.008001s ]
[ sql ] [ SQL ] SELECT `aga`.`uid`,`aga`.`group_id`,`ag`.`id`,`ag`.`pid`,`ag`.`name`,`ag`.`rules` FROM `fa_auth_group_access` `aga` LEFT JOIN `fa_auth_group` `ag` ON `aga`.`group_id`=`ag`.`id` WHERE  (  aga.uid='1' and ag.status='normal' ) [ RunTime:0.001000s ]
[ sql ] [ SQL ] SHOW COLUMNS FROM `fa_auth_rule` [ RunTime:0.011001s ]
[ sql ] [ SQL ] SELECT `id`,`pid`,`condition`,`icon`,`name`,`title`,`ismenu` FROM `fa_auth_rule` WHERE  `status` = 'normal' [ RunTime:0.004000s ]
[ sql ] [ SQL ] SELECT * FROM `fa_auth_rule` ORDER BY `weigh` DESC,`id` ASC [ RunTime:0.004001s ]
---------------------------------------------------------------
[ 2019-07-07T08:52:41+08:00 ] 127.0.0.1 GET 127.0.0.1/admin/auth/rule/edit/ids/8?dialog=1
[运行时间：0.351020s] [吞吐率：2.85req/s] [内存消耗：3,940.24kb] [文件加载：144]
[ info ] [ BEHAVIOR ] Run Closure @app_init [ RunTime:0.000000s ]
[ info ] [ CACHE ] INIT File
[ info ] [ BEHAVIOR ] Run Closure @app_init [ RunTime:0.006000s ]
[ info ] [ LANG ] C:\xampp\htdocs\fastadmin\thinkphp\lang\zh-cn.php
[ info ] [ ROUTE ] array (
  'type' => 'module',
  'module' => 
  array (
    0 => 'admin',
    1 => 'auth.rule',
    2 => 'edit',
  ),
)
[ info ] [ HEADER ] array (
  'host' => '127.0.0.1',
  'connection' => 'keep-alive',
  'upgrade-insecure-requests' => '1',
  'user-agent' => 'Mozilla/5.0 (Windows NT 6.1; WOW64) AppleWebKit/537.36 (KHTML, like Gecko) Chrome/70.0.3538.25 Safari/537.36 Core/1.70.3704.400 QQBrowser/10.4.3587.400',
  'accept' => 'text/html,application/xhtml+xml,application/xml;q=0.9,image/webp,image/apng,*/*;q=0.8',
  'referer' => 'http://127.0.0.1/admin/auth/rule?addtabs=1',
  'accept-encoding' => 'gzip, deflate, br',
  'accept-language' => 'zh-CN,zh;q=0.9',
  'cookie' => 'Hm_lvt_f8d0a8c400404989e195270b0bbf060a=1562375217; PHPSESSID=iak28dcqub1q537ks84vegq10a; Hm_lpvt_f8d0a8c400404989e195270b0bbf060a=1562460719',
)
[ info ] [ PARAM ] array (
  'dialog' => '1',
  'ids' => '8',
)
[ info ] [ LANG ] C:\xampp\htdocs\fastadmin\public/../application/admin\lang\zh-cn.php
[ info ] [ BEHAVIOR ] Run app\common\behavior\Common @module_init [ RunTime:0.003000s ]
[ info ] [ SESSION ] INIT array (
  'id' => '',
  'var_session_id' => '',
  'prefix' => 'think',
  'type' => '',
  'auto_start' => true,
)
[ info ] [ DB ] INIT mysql
[ info ] [ LANG ] C:\xampp\htdocs\fastadmin\public/../application/admin/lang/zh-cn/auth/rule.php
[ info ] [ RUN ] app\admin\controller\auth\Rule->edit[ C:\xampp\htdocs\fastadmin\application\admin\controller\auth\Rule.php ]
[ info ] [ VIEW ] C:\xampp\htdocs\fastadmin\public/../application/admin\view\auth\rule\edit.html [ array (
  0 => 'breadcrumb',
  1 => 'site',
  2 => 'config',
  3 => 'auth',
  4 => 'admin',
  5 => 'ruledata',
  6 => 'row',
) ]
[ info ] [ BEHAVIOR ] Run app\admin\behavior\AdminLog @app_end [ RunTime:0.001000s ]
[ info ] [ BEHAVIOR ] Run \addons\loginbgindex\Loginbgindex @response_send [ RunTime:0.000000s ]
[ info ] [ BEHAVIOR ] Run \addons\loginvideo\Loginvideo @response_send [ RunTime:0.000000s ]
[ info ] [ LOG ] INIT File
[ sql ] [ DB ] CONNECT:[ UseTime:0.041003s ] mysql:host=127.0.0.1;port=3306;dbname=fastadmin;charset=utf8
[ sql ] [ SQL ] SHOW COLUMNS FROM `fa_auth_group_access` [ RunTime:0.014000s ]
[ sql ] [ SQL ] SELECT `aga`.`uid`,`aga`.`group_id`,`ag`.`id`,`ag`.`pid`,`ag`.`name`,`ag`.`rules` FROM `fa_auth_group_access` `aga` LEFT JOIN `fa_auth_group` `ag` ON `aga`.`group_id`=`ag`.`id` WHERE  (  aga.uid='1' and ag.status='normal' ) [ RunTime:0.001000s ]
[ sql ] [ SQL ] SHOW COLUMNS FROM `fa_auth_rule` [ RunTime:0.009000s ]
[ sql ] [ SQL ] SELECT `id`,`pid`,`condition`,`icon`,`name`,`title`,`ismenu` FROM `fa_auth_rule` WHERE  `status` = 'normal' [ RunTime:0.003000s ]
[ sql ] [ SQL ] SELECT * FROM `fa_auth_rule` ORDER BY `weigh` DESC,`id` ASC [ RunTime:0.004000s ]
[ sql ] [ SQL ] SELECT * FROM `fa_auth_rule` WHERE  `id` = 8 LIMIT 1 [ RunTime:0.036002s ]
---------------------------------------------------------------
[ 2019-07-07T08:52:43+08:00 ] 127.0.0.1 GET 127.0.0.1/admin/ajax/lang?callback=define&controllername=auth.rule&v=1562460761
[运行时间：0.299017s] [吞吐率：3.34req/s] [内存消耗：2,839.15kb] [文件加载：134]
[ info ] [ BEHAVIOR ] Run Closure @app_init [ RunTime:0.000000s ]
[ info ] [ CACHE ] INIT File
[ info ] [ BEHAVIOR ] Run Closure @app_init [ RunTime:0.007001s ]
[ info ] [ LANG ] C:\xampp\htdocs\fastadmin\thinkphp\lang\zh-cn.php
[ info ] [ ROUTE ] array (
  'type' => 'module',
  'module' => 
  array (
    0 => 'admin',
    1 => 'ajax',
    2 => 'lang',
  ),
)
[ info ] [ HEADER ] array (
  'host' => '127.0.0.1',
  'connection' => 'keep-alive',
  'user-agent' => 'Mozilla/5.0 (Windows NT 6.1; WOW64) AppleWebKit/537.36 (KHTML, like Gecko) Chrome/70.0.3538.25 Safari/537.36 Core/1.70.3704.400 QQBrowser/10.4.3587.400',
  'accept' => '*/*',
  'referer' => 'http://127.0.0.1/admin/auth/rule/edit/ids/8?dialog=1',
  'accept-encoding' => 'gzip, deflate, br',
  'accept-language' => 'zh-CN,zh;q=0.9',
  'cookie' => 'Hm_lvt_f8d0a8c400404989e195270b0bbf060a=1562375217; PHPSESSID=iak28dcqub1q537ks84vegq10a; Hm_lpvt_f8d0a8c400404989e195270b0bbf060a=1562460719',
)
[ info ] [ PARAM ] array (
  'callback' => 'define',
  'controllername' => 'auth.rule',
  'v' => '1562460761',
)
[ info ] [ LANG ] C:\xampp\htdocs\fastadmin\public/../application/admin\lang\zh-cn.php
[ info ] [ BEHAVIOR ] Run app\common\behavior\Common @module_init [ RunTime:0.003000s ]
[ info ] [ SESSION ] INIT array (
  'id' => '',
  'var_session_id' => '',
  'prefix' => 'think',
  'type' => '',
  'auto_start' => true,
)
[ info ] [ LANG ] C:\xampp\htdocs\fastadmin\public/../application/admin/lang/zh-cn/ajax.php
[ info ] [ RUN ] app\admin\controller\Ajax->lang[ C:\xampp\htdocs\fastadmin\application\admin\controller\Ajax.php ]
[ info ] [ LANG ] C:\xampp\htdocs\fastadmin\public/../application/admin/lang/zh-cn/auth/rule.php
[ info ] [ BEHAVIOR ] Run app\admin\behavior\AdminLog @app_end [ RunTime:0.000000s ]
[ info ] [ BEHAVIOR ] Run \addons\loginbgindex\Loginbgindex @response_send [ RunTime:0.000000s ]
[ info ] [ BEHAVIOR ] Run \addons\loginvideo\Loginvideo @response_send [ RunTime:0.001000s ]
[ info ] [ LOG ] INIT File
---------------------------------------------------------------
[ 2019-07-07T08:53:37+08:00 ] 127.0.0.1 GET 127.0.0.1/admin/contract/verify?addtabs=1
[运行时间：0.302017s] [吞吐率：3.31req/s] [内存消耗：3,691.82kb] [文件加载：142]
[ info ] [ BEHAVIOR ] Run Closure @app_init [ RunTime:0.000000s ]
[ info ] [ CACHE ] INIT File
[ info ] [ BEHAVIOR ] Run Closure @app_init [ RunTime:0.010001s ]
[ info ] [ LANG ] C:\xampp\htdocs\fastadmin\thinkphp\lang\zh-cn.php
[ info ] [ ROUTE ] array (
  'type' => 'module',
  'module' => 
  array (
    0 => 'admin',
    1 => 'contract.verify',
    2 => NULL,
  ),
)
[ info ] [ HEADER ] array (
  'host' => '127.0.0.1',
  'connection' => 'keep-alive',
  'upgrade-insecure-requests' => '1',
  'user-agent' => 'Mozilla/5.0 (Windows NT 6.1; WOW64) AppleWebKit/537.36 (KHTML, like Gecko) Chrome/70.0.3538.25 Safari/537.36 Core/1.70.3704.400 QQBrowser/10.4.3587.400',
  'accept' => 'text/html,application/xhtml+xml,application/xml;q=0.9,image/webp,image/apng,*/*;q=0.8',
  'referer' => 'http://127.0.0.1/admin/contract/verify?ref=addtabs',
  'accept-encoding' => 'gzip, deflate, br',
  'accept-language' => 'zh-CN,zh;q=0.9',
  'cookie' => 'Hm_lvt_f8d0a8c400404989e195270b0bbf060a=1562375217; PHPSESSID=iak28dcqub1q537ks84vegq10a; Hm_lpvt_f8d0a8c400404989e195270b0bbf060a=1562460719',
)
[ info ] [ PARAM ] array (
  'addtabs' => '1',
)
[ info ] [ LANG ] C:\xampp\htdocs\fastadmin\public/../application/admin\lang\zh-cn.php
[ info ] [ BEHAVIOR ] Run app\common\behavior\Common @module_init [ RunTime:0.006000s ]
[ info ] [ SESSION ] INIT array (
  'id' => '',
  'var_session_id' => '',
  'prefix' => 'think',
  'type' => '',
  'auto_start' => true,
)
[ info ] [ DB ] INIT mysql
[ info ] [ LANG ] C:\xampp\htdocs\fastadmin\public/../application/admin/lang/zh-cn/contract/verify.php
[ info ] [ DB ] INIT mysql
[ info ] [ RUN ] app\admin\controller\contract\Verify->index[ C:\xampp\htdocs\fastadmin\application\admin\controller\contract\Verify.php ]
[ info ] [ VIEW ] C:\xampp\htdocs\fastadmin\public/../application/admin\view\contract\verify\index.html [ array (
  0 => 'breadcrumb',
  1 => 'site',
  2 => 'config',
  3 => 'auth',
  4 => 'admin',
) ]
[ info ] [ BEHAVIOR ] Run app\admin\behavior\AdminLog @app_end [ RunTime:0.001000s ]
[ info ] [ BEHAVIOR ] Run \addons\loginbgindex\Loginbgindex @response_send [ RunTime:0.000000s ]
[ info ] [ BEHAVIOR ] Run \addons\loginvideo\Loginvideo @response_send [ RunTime:0.000000s ]
[ info ] [ LOG ] INIT File
[ sql ] [ DB ] CONNECT:[ UseTime:0.001000s ] mysql:host=127.0.0.1;port=3306;dbname=fastadmin;charset=utf8
[ sql ] [ SQL ] SHOW COLUMNS FROM `fa_auth_group_access` [ RunTime:0.009001s ]
[ sql ] [ SQL ] SELECT `aga`.`uid`,`aga`.`group_id`,`ag`.`id`,`ag`.`pid`,`ag`.`name`,`ag`.`rules` FROM `fa_auth_group_access` `aga` LEFT JOIN `fa_auth_group` `ag` ON `aga`.`group_id`=`ag`.`id` WHERE  (  aga.uid='1' and ag.status='normal' ) [ RunTime:0.001000s ]
[ sql ] [ SQL ] SHOW COLUMNS FROM `fa_auth_rule` [ RunTime:0.009001s ]
[ sql ] [ SQL ] SELECT `id`,`pid`,`condition`,`icon`,`name`,`title`,`ismenu` FROM `fa_auth_rule` WHERE  `status` = 'normal' [ RunTime:0.005000s ]
[ sql ] [ SQL ] SELECT `title`,`remark` FROM `fa_auth_rule` WHERE  `name` = 'contract/verify' LIMIT 1 [ RunTime:0.001000s ]
---------------------------------------------------------------
[ 2019-07-07T08:53:37+08:00 ] 127.0.0.1 GET 127.0.0.1/admin/ajax/lang?callback=define&controllername=contract.verify&v=1562460817
[运行时间：0.081005s] [吞吐率：12.34req/s] [内存消耗：2,838.62kb] [文件加载：134]
[ info ] [ BEHAVIOR ] Run Closure @app_init [ RunTime:0.000000s ]
[ info ] [ CACHE ] INIT File
[ info ] [ BEHAVIOR ] Run Closure @app_init [ RunTime:0.006000s ]
[ info ] [ LANG ] C:\xampp\htdocs\fastadmin\thinkphp\lang\zh-cn.php
[ info ] [ ROUTE ] array (
  'type' => 'module',
  'module' => 
  array (
    0 => 'admin',
    1 => 'ajax',
    2 => 'lang',
  ),
)
[ info ] [ HEADER ] array (
  'host' => '127.0.0.1',
  'connection' => 'keep-alive',
  'user-agent' => 'Mozilla/5.0 (Windows NT 6.1; WOW64) AppleWebKit/537.36 (KHTML, like Gecko) Chrome/70.0.3538.25 Safari/537.36 Core/1.70.3704.400 QQBrowser/10.4.3587.400',
  'accept' => '*/*',
  'referer' => 'http://127.0.0.1/admin/contract/verify?addtabs=1',
  'accept-encoding' => 'gzip, deflate, br',
  'accept-language' => 'zh-CN,zh;q=0.9',
  'cookie' => 'Hm_lvt_f8d0a8c400404989e195270b0bbf060a=1562375217; PHPSESSID=iak28dcqub1q537ks84vegq10a; Hm_lpvt_f8d0a8c400404989e195270b0bbf060a=1562460719',
)
[ info ] [ PARAM ] array (
  'callback' => 'define',
  'controllername' => 'contract.verify',
  'v' => '1562460817',
)
[ info ] [ LANG ] C:\xampp\htdocs\fastadmin\public/../application/admin\lang\zh-cn.php
[ info ] [ BEHAVIOR ] Run app\common\behavior\Common @module_init [ RunTime:0.003000s ]
[ info ] [ SESSION ] INIT array (
  'id' => '',
  'var_session_id' => '',
  'prefix' => 'think',
  'type' => '',
  'auto_start' => true,
)
[ info ] [ LANG ] C:\xampp\htdocs\fastadmin\public/../application/admin/lang/zh-cn/ajax.php
[ info ] [ RUN ] app\admin\controller\Ajax->lang[ C:\xampp\htdocs\fastadmin\application\admin\controller\Ajax.php ]
[ info ] [ LANG ] C:\xampp\htdocs\fastadmin\public/../application/admin/lang/zh-cn/contract/verify.php
[ info ] [ BEHAVIOR ] Run app\admin\behavior\AdminLog @app_end [ RunTime:0.000000s ]
[ info ] [ BEHAVIOR ] Run \addons\loginbgindex\Loginbgindex @response_send [ RunTime:0.000000s ]
[ info ] [ BEHAVIOR ] Run \addons\loginvideo\Loginvideo @response_send [ RunTime:0.001000s ]
[ info ] [ LOG ] INIT File
---------------------------------------------------------------
[ 2019-07-07T08:53:38+08:00 ] 127.0.0.1 GET 127.0.0.1/admin/contract/verify/index?addtabs=1&sort=id&order=desc&offset=0&limit=10&_=1562460812725
[运行时间：0.511029s] [吞吐率：1.96req/s] [内存消耗：3,851.98kb] [文件加载：147]
[ info ] [ BEHAVIOR ] Run Closure @app_init [ RunTime:0.000000s ]
[ info ] [ CACHE ] INIT File
[ info ] [ BEHAVIOR ] Run Closure @app_init [ RunTime:0.006000s ]
[ info ] [ LANG ] C:\xampp\htdocs\fastadmin\thinkphp\lang\zh-cn.php
[ info ] [ ROUTE ] array (
  'type' => 'module',
  'module' => 
  array (
    0 => 'admin',
    1 => 'contract.verify',
    2 => 'index',
  ),
)
[ info ] [ HEADER ] array (
  'host' => '127.0.0.1',
  'connection' => 'keep-alive',
  'accept' => 'application/json, text/javascript, */*; q=0.01',
  'x-requested-with' => 'XMLHttpRequest',
  'user-agent' => 'Mozilla/5.0 (Windows NT 6.1; WOW64) AppleWebKit/537.36 (KHTML, like Gecko) Chrome/70.0.3538.25 Safari/537.36 Core/1.70.3704.400 QQBrowser/10.4.3587.400',
  'content-type' => 'application/json',
  'referer' => 'http://127.0.0.1/admin/contract/verify?addtabs=1',
  'accept-encoding' => 'gzip, deflate, br',
  'accept-language' => 'zh-CN,zh;q=0.9',
  'cookie' => 'Hm_lvt_f8d0a8c400404989e195270b0bbf060a=1562375217; PHPSESSID=iak28dcqub1q537ks84vegq10a; Hm_lpvt_f8d0a8c400404989e195270b0bbf060a=1562460719',
)
[ info ] [ PARAM ] array (
  'addtabs' => '1',
  'sort' => 'id',
  'order' => 'desc',
  'offset' => '0',
  'limit' => '10',
  '_' => '1562460812725',
)
[ info ] [ LANG ] C:\xampp\htdocs\fastadmin\public/../application/admin\lang\zh-cn.php
[ info ] [ BEHAVIOR ] Run app\common\behavior\Common @module_init [ RunTime:0.003000s ]
[ info ] [ SESSION ] INIT array (
  'id' => '',
  'var_session_id' => '',
  'prefix' => 'think',
  'type' => '',
  'auto_start' => true,
)
[ info ] [ DB ] INIT mysql
[ info ] [ LANG ] C:\xampp\htdocs\fastadmin\public/../application/admin/lang/zh-cn/contract/verify.php
[ info ] [ DB ] INIT mysql
[ info ] [ RUN ] app\admin\controller\contract\Verify->index[ C:\xampp\htdocs\fastadmin\application\admin\controller\contract\Verify.php ]
[ info ] [ BEHAVIOR ] Run app\admin\behavior\AdminLog @app_end [ RunTime:0.000000s ]
[ info ] [ BEHAVIOR ] Run \addons\loginbgindex\Loginbgindex @response_send [ RunTime:0.001000s ]
[ info ] [ BEHAVIOR ] Run \addons\loginvideo\Loginvideo @response_send [ RunTime:0.000000s ]
[ info ] [ LOG ] INIT File
[ sql ] [ DB ] CONNECT:[ UseTime:0.001000s ] mysql:host=127.0.0.1;port=3306;dbname=fastadmin;charset=utf8
[ sql ] [ SQL ] SHOW COLUMNS FROM `fa_auth_group_access` [ RunTime:0.007001s ]
[ sql ] [ SQL ] SELECT `aga`.`uid`,`aga`.`group_id`,`ag`.`id`,`ag`.`pid`,`ag`.`name`,`ag`.`rules` FROM `fa_auth_group_access` `aga` LEFT JOIN `fa_auth_group` `ag` ON `aga`.`group_id`=`ag`.`id` WHERE  (  aga.uid='1' and ag.status='normal' ) [ RunTime:0.000000s ]
[ sql ] [ SQL ] SHOW COLUMNS FROM `fa_auth_rule` [ RunTime:0.009000s ]
[ sql ] [ SQL ] SELECT `id`,`pid`,`condition`,`icon`,`name`,`title`,`ismenu` FROM `fa_auth_rule` WHERE  `status` = 'normal' [ RunTime:0.002000s ]
[ sql ] [ DB ] CONNECT:[ UseTime:0.001000s ] mysql:host=127.0.0.1;port=3306;dbname=fastadmin;charset=utf8
[ sql ] [ SQL ] SHOW COLUMNS FROM `fa_contract_verify` [ RunTime:0.076004s ]
[ sql ] [ SQL ] SHOW COLUMNS FROM `fa_contract_info` [ RunTime:0.070004s ]
[ sql ] [ SQL ] SHOW COLUMNS FROM `fa_admin` [ RunTime:0.032002s ]
[ sql ] [ SQL ] SELECT COUNT(*) AS tp_count FROM `fa_contract_verify` `contract_verify` LEFT JOIN `fa_contract_info` `contractinfo` ON `contract_verify`.`contract_info_id`=`contractinfo`.`id` LEFT JOIN `fa_admin` `admin` ON `contract_verify`.`admin_id`=`admin`.`id` ORDER BY `contract_verify`.`id` DESC LIMIT 1 [ RunTime:0.002000s ]
[ sql ] [ SQL ] SHOW COLUMNS FROM `fa_project_section` [ RunTime:0.057004s ]
[ sql ] [ SQL ] SELECT 
                        contract_info.id as id,
                        CONCAT(project_info.number,'-材',contract_info.number) as number,
                        project_info.name as projectName,
                        GROUP_CONCAT(project_section.name) as sectionName,
                        company_info.name as companyName,
                        contract_info.name as contractName,
                        contract_info.createtime as contractCreateTime
                     FROM `fa_project_section` `project_section`,`fa_contract_verify` `contract_verify` INNER JOIN `fa_contract_info` `contract_info` ON `contract_info`.`id`=`contract_verify`.`contract_info_id` INNER JOIN `fa_project_info` `project_info` ON `contract_info`.`project_info_id`=`project_info`.`id` INNER JOIN `fa_company_info` `company_info` ON `contract_info`.`company_info_id`=`company_info`.`id` WHERE  (  FIND_IN_SET(project_section.id,contract_info.project_section_ids) ) ORDER BY `contract_verify`.`id` DESC [ RunTime:0.080004s ]
---------------------------------------------------------------
[ 2019-07-07T08:53:41+08:00 ] 127.0.0.1 GET 127.0.0.1/admin/contract/verify/examine/ids/3?dialog=1
[运行时间：0.319018s] [吞吐率：3.13req/s] [内存消耗：3,653.59kb] [文件加载：141]
[ info ] [ BEHAVIOR ] Run Closure @app_init [ RunTime:0.000000s ]
[ info ] [ CACHE ] INIT File
[ info ] [ BEHAVIOR ] Run Closure @app_init [ RunTime:0.007000s ]
[ info ] [ LANG ] C:\xampp\htdocs\fastadmin\thinkphp\lang\zh-cn.php
[ info ] [ ROUTE ] array (
  'type' => 'module',
  'module' => 
  array (
    0 => 'admin',
    1 => 'contract.verify',
    2 => 'examine',
  ),
)
[ info ] [ HEADER ] array (
  'host' => '127.0.0.1',
  'connection' => 'keep-alive',
  'upgrade-insecure-requests' => '1',
  'user-agent' => 'Mozilla/5.0 (Windows NT 6.1; WOW64) AppleWebKit/537.36 (KHTML, like Gecko) Chrome/70.0.3538.25 Safari/537.36 Core/1.70.3704.400 QQBrowser/10.4.3587.400',
  'accept' => 'text/html,application/xhtml+xml,application/xml;q=0.9,image/webp,image/apng,*/*;q=0.8',
  'referer' => 'http://127.0.0.1/admin/contract/verify?addtabs=1',
  'accept-encoding' => 'gzip, deflate, br',
  'accept-language' => 'zh-CN,zh;q=0.9',
  'cookie' => 'Hm_lvt_f8d0a8c400404989e195270b0bbf060a=1562375217; PHPSESSID=iak28dcqub1q537ks84vegq10a; Hm_lpvt_f8d0a8c400404989e195270b0bbf060a=1562460719',
)
[ info ] [ PARAM ] array (
  'dialog' => '1',
  'ids' => '3',
)
[ info ] [ LANG ] C:\xampp\htdocs\fastadmin\public/../application/admin\lang\zh-cn.php
[ info ] [ BEHAVIOR ] Run app\common\behavior\Common @module_init [ RunTime:0.004000s ]
[ info ] [ SESSION ] INIT array (
  'id' => '',
  'var_session_id' => '',
  'prefix' => 'think',
  'type' => '',
  'auto_start' => true,
)
[ info ] [ DB ] INIT mysql
[ info ] [ LANG ] C:\xampp\htdocs\fastadmin\public/../application/admin/lang/zh-cn/contract/verify.php
[ info ] [ DB ] INIT mysql
[ info ] [ RUN ] app\admin\controller\contract\Verify->examine[ C:\xampp\htdocs\fastadmin\application\admin\controller\contract\Verify.php ]
[ info ] [ VIEW ] C:\xampp\htdocs\fastadmin\public/../application/admin\view\contract\verify\examine.html [ array (
  0 => 'breadcrumb',
  1 => 'site',
  2 => 'config',
  3 => 'auth',
  4 => 'admin',
  5 => 'agreedataList',
  6 => 'list',
) ]
[ info ] [ BEHAVIOR ] Run app\admin\behavior\AdminLog @app_end [ RunTime:0.000000s ]
[ info ] [ BEHAVIOR ] Run \addons\loginbgindex\Loginbgindex @response_send [ RunTime:0.000000s ]
[ info ] [ BEHAVIOR ] Run \addons\loginvideo\Loginvideo @response_send [ RunTime:0.001000s ]
[ info ] [ LOG ] INIT File
[ sql ] [ DB ] CONNECT:[ UseTime:0.012001s ] mysql:host=127.0.0.1;port=3306;dbname=fastadmin;charset=utf8
[ sql ] [ SQL ] SHOW COLUMNS FROM `fa_auth_group_access` [ RunTime:0.020001s ]
[ sql ] [ SQL ] SELECT `aga`.`uid`,`aga`.`group_id`,`ag`.`id`,`ag`.`pid`,`ag`.`name`,`ag`.`rules` FROM `fa_auth_group_access` `aga` LEFT JOIN `fa_auth_group` `ag` ON `aga`.`group_id`=`ag`.`id` WHERE  (  aga.uid='1' and ag.status='normal' ) [ RunTime:0.002000s ]
[ sql ] [ SQL ] SHOW COLUMNS FROM `fa_auth_rule` [ RunTime:0.016001s ]
[ sql ] [ SQL ] SELECT `id`,`pid`,`condition`,`icon`,`name`,`title`,`ismenu` FROM `fa_auth_rule` WHERE  `status` = 'normal' [ RunTime:0.013000s ]
[ sql ] [ SQL ] SHOW COLUMNS FROM `fa_contract_info` [ RunTime:0.016000s ]
[ sql ] [ SQL ] SELECT 
                    contract_info.id as id,
                    project_info.name as projectName,
                    GROUP_CONCAT(project_section.name) as sectionName,
                    project_manager.name as managerName,
                    company_info.name as companyName,
                    company_info.phone as companyPhone,
                    contract_info.name as contractName,
                    contract_info.price as contractPrice,
                    category.name as categoryName,
                    category.id as categoryId,
                    contract_info.settlement as contractSettlement,
                    contract_info.createtime as contractCreateTime
                 FROM `fa_contract_info` `contract_info` INNER JOIN `fa_project_info` `project_info` ON `project_info`.`id`=`contract_info`.`project_info_id` INNER JOIN `fa_project_section` `project_section` ON FIND_IN_SET(project_section.id,contract_info.project_section_ids) INNER JOIN `fa_category` `category` ON `category`.`id`=`contract_info`.`category_id` INNER JOIN `fa_company_info` `company_info` ON `company_info`.`id`=`contract_info`.`company_info_id` INNER JOIN `fa_project_manager` `project_manager` ON `project_manager`.`id`=`project_section`.`project_manager_id` WHERE  `contract_info`.`id` = '3' [ RunTime:0.076005s ]
---------------------------------------------------------------
[ 2019-07-07T08:53:42+08:00 ] 127.0.0.1 GET 127.0.0.1/admin/ajax/lang?callback=define&controllername=contract.verify&v=1562460821
[运行时间：0.081005s] [吞吐率：12.34req/s] [内存消耗：2,838.62kb] [文件加载：134]
[ info ] [ BEHAVIOR ] Run Closure @app_init [ RunTime:0.000000s ]
[ info ] [ CACHE ] INIT File
[ info ] [ BEHAVIOR ] Run Closure @app_init [ RunTime:0.006000s ]
[ info ] [ LANG ] C:\xampp\htdocs\fastadmin\thinkphp\lang\zh-cn.php
[ info ] [ ROUTE ] array (
  'type' => 'module',
  'module' => 
  array (
    0 => 'admin',
    1 => 'ajax',
    2 => 'lang',
  ),
)
[ info ] [ HEADER ] array (
  'host' => '127.0.0.1',
  'connection' => 'keep-alive',
  'user-agent' => 'Mozilla/5.0 (Windows NT 6.1; WOW64) AppleWebKit/537.36 (KHTML, like Gecko) Chrome/70.0.3538.25 Safari/537.36 Core/1.70.3704.400 QQBrowser/10.4.3587.400',
  'accept' => '*/*',
  'referer' => 'http://127.0.0.1/admin/contract/verify/examine/ids/3?dialog=1',
  'accept-encoding' => 'gzip, deflate, br',
  'accept-language' => 'zh-CN,zh;q=0.9',
  'cookie' => 'Hm_lvt_f8d0a8c400404989e195270b0bbf060a=1562375217; PHPSESSID=iak28dcqub1q537ks84vegq10a; Hm_lpvt_f8d0a8c400404989e195270b0bbf060a=1562460719',
)
[ info ] [ PARAM ] array (
  'callback' => 'define',
  'controllername' => 'contract.verify',
  'v' => '1562460821',
)
[ info ] [ LANG ] C:\xampp\htdocs\fastadmin\public/../application/admin\lang\zh-cn.php
[ info ] [ BEHAVIOR ] Run app\common\behavior\Common @module_init [ RunTime:0.004000s ]
[ info ] [ SESSION ] INIT array (
  'id' => '',
  'var_session_id' => '',
  'prefix' => 'think',
  'type' => '',
  'auto_start' => true,
)
[ info ] [ LANG ] C:\xampp\htdocs\fastadmin\public/../application/admin/lang/zh-cn/ajax.php
[ info ] [ RUN ] app\admin\controller\Ajax->lang[ C:\xampp\htdocs\fastadmin\application\admin\controller\Ajax.php ]
[ info ] [ LANG ] C:\xampp\htdocs\fastadmin\public/../application/admin/lang/zh-cn/contract/verify.php
[ info ] [ BEHAVIOR ] Run app\admin\behavior\AdminLog @app_end [ RunTime:0.001000s ]
[ info ] [ BEHAVIOR ] Run \addons\loginbgindex\Loginbgindex @response_send [ RunTime:0.000000s ]
[ info ] [ BEHAVIOR ] Run \addons\loginvideo\Loginvideo @response_send [ RunTime:0.000000s ]
[ info ] [ LOG ] INIT File
---------------------------------------------------------------
[ 2019-07-07T08:53:44+08:00 ] 127.0.0.1 GET 127.0.0.1/admin/contract/verify/payinfo?dialog=1
[运行时间：0.193011s] [吞吐率：5.18req/s] [内存消耗：3,671.50kb] [文件加载：141]
[ info ] [ BEHAVIOR ] Run Closure @app_init [ RunTime:0.000000s ]
[ info ] [ CACHE ] INIT File
[ info ] [ BEHAVIOR ] Run Closure @app_init [ RunTime:0.007001s ]
[ info ] [ LANG ] C:\xampp\htdocs\fastadmin\thinkphp\lang\zh-cn.php
[ info ] [ ROUTE ] array (
  'type' => 'module',
  'module' => 
  array (
    0 => 'admin',
    1 => 'contract.verify',
    2 => 'payinfo',
  ),
)
[ info ] [ HEADER ] array (
  'host' => '127.0.0.1',
  'connection' => 'keep-alive',
  'upgrade-insecure-requests' => '1',
  'user-agent' => 'Mozilla/5.0 (Windows NT 6.1; WOW64) AppleWebKit/537.36 (KHTML, like Gecko) Chrome/70.0.3538.25 Safari/537.36 Core/1.70.3704.400 QQBrowser/10.4.3587.400',
  'accept' => 'text/html,application/xhtml+xml,application/xml;q=0.9,image/webp,image/apng,*/*;q=0.8',
  'referer' => 'http://127.0.0.1/admin/contract/verify/examine/ids/3?dialog=1',
  'accept-encoding' => 'gzip, deflate, br',
  'accept-language' => 'zh-CN,zh;q=0.9',
  'cookie' => 'Hm_lvt_f8d0a8c400404989e195270b0bbf060a=1562375217; PHPSESSID=iak28dcqub1q537ks84vegq10a; Hm_lpvt_f8d0a8c400404989e195270b0bbf060a=1562460719',
)
[ info ] [ PARAM ] array (
  'dialog' => '1',
)
[ info ] [ LANG ] C:\xampp\htdocs\fastadmin\public/../application/admin\lang\zh-cn.php
[ info ] [ BEHAVIOR ] Run app\common\behavior\Common @module_init [ RunTime:0.003000s ]
[ info ] [ SESSION ] INIT array (
  'id' => '',
  'var_session_id' => '',
  'prefix' => 'think',
  'type' => '',
  'auto_start' => true,
)
[ info ] [ DB ] INIT mysql
[ info ] [ LANG ] C:\xampp\htdocs\fastadmin\public/../application/admin/lang/zh-cn/contract/verify.php
[ info ] [ DB ] INIT mysql
[ info ] [ RUN ] app\admin\controller\contract\Verify->payinfo[ C:\xampp\htdocs\fastadmin\application\admin\controller\contract\Verify.php ]
[ info ] [ VIEW ] C:\xampp\htdocs\fastadmin\public/../application/admin\view\contract\verify\payinfo.html [ array (
  0 => 'breadcrumb',
  1 => 'site',
  2 => 'config',
  3 => 'auth',
  4 => 'admin',
) ]
[ info ] [ BEHAVIOR ] Run app\admin\behavior\AdminLog @app_end [ RunTime:0.000000s ]
[ info ] [ BEHAVIOR ] Run \addons\loginbgindex\Loginbgindex @response_send [ RunTime:0.000000s ]
[ info ] [ BEHAVIOR ] Run \addons\loginvideo\Loginvideo @response_send [ RunTime:0.002000s ]
[ info ] [ LOG ] INIT File
[ sql ] [ DB ] CONNECT:[ UseTime:0.010001s ] mysql:host=127.0.0.1;port=3306;dbname=fastadmin;charset=utf8
[ sql ] [ SQL ] SHOW COLUMNS FROM `fa_auth_group_access` [ RunTime:0.010000s ]
[ sql ] [ SQL ] SELECT `aga`.`uid`,`aga`.`group_id`,`ag`.`id`,`ag`.`pid`,`ag`.`name`,`ag`.`rules` FROM `fa_auth_group_access` `aga` LEFT JOIN `fa_auth_group` `ag` ON `aga`.`group_id`=`ag`.`id` WHERE  (  aga.uid='1' and ag.status='normal' ) [ RunTime:0.002000s ]
[ sql ] [ SQL ] SHOW COLUMNS FROM `fa_auth_rule` [ RunTime:0.009001s ]
[ sql ] [ SQL ] SELECT `id`,`pid`,`condition`,`icon`,`name`,`title`,`ismenu` FROM `fa_auth_rule` WHERE  `status` = 'normal' [ RunTime:0.005000s ]
---------------------------------------------------------------
[ 2019-07-07T08:53:44+08:00 ] 127.0.0.1 GET 127.0.0.1/admin/ajax/lang?callback=define&controllername=contract.verify&v=1562460823
[运行时间：0.098006s] [吞吐率：10.20req/s] [内存消耗：2,838.62kb] [文件加载：134]
[ info ] [ BEHAVIOR ] Run Closure @app_init [ RunTime:0.000000s ]
[ info ] [ CACHE ] INIT File
[ info ] [ BEHAVIOR ] Run Closure @app_init [ RunTime:0.007001s ]
[ info ] [ LANG ] C:\xampp\htdocs\fastadmin\thinkphp\lang\zh-cn.php
[ info ] [ ROUTE ] array (
  'type' => 'module',
  'module' => 
  array (
    0 => 'admin',
    1 => 'ajax',
    2 => 'lang',
  ),
)
[ info ] [ HEADER ] array (
  'host' => '127.0.0.1',
  'connection' => 'keep-alive',
  'user-agent' => 'Mozilla/5.0 (Windows NT 6.1; WOW64) AppleWebKit/537.36 (KHTML, like Gecko) Chrome/70.0.3538.25 Safari/537.36 Core/1.70.3704.400 QQBrowser/10.4.3587.400',
  'accept' => '*/*',
  'referer' => 'http://127.0.0.1/admin/contract/verify/payinfo?dialog=1',
  'accept-encoding' => 'gzip, deflate, br',
  'accept-language' => 'zh-CN,zh;q=0.9',
  'cookie' => 'Hm_lvt_f8d0a8c400404989e195270b0bbf060a=1562375217; PHPSESSID=iak28dcqub1q537ks84vegq10a; Hm_lpvt_f8d0a8c400404989e195270b0bbf060a=1562460719',
)
[ info ] [ PARAM ] array (
  'callback' => 'define',
  'controllername' => 'contract.verify',
  'v' => '1562460823',
)
[ info ] [ LANG ] C:\xampp\htdocs\fastadmin\public/../application/admin\lang\zh-cn.php
[ info ] [ BEHAVIOR ] Run app\common\behavior\Common @module_init [ RunTime:0.004000s ]
[ info ] [ SESSION ] INIT array (
  'id' => '',
  'var_session_id' => '',
  'prefix' => 'think',
  'type' => '',
  'auto_start' => true,
)
[ info ] [ LANG ] C:\xampp\htdocs\fastadmin\public/../application/admin/lang/zh-cn/ajax.php
[ info ] [ RUN ] app\admin\controller\Ajax->lang[ C:\xampp\htdocs\fastadmin\application\admin\controller\Ajax.php ]
[ info ] [ LANG ] C:\xampp\htdocs\fastadmin\public/../application/admin/lang/zh-cn/contract/verify.php
[ info ] [ BEHAVIOR ] Run app\admin\behavior\AdminLog @app_end [ RunTime:0.000000s ]
[ info ] [ BEHAVIOR ] Run \addons\loginbgindex\Loginbgindex @response_send [ RunTime:0.000000s ]
[ info ] [ BEHAVIOR ] Run \addons\loginvideo\Loginvideo @response_send [ RunTime:0.001000s ]
[ info ] [ LOG ] INIT File
---------------------------------------------------------------
[ 2019-07-07T08:53:45+08:00 ] 127.0.0.1 GET 127.0.0.1/admin/contract/verify/payinfo?dialog=1&sort=id&order=desc&offset=0&limit=10&_=1562460819572
[运行时间：0.203012s] [吞吐率：4.93req/s] [内存消耗：3,791.94kb] [文件加载：146]
[ info ] [ BEHAVIOR ] Run Closure @app_init [ RunTime:0.000000s ]
[ info ] [ CACHE ] INIT File
[ info ] [ BEHAVIOR ] Run Closure @app_init [ RunTime:0.008001s ]
[ info ] [ LANG ] C:\xampp\htdocs\fastadmin\thinkphp\lang\zh-cn.php
[ info ] [ ROUTE ] array (
  'type' => 'module',
  'module' => 
  array (
    0 => 'admin',
    1 => 'contract.verify',
    2 => 'payinfo',
  ),
)
[ info ] [ HEADER ] array (
  'host' => '127.0.0.1',
  'connection' => 'keep-alive',
  'accept' => 'application/json, text/javascript, */*; q=0.01',
  'x-requested-with' => 'XMLHttpRequest',
  'user-agent' => 'Mozilla/5.0 (Windows NT 6.1; WOW64) AppleWebKit/537.36 (KHTML, like Gecko) Chrome/70.0.3538.25 Safari/537.36 Core/1.70.3704.400 QQBrowser/10.4.3587.400',
  'content-type' => 'application/json',
  'referer' => 'http://127.0.0.1/admin/contract/verify/payinfo?dialog=1',
  'accept-encoding' => 'gzip, deflate, br',
  'accept-language' => 'zh-CN,zh;q=0.9',
  'cookie' => 'Hm_lvt_f8d0a8c400404989e195270b0bbf060a=1562375217; PHPSESSID=iak28dcqub1q537ks84vegq10a; Hm_lpvt_f8d0a8c400404989e195270b0bbf060a=1562460719',
)
[ info ] [ PARAM ] array (
  'dialog' => '1',
  'sort' => 'id',
  'order' => 'desc',
  'offset' => '0',
  'limit' => '10',
  '_' => '1562460819572',
)
[ info ] [ LANG ] C:\xampp\htdocs\fastadmin\public/../application/admin\lang\zh-cn.php
[ info ] [ BEHAVIOR ] Run app\common\behavior\Common @module_init [ RunTime:0.004001s ]
[ info ] [ SESSION ] INIT array (
  'id' => '',
  'var_session_id' => '',
  'prefix' => 'think',
  'type' => '',
  'auto_start' => true,
)
[ info ] [ DB ] INIT mysql
[ info ] [ LANG ] C:\xampp\htdocs\fastadmin\public/../application/admin/lang/zh-cn/contract/verify.php
[ info ] [ DB ] INIT mysql
[ info ] [ RUN ] app\admin\controller\contract\Verify->payinfo[ C:\xampp\htdocs\fastadmin\application\admin\controller\contract\Verify.php ]
[ info ] [ BEHAVIOR ] Run app\admin\behavior\AdminLog @app_end [ RunTime:0.000000s ]
[ info ] [ BEHAVIOR ] Run \addons\loginbgindex\Loginbgindex @response_send [ RunTime:0.000000s ]
[ info ] [ BEHAVIOR ] Run \addons\loginvideo\Loginvideo @response_send [ RunTime:0.001001s ]
[ info ] [ LOG ] INIT File
[ sql ] [ DB ] CONNECT:[ UseTime:0.001000s ] mysql:host=127.0.0.1;port=3306;dbname=fastadmin;charset=utf8
[ sql ] [ SQL ] SHOW COLUMNS FROM `fa_auth_group_access` [ RunTime:0.008001s ]
[ sql ] [ SQL ] SELECT `aga`.`uid`,`aga`.`group_id`,`ag`.`id`,`ag`.`pid`,`ag`.`name`,`ag`.`rules` FROM `fa_auth_group_access` `aga` LEFT JOIN `fa_auth_group` `ag` ON `aga`.`group_id`=`ag`.`id` WHERE  (  aga.uid='1' and ag.status='normal' ) [ RunTime:0.001000s ]
[ sql ] [ SQL ] SHOW COLUMNS FROM `fa_auth_rule` [ RunTime:0.009001s ]
[ sql ] [ SQL ] SELECT `id`,`pid`,`condition`,`icon`,`name`,`title`,`ismenu` FROM `fa_auth_rule` WHERE  `status` = 'normal' [ RunTime:0.003000s ]
[ sql ] [ DB ] CONNECT:[ UseTime:0.011001s ] mysql:host=127.0.0.1;port=3306;dbname=fastadmin;charset=utf8
[ sql ] [ SQL ] SHOW COLUMNS FROM `fa_contract_verify` [ RunTime:0.008001s ]
[ sql ] [ SQL ] SHOW COLUMNS FROM `fa_contract_info` [ RunTime:0.010000s ]
[ sql ] [ SQL ] SHOW COLUMNS FROM `fa_admin` [ RunTime:0.009001s ]
[ sql ] [ SQL ] SELECT COUNT(*) AS tp_count FROM `fa_contract_verify` `contract_verify` LEFT JOIN `fa_contract_info` `contractinfo` ON `contract_verify`.`contract_info_id`=`contractinfo`.`id` LEFT JOIN `fa_admin` `admin` ON `contract_verify`.`admin_id`=`admin`.`id` ORDER BY `contract_verify`.`id` DESC LIMIT 1 [ RunTime:0.001000s ]
[ sql ] [ SQL ] SHOW COLUMNS FROM `fa_project_section` [ RunTime:0.008000s ]
[ sql ] [ SQL ] SELECT 
                        contract_info.id as id,
                        CONCAT(project_info.number,'-材',contract_info.number) as number,
                        project_info.name as projectName,
                        GROUP_CONCAT(project_section.name) as sectionName,
                        company_info.name as companyName,
                        contract_info.name as contractName,
                        contract_info.createtime as contractCreateTime
                     FROM `fa_project_section` `project_section`,`fa_contract_verify` `contract_verify` INNER JOIN `fa_contract_info` `contract_info` ON `contract_info`.`id`=`contract_verify`.`contract_info_id` INNER JOIN `fa_project_info` `project_info` ON `contract_info`.`project_info_id`=`project_info`.`id` INNER JOIN `fa_company_info` `company_info` ON `contract_info`.`company_info_id`=`company_info`.`id` WHERE  (  FIND_IN_SET(project_section.id,contract_info.project_section_ids) ) ORDER BY `contract_verify`.`id` DESC [ RunTime:0.001000s ]
---------------------------------------------------------------
[ 2019-07-07T08:55:41+08:00 ] 127.0.0.1 GET 127.0.0.1/admin/finance/info?addtabs=1
[运行时间：0.241014s] [吞吐率：4.15req/s] [内存消耗：3,741.98kb] [文件加载：145]
[ info ] [ BEHAVIOR ] Run Closure @app_init [ RunTime:0.000000s ]
[ info ] [ CACHE ] INIT File
[ info ] [ BEHAVIOR ] Run Closure @app_init [ RunTime:0.008001s ]
[ info ] [ LANG ] C:\xampp\htdocs\fastadmin\thinkphp\lang\zh-cn.php
[ info ] [ ROUTE ] array (
  'type' => 'module',
  'module' => 
  array (
    0 => 'admin',
    1 => 'finance.info',
    2 => NULL,
  ),
)
[ info ] [ HEADER ] array (
  'host' => '127.0.0.1',
  'connection' => 'keep-alive',
  'upgrade-insecure-requests' => '1',
  'user-agent' => 'Mozilla/5.0 (Windows NT 6.1; WOW64) AppleWebKit/537.36 (KHTML, like Gecko) Chrome/70.0.3538.25 Safari/537.36 Core/1.70.3704.400 QQBrowser/10.4.3587.400',
  'accept' => 'text/html,application/xhtml+xml,application/xml;q=0.9,image/webp,image/apng,*/*;q=0.8',
  'referer' => 'http://127.0.0.1/admin/finance/info?ref=addtabs',
  'accept-encoding' => 'gzip, deflate, br',
  'accept-language' => 'zh-CN,zh;q=0.9',
  'cookie' => 'Hm_lvt_f8d0a8c400404989e195270b0bbf060a=1562375217; PHPSESSID=iak28dcqub1q537ks84vegq10a; Hm_lpvt_f8d0a8c400404989e195270b0bbf060a=1562460719',
)
[ info ] [ PARAM ] array (
  'addtabs' => '1',
)
[ info ] [ LANG ] C:\xampp\htdocs\fastadmin\public/../application/admin\lang\zh-cn.php
[ info ] [ BEHAVIOR ] Run app\common\behavior\Common @module_init [ RunTime:0.004000s ]
[ info ] [ SESSION ] INIT array (
  'id' => '',
  'var_session_id' => '',
  'prefix' => 'think',
  'type' => '',
  'auto_start' => true,
)
[ info ] [ DB ] INIT mysql
[ info ] [ LANG ] C:\xampp\htdocs\fastadmin\public/../application/admin/lang/zh-cn/finance/info.php
[ info ] [ DB ] INIT mysql
[ info ] [ RUN ] app\admin\controller\finance\Info->index[ C:\xampp\htdocs\fastadmin\application\admin\controller\finance\Info.php ]
[ info ] [ VIEW ] C:\xampp\htdocs\fastadmin\public/../application/admin\view\finance\info\index.html [ array (
  0 => 'breadcrumb',
  1 => 'site',
  2 => 'config',
  3 => 'auth',
  4 => 'admin',
  5 => 'categoryList',
) ]
[ info ] [ BEHAVIOR ] Run app\admin\behavior\AdminLog @app_end [ RunTime:0.000000s ]
[ info ] [ BEHAVIOR ] Run \addons\loginbgindex\Loginbgindex @response_send [ RunTime:0.000000s ]
[ info ] [ BEHAVIOR ] Run \addons\loginvideo\Loginvideo @response_send [ RunTime:0.001000s ]
[ info ] [ LOG ] INIT File
[ sql ] [ DB ] CONNECT:[ UseTime:0.010001s ] mysql:host=127.0.0.1;port=3306;dbname=fastadmin;charset=utf8
[ sql ] [ SQL ] SHOW COLUMNS FROM `fa_auth_group_access` [ RunTime:0.009000s ]
[ sql ] [ SQL ] SELECT `aga`.`uid`,`aga`.`group_id`,`ag`.`id`,`ag`.`pid`,`ag`.`name`,`ag`.`rules` FROM `fa_auth_group_access` `aga` LEFT JOIN `fa_auth_group` `ag` ON `aga`.`group_id`=`ag`.`id` WHERE  (  aga.uid='1' and ag.status='normal' ) [ RunTime:0.001000s ]
[ sql ] [ SQL ] SHOW COLUMNS FROM `fa_auth_rule` [ RunTime:0.008001s ]
[ sql ] [ SQL ] SELECT `id`,`pid`,`condition`,`icon`,`name`,`title`,`ismenu` FROM `fa_auth_rule` WHERE  `status` = 'normal' [ RunTime:0.002000s ]
[ sql ] [ SQL ] SHOW COLUMNS FROM `fa_category` [ RunTime:0.008000s ]
[ sql ] [ SQL ] SELECT * FROM `fa_category` WHERE  `type` = 'cost' [ RunTime:0.002000s ]
---------------------------------------------------------------
[ 2019-07-07T08:55:42+08:00 ] 127.0.0.1 GET 127.0.0.1/admin/ajax/lang?callback=define&controllername=finance.info&v=1562460941
[运行时间：0.114006s] [吞吐率：8.77req/s] [内存消耗：2,838.80kb] [文件加载：134]
[ info ] [ BEHAVIOR ] Run Closure @app_init [ RunTime:0.000000s ]
[ info ] [ CACHE ] INIT File
[ info ] [ BEHAVIOR ] Run Closure @app_init [ RunTime:0.012001s ]
[ info ] [ LANG ] C:\xampp\htdocs\fastadmin\thinkphp\lang\zh-cn.php
[ info ] [ ROUTE ] array (
  'type' => 'module',
  'module' => 
  array (
    0 => 'admin',
    1 => 'ajax',
    2 => 'lang',
  ),
)
[ info ] [ HEADER ] array (
  'host' => '127.0.0.1',
  'connection' => 'keep-alive',
  'user-agent' => 'Mozilla/5.0 (Windows NT 6.1; WOW64) AppleWebKit/537.36 (KHTML, like Gecko) Chrome/70.0.3538.25 Safari/537.36 Core/1.70.3704.400 QQBrowser/10.4.3587.400',
  'accept' => '*/*',
  'referer' => 'http://127.0.0.1/admin/finance/info?addtabs=1',
  'accept-encoding' => 'gzip, deflate, br',
  'accept-language' => 'zh-CN,zh;q=0.9',
  'cookie' => 'Hm_lvt_f8d0a8c400404989e195270b0bbf060a=1562375217; PHPSESSID=iak28dcqub1q537ks84vegq10a; Hm_lpvt_f8d0a8c400404989e195270b0bbf060a=1562460719',
)
[ info ] [ PARAM ] array (
  'callback' => 'define',
  'controllername' => 'finance.info',
  'v' => '1562460941',
)
[ info ] [ LANG ] C:\xampp\htdocs\fastadmin\public/../application/admin\lang\zh-cn.php
[ info ] [ BEHAVIOR ] Run app\common\behavior\Common @module_init [ RunTime:0.005001s ]
[ info ] [ SESSION ] INIT array (
  'id' => '',
  'var_session_id' => '',
  'prefix' => 'think',
  'type' => '',
  'auto_start' => true,
)
[ info ] [ LANG ] C:\xampp\htdocs\fastadmin\public/../application/admin/lang/zh-cn/ajax.php
[ info ] [ RUN ] app\admin\controller\Ajax->lang[ C:\xampp\htdocs\fastadmin\application\admin\controller\Ajax.php ]
[ info ] [ LANG ] C:\xampp\htdocs\fastadmin\public/../application/admin/lang/zh-cn/finance/info.php
[ info ] [ BEHAVIOR ] Run app\admin\behavior\AdminLog @app_end [ RunTime:0.001000s ]
[ info ] [ BEHAVIOR ] Run \addons\loginbgindex\Loginbgindex @response_send [ RunTime:0.000000s ]
[ info ] [ BEHAVIOR ] Run \addons\loginvideo\Loginvideo @response_send [ RunTime:0.000000s ]
[ info ] [ LOG ] INIT File
---------------------------------------------------------------
[ 2019-07-07T08:55:43+08:00 ] 127.0.0.1 GET 127.0.0.1/admin/finance/info/index?addtabs=1&sort=id&order=desc&offset=0&limit=10&filter=%7B%7D&op=%7B%7D&_=1562460942447
[运行时间：0.579033s] [吞吐率：1.73req/s] [内存消耗：4,078.09kb] [文件加载：152]
[ info ] [ BEHAVIOR ] Run Closure @app_init [ RunTime:0.000000s ]
[ info ] [ CACHE ] INIT File
[ info ] [ BEHAVIOR ] Run Closure @app_init [ RunTime:0.008001s ]
[ info ] [ LANG ] C:\xampp\htdocs\fastadmin\thinkphp\lang\zh-cn.php
[ info ] [ ROUTE ] array (
  'type' => 'module',
  'module' => 
  array (
    0 => 'admin',
    1 => 'finance.info',
    2 => 'index',
  ),
)
[ info ] [ HEADER ] array (
  'host' => '127.0.0.1',
  'connection' => 'keep-alive',
  'accept' => 'application/json, text/javascript, */*; q=0.01',
  'x-requested-with' => 'XMLHttpRequest',
  'user-agent' => 'Mozilla/5.0 (Windows NT 6.1; WOW64) AppleWebKit/537.36 (KHTML, like Gecko) Chrome/70.0.3538.25 Safari/537.36 Core/1.70.3704.400 QQBrowser/10.4.3587.400',
  'content-type' => 'application/json',
  'referer' => 'http://127.0.0.1/admin/finance/info?addtabs=1',
  'accept-encoding' => 'gzip, deflate, br',
  'accept-language' => 'zh-CN,zh;q=0.9',
  'cookie' => 'Hm_lvt_f8d0a8c400404989e195270b0bbf060a=1562375217; PHPSESSID=iak28dcqub1q537ks84vegq10a; Hm_lpvt_f8d0a8c400404989e195270b0bbf060a=1562460719',
)
[ info ] [ PARAM ] array (
  'addtabs' => '1',
  'sort' => 'id',
  'order' => 'desc',
  'offset' => '0',
  'limit' => '10',
  'filter' => '{}',
  'op' => '{}',
  '_' => '1562460942447',
)
[ info ] [ LANG ] C:\xampp\htdocs\fastadmin\public/../application/admin\lang\zh-cn.php
[ info ] [ BEHAVIOR ] Run app\common\behavior\Common @module_init [ RunTime:0.004000s ]
[ info ] [ SESSION ] INIT array (
  'id' => '',
  'var_session_id' => '',
  'prefix' => 'think',
  'type' => '',
  'auto_start' => true,
)
[ info ] [ DB ] INIT mysql
[ info ] [ LANG ] C:\xampp\htdocs\fastadmin\public/../application/admin/lang/zh-cn/finance/info.php
[ info ] [ DB ] INIT mysql
[ info ] [ RUN ] app\admin\controller\finance\Info->index[ C:\xampp\htdocs\fastadmin\application\admin\controller\finance\Info.php ]
[ info ] [ BEHAVIOR ] Run app\admin\behavior\AdminLog @app_end [ RunTime:0.000000s ]
[ info ] [ BEHAVIOR ] Run \addons\loginbgindex\Loginbgindex @response_send [ RunTime:0.001000s ]
[ info ] [ BEHAVIOR ] Run \addons\loginvideo\Loginvideo @response_send [ RunTime:0.000000s ]
[ info ] [ LOG ] INIT File
[ sql ] [ DB ] CONNECT:[ UseTime:0.001000s ] mysql:host=127.0.0.1;port=3306;dbname=fastadmin;charset=utf8
[ sql ] [ SQL ] SHOW COLUMNS FROM `fa_auth_group_access` [ RunTime:0.008001s ]
[ sql ] [ SQL ] SELECT `aga`.`uid`,`aga`.`group_id`,`ag`.`id`,`ag`.`pid`,`ag`.`name`,`ag`.`rules` FROM `fa_auth_group_access` `aga` LEFT JOIN `fa_auth_group` `ag` ON `aga`.`group_id`=`ag`.`id` WHERE  (  aga.uid='1' and ag.status='normal' ) [ RunTime:0.001000s ]
[ sql ] [ SQL ] SHOW COLUMNS FROM `fa_auth_rule` [ RunTime:0.008000s ]
[ sql ] [ SQL ] SELECT `id`,`pid`,`condition`,`icon`,`name`,`title`,`ismenu` FROM `fa_auth_rule` WHERE  `status` = 'normal' [ RunTime:0.003001s ]
[ sql ] [ DB ] CONNECT:[ UseTime:0.001000s ] mysql:host=127.0.0.1;port=3306;dbname=fastadmin;charset=utf8
[ sql ] [ SQL ] SHOW COLUMNS FROM `fa_finance_info` [ RunTime:0.074004s ]
[ sql ] [ SQL ] SHOW COLUMNS FROM `fa_project_info` [ RunTime:0.008001s ]
[ sql ] [ SQL ] SHOW COLUMNS FROM `fa_project_section` [ RunTime:0.008000s ]
[ sql ] [ SQL ] SHOW COLUMNS FROM `fa_company_info` [ RunTime:0.008000s ]
[ sql ] [ SQL ] SHOW COLUMNS FROM `fa_category` [ RunTime:0.009001s ]
[ sql ] [ SQL ] SHOW COLUMNS FROM `fa_admin` [ RunTime:0.008000s ]
[ sql ] [ SQL ] SELECT COUNT(*) AS tp_count FROM `fa_finance_info` `finance_info` LEFT JOIN `fa_project_info` `projectinfo` ON `finance_info`.`project_info_id`=`projectinfo`.`id` LEFT JOIN `fa_project_section` `projectsection` ON `finance_info`.`project_section_id`=`projectsection`.`id` LEFT JOIN `fa_company_info` `companyinfo` ON `finance_info`.`company_info_id`=`companyinfo`.`id` LEFT JOIN `fa_category` `category` ON `finance_info`.`category_id`=`category`.`id` LEFT JOIN `fa_admin` `admin` ON `finance_info`.`admin_id`=`admin`.`id` ORDER BY `finance_info`.`id` DESC LIMIT 1 [ RunTime:0.002000s ]
[ sql ] [ SQL ] SELECT `finance_info`.`id`,`finance_info`.`project_info_id`,`finance_info`.`project_section_id`,`finance_info`.`company_info_id`,`finance_info`.`category_id`,`finance_info`.`price`,`finance_info`.`contacts`,`finance_info`.`phone`,`finance_info`.`remark`,`finance_info`.`createtime`,`finance_info`.`updatetime`,`finance_info`.`admin_id`,projectinfo.id AS projectinfo__id,projectinfo.number AS projectinfo__number,projectinfo.name AS projectinfo__name,projectinfo.price AS projectinfo__price,projectinfo.starttime AS projectinfo__starttime,projectinfo.days AS projectinfo__days,projectinfo.city AS projectinfo__city,projectinfo.address AS projectinfo__address,projectinfo.surveycontent AS projectinfo__surveycontent,projectinfo.remark AS projectinfo__remark,projectinfo.createtime AS projectinfo__createtime,projectinfo.updatetime AS projectinfo__updatetime,projectinfo.admin_id AS projectinfo__admin_id,projectsection.id AS projectsection__id,projectsection.project_info_id AS projectsection__project_info_id,projectsection.project_manager_id AS projectsection__project_manager_id,projectsection.name AS projectsection__name,projectsection.price AS projectsection__price,projectsection.surveycontent AS projectsection__surveycontent,projectsection.remark AS projectsection__remark,projectsection.createtime AS projectsection__createtime,projectsection.updatetime AS projectsection__updatetime,projectsection.admin_id AS projectsection__admin_id,companyinfo.id AS companyinfo__id,companyinfo.name AS companyinfo__name,companyinfo.code AS companyinfo__code,companyinfo.type AS companyinfo__type,companyinfo.status AS companyinfo__status,companyinfo.regCapital AS companyinfo__regCapital,companyinfo.scope AS companyinfo__scope,companyinfo.address AS companyinfo__address,companyinfo.contacts AS companyinfo__contacts,companyinfo.phone AS companyinfo__phone,companyinfo.payname AS companyinfo__payname,companyinfo.account AS companyinfo__account,companyinfo.bankname AS companyinfo__bankname,companyinfo.uploadimages AS companyinfo__uploadimages,companyinfo.remark AS companyinfo__remark,companyinfo.createtime AS companyinfo__createtime,companyinfo.updatetime AS companyinfo__updatetime,companyinfo.weigh AS companyinfo__weigh,companyinfo.admin_id AS companyinfo__admin_id,category.id AS category__id,category.pid AS category__pid,category.type AS category__type,category.name AS category__name,category.nickname AS category__nickname,category.flag AS category__flag,category.image AS category__image,category.keywords AS category__keywords,category.description AS category__description,category.diyname AS category__diyname,category.createtime AS category__createtime,category.updatetime AS category__updatetime,category.weigh AS category__weigh,category.status AS category__status,admin.id AS admin__id,admin.username AS admin__username,admin.nickname AS admin__nickname,admin.password AS admin__password,admin.salt AS admin__salt,admin.avatar AS admin__avatar,admin.email AS admin__email,admin.loginfailure AS admin__loginfailure,admin.logintime AS admin__logintime,admin.createtime AS admin__createtime,admin.updatetime AS admin__updatetime,admin.token AS admin__token,admin.status AS admin__status FROM `fa_finance_info` `finance_info` LEFT JOIN `fa_project_info` `projectinfo` ON `finance_info`.`project_info_id`=`projectinfo`.`id` LEFT JOIN `fa_project_section` `projectsection` ON `finance_info`.`project_section_id`=`projectsection`.`id` LEFT JOIN `fa_company_info` `companyinfo` ON `finance_info`.`company_info_id`=`companyinfo`.`id` LEFT JOIN `fa_category` `category` ON `finance_info`.`category_id`=`category`.`id` LEFT JOIN `fa_admin` `admin` ON `finance_info`.`admin_id`=`admin`.`id` ORDER BY `finance_info`.`id` DESC LIMIT 0,10 [ RunTime:0.036003s ]
---------------------------------------------------------------
[ 2019-07-07T08:55:58+08:00 ] 127.0.0.1 GET 127.0.0.1/admin/contract/verify/index?addtabs=1&sort=id&order=desc&offset=0&limit=10&_=1562460812726
[运行时间：0.417024s] [吞吐率：2.40req/s] [内存消耗：3,851.98kb] [文件加载：147]
[ info ] [ BEHAVIOR ] Run Closure @app_init [ RunTime:0.000000s ]
[ info ] [ CACHE ] INIT File
[ info ] [ BEHAVIOR ] Run Closure @app_init [ RunTime:0.043002s ]
[ info ] [ LANG ] C:\xampp\htdocs\fastadmin\thinkphp\lang\zh-cn.php
[ info ] [ ROUTE ] array (
  'type' => 'module',
  'module' => 
  array (
    0 => 'admin',
    1 => 'contract.verify',
    2 => 'index',
  ),
)
[ info ] [ HEADER ] array (
  'host' => '127.0.0.1',
  'connection' => 'keep-alive',
  'accept' => 'application/json, text/javascript, */*; q=0.01',
  'x-requested-with' => 'XMLHttpRequest',
  'user-agent' => 'Mozilla/5.0 (Windows NT 6.1; WOW64) AppleWebKit/537.36 (KHTML, like Gecko) Chrome/70.0.3538.25 Safari/537.36 Core/1.70.3704.400 QQBrowser/10.4.3587.400',
  'content-type' => 'application/json',
  'referer' => 'http://127.0.0.1/admin/contract/verify?addtabs=1',
  'accept-encoding' => 'gzip, deflate, br',
  'accept-language' => 'zh-CN,zh;q=0.9',
  'cookie' => 'Hm_lvt_f8d0a8c400404989e195270b0bbf060a=1562375217; PHPSESSID=iak28dcqub1q537ks84vegq10a; Hm_lpvt_f8d0a8c400404989e195270b0bbf060a=1562460719',
)
[ info ] [ PARAM ] array (
  'addtabs' => '1',
  'sort' => 'id',
  'order' => 'desc',
  'offset' => '0',
  'limit' => '10',
  '_' => '1562460812726',
)
[ info ] [ LANG ] C:\xampp\htdocs\fastadmin\public/../application/admin\lang\zh-cn.php
[ info ] [ BEHAVIOR ] Run app\common\behavior\Common @module_init [ RunTime:0.006000s ]
[ info ] [ SESSION ] INIT array (
  'id' => '',
  'var_session_id' => '',
  'prefix' => 'think',
  'type' => '',
  'auto_start' => true,
)
[ info ] [ DB ] INIT mysql
[ info ] [ LANG ] C:\xampp\htdocs\fastadmin\public/../application/admin/lang/zh-cn/contract/verify.php
[ info ] [ DB ] INIT mysql
[ info ] [ RUN ] app\admin\controller\contract\Verify->index[ C:\xampp\htdocs\fastadmin\application\admin\controller\contract\Verify.php ]
[ info ] [ BEHAVIOR ] Run app\admin\behavior\AdminLog @app_end [ RunTime:0.001000s ]
[ info ] [ BEHAVIOR ] Run \addons\loginbgindex\Loginbgindex @response_send [ RunTime:0.000000s ]
[ info ] [ BEHAVIOR ] Run \addons\loginvideo\Loginvideo @response_send [ RunTime:0.001001s ]
[ info ] [ LOG ] INIT File
[ sql ] [ DB ] CONNECT:[ UseTime:0.013001s ] mysql:host=127.0.0.1;port=3306;dbname=fastadmin;charset=utf8
[ sql ] [ SQL ] SHOW COLUMNS FROM `fa_auth_group_access` [ RunTime:0.016001s ]
[ sql ] [ SQL ] SELECT `aga`.`uid`,`aga`.`group_id`,`ag`.`id`,`ag`.`pid`,`ag`.`name`,`ag`.`rules` FROM `fa_auth_group_access` `aga` LEFT JOIN `fa_auth_group` `ag` ON `aga`.`group_id`=`ag`.`id` WHERE  (  aga.uid='1' and ag.status='normal' ) [ RunTime:0.002000s ]
[ sql ] [ SQL ] SHOW COLUMNS FROM `fa_auth_rule` [ RunTime:0.009001s ]
[ sql ] [ SQL ] SELECT `id`,`pid`,`condition`,`icon`,`name`,`title`,`ismenu` FROM `fa_auth_rule` WHERE  `status` = 'normal' [ RunTime:0.003000s ]
[ sql ] [ DB ] CONNECT:[ UseTime:0.011001s ] mysql:host=127.0.0.1;port=3306;dbname=fastadmin;charset=utf8
[ sql ] [ SQL ] SHOW COLUMNS FROM `fa_contract_verify` [ RunTime:0.023001s ]
[ sql ] [ SQL ] SHOW COLUMNS FROM `fa_contract_info` [ RunTime:0.015001s ]
[ sql ] [ SQL ] SHOW COLUMNS FROM `fa_admin` [ RunTime:0.016001s ]
[ sql ] [ SQL ] SELECT COUNT(*) AS tp_count FROM `fa_contract_verify` `contract_verify` LEFT JOIN `fa_contract_info` `contractinfo` ON `contract_verify`.`contract_info_id`=`contractinfo`.`id` LEFT JOIN `fa_admin` `admin` ON `contract_verify`.`admin_id`=`admin`.`id` ORDER BY `contract_verify`.`id` DESC LIMIT 1 [ RunTime:0.001000s ]
[ sql ] [ SQL ] SHOW COLUMNS FROM `fa_project_section` [ RunTime:0.016001s ]
[ sql ] [ SQL ] SELECT 
                        contract_info.id as id,
                        CONCAT(project_info.number,'-材',contract_info.number) as number,
                        project_info.name as projectName,
                        GROUP_CONCAT(project_section.name) as sectionName,
                        company_info.name as companyName,
                        contract_info.name as contractName,
                        contract_info.createtime as contractCreateTime
                     FROM `fa_project_section` `project_section`,`fa_contract_verify` `contract_verify` INNER JOIN `fa_contract_info` `contract_info` ON `contract_info`.`id`=`contract_verify`.`contract_info_id` INNER JOIN `fa_project_info` `project_info` ON `contract_info`.`project_info_id`=`project_info`.`id` INNER JOIN `fa_company_info` `company_info` ON `contract_info`.`company_info_id`=`company_info`.`id` WHERE  (  FIND_IN_SET(project_section.id,contract_info.project_section_ids) ) ORDER BY `contract_verify`.`id` DESC [ RunTime:0.003000s ]
---------------------------------------------------------------
[ 2019-07-07T08:56:03+08:00 ] 127.0.0.1 GET 127.0.0.1/admin/contract/verify/examine/ids/3?dialog=1
[运行时间：0.322018s] [吞吐率：3.11req/s] [内存消耗：3,653.59kb] [文件加载：141]
[ info ] [ BEHAVIOR ] Run Closure @app_init [ RunTime:0.000000s ]
[ info ] [ CACHE ] INIT File
[ info ] [ BEHAVIOR ] Run Closure @app_init [ RunTime:0.010001s ]
[ info ] [ LANG ] C:\xampp\htdocs\fastadmin\thinkphp\lang\zh-cn.php
[ info ] [ ROUTE ] array (
  'type' => 'module',
  'module' => 
  array (
    0 => 'admin',
    1 => 'contract.verify',
    2 => 'examine',
  ),
)
[ info ] [ HEADER ] array (
  'host' => '127.0.0.1',
  'connection' => 'keep-alive',
  'upgrade-insecure-requests' => '1',
  'user-agent' => 'Mozilla/5.0 (Windows NT 6.1; WOW64) AppleWebKit/537.36 (KHTML, like Gecko) Chrome/70.0.3538.25 Safari/537.36 Core/1.70.3704.400 QQBrowser/10.4.3587.400',
  'accept' => 'text/html,application/xhtml+xml,application/xml;q=0.9,image/webp,image/apng,*/*;q=0.8',
  'referer' => 'http://127.0.0.1/admin/contract/verify?addtabs=1',
  'accept-encoding' => 'gzip, deflate, br',
  'accept-language' => 'zh-CN,zh;q=0.9',
  'cookie' => 'Hm_lvt_f8d0a8c400404989e195270b0bbf060a=1562375217; PHPSESSID=iak28dcqub1q537ks84vegq10a; Hm_lpvt_f8d0a8c400404989e195270b0bbf060a=1562460719',
)
[ info ] [ PARAM ] array (
  'dialog' => '1',
  'ids' => '3',
)
[ info ] [ LANG ] C:\xampp\htdocs\fastadmin\public/../application/admin\lang\zh-cn.php
[ info ] [ BEHAVIOR ] Run app\common\behavior\Common @module_init [ RunTime:0.004000s ]
[ info ] [ SESSION ] INIT array (
  'id' => '',
  'var_session_id' => '',
  'prefix' => 'think',
  'type' => '',
  'auto_start' => true,
)
[ info ] [ DB ] INIT mysql
[ info ] [ LANG ] C:\xampp\htdocs\fastadmin\public/../application/admin/lang/zh-cn/contract/verify.php
[ info ] [ DB ] INIT mysql
[ info ] [ RUN ] app\admin\controller\contract\Verify->examine[ C:\xampp\htdocs\fastadmin\application\admin\controller\contract\Verify.php ]
[ info ] [ VIEW ] C:\xampp\htdocs\fastadmin\public/../application/admin\view\contract\verify\examine.html [ array (
  0 => 'breadcrumb',
  1 => 'site',
  2 => 'config',
  3 => 'auth',
  4 => 'admin',
  5 => 'agreedataList',
  6 => 'list',
) ]
[ info ] [ BEHAVIOR ] Run app\admin\behavior\AdminLog @app_end [ RunTime:0.000000s ]
[ info ] [ BEHAVIOR ] Run \addons\loginbgindex\Loginbgindex @response_send [ RunTime:0.000000s ]
[ info ] [ BEHAVIOR ] Run \addons\loginvideo\Loginvideo @response_send [ RunTime:0.001000s ]
[ info ] [ LOG ] INIT File
[ sql ] [ DB ] CONNECT:[ UseTime:0.146008s ] mysql:host=127.0.0.1;port=3306;dbname=fastadmin;charset=utf8
[ sql ] [ SQL ] SHOW COLUMNS FROM `fa_auth_group_access` [ RunTime:0.010001s ]
[ sql ] [ SQL ] SELECT `aga`.`uid`,`aga`.`group_id`,`ag`.`id`,`ag`.`pid`,`ag`.`name`,`ag`.`rules` FROM `fa_auth_group_access` `aga` LEFT JOIN `fa_auth_group` `ag` ON `aga`.`group_id`=`ag`.`id` WHERE  (  aga.uid='1' and ag.status='normal' ) [ RunTime:0.003000s ]
[ sql ] [ SQL ] SHOW COLUMNS FROM `fa_auth_rule` [ RunTime:0.010001s ]
[ sql ] [ SQL ] SELECT `id`,`pid`,`condition`,`icon`,`name`,`title`,`ismenu` FROM `fa_auth_rule` WHERE  `status` = 'normal' [ RunTime:0.003000s ]
[ sql ] [ SQL ] SHOW COLUMNS FROM `fa_contract_info` [ RunTime:0.009001s ]
[ sql ] [ SQL ] SELECT 
                    contract_info.id as id,
                    project_info.name as projectName,
                    GROUP_CONCAT(project_section.name) as sectionName,
                    project_manager.name as managerName,
                    company_info.name as companyName,
                    company_info.phone as companyPhone,
                    contract_info.name as contractName,
                    contract_info.price as contractPrice,
                    category.name as categoryName,
                    category.id as categoryId,
                    contract_info.settlement as contractSettlement,
                    contract_info.createtime as contractCreateTime
                 FROM `fa_contract_info` `contract_info` INNER JOIN `fa_project_info` `project_info` ON `project_info`.`id`=`contract_info`.`project_info_id` INNER JOIN `fa_project_section` `project_section` ON FIND_IN_SET(project_section.id,contract_info.project_section_ids) INNER JOIN `fa_category` `category` ON `category`.`id`=`contract_info`.`category_id` INNER JOIN `fa_company_info` `company_info` ON `company_info`.`id`=`contract_info`.`company_info_id` INNER JOIN `fa_project_manager` `project_manager` ON `project_manager`.`id`=`project_section`.`project_manager_id` WHERE  `contract_info`.`id` = '3' [ RunTime:0.003000s ]
---------------------------------------------------------------
[ 2019-07-07T08:56:04+08:00 ] 127.0.0.1 GET 127.0.0.1/admin/ajax/lang?callback=define&controllername=contract.verify&v=1562460963
[运行时间：0.097005s] [吞吐率：10.31req/s] [内存消耗：2,838.62kb] [文件加载：134]
[ info ] [ BEHAVIOR ] Run Closure @app_init [ RunTime:0.000000s ]
[ info ] [ CACHE ] INIT File
[ info ] [ BEHAVIOR ] Run Closure @app_init [ RunTime:0.007000s ]
[ info ] [ LANG ] C:\xampp\htdocs\fastadmin\thinkphp\lang\zh-cn.php
[ info ] [ ROUTE ] array (
  'type' => 'module',
  'module' => 
  array (
    0 => 'admin',
    1 => 'ajax',
    2 => 'lang',
  ),
)
[ info ] [ HEADER ] array (
  'host' => '127.0.0.1',
  'connection' => 'keep-alive',
  'user-agent' => 'Mozilla/5.0 (Windows NT 6.1; WOW64) AppleWebKit/537.36 (KHTML, like Gecko) Chrome/70.0.3538.25 Safari/537.36 Core/1.70.3704.400 QQBrowser/10.4.3587.400',
  'accept' => '*/*',
  'referer' => 'http://127.0.0.1/admin/contract/verify/examine/ids/3?dialog=1',
  'accept-encoding' => 'gzip, deflate, br',
  'accept-language' => 'zh-CN,zh;q=0.9',
  'cookie' => 'Hm_lvt_f8d0a8c400404989e195270b0bbf060a=1562375217; PHPSESSID=iak28dcqub1q537ks84vegq10a; Hm_lpvt_f8d0a8c400404989e195270b0bbf060a=1562460719',
)
[ info ] [ PARAM ] array (
  'callback' => 'define',
  'controllername' => 'contract.verify',
  'v' => '1562460963',
)
[ info ] [ LANG ] C:\xampp\htdocs\fastadmin\public/../application/admin\lang\zh-cn.php
[ info ] [ BEHAVIOR ] Run app\common\behavior\Common @module_init [ RunTime:0.003000s ]
[ info ] [ SESSION ] INIT array (
  'id' => '',
  'var_session_id' => '',
  'prefix' => 'think',
  'type' => '',
  'auto_start' => true,
)
[ info ] [ LANG ] C:\xampp\htdocs\fastadmin\public/../application/admin/lang/zh-cn/ajax.php
[ info ] [ RUN ] app\admin\controller\Ajax->lang[ C:\xampp\htdocs\fastadmin\application\admin\controller\Ajax.php ]
[ info ] [ LANG ] C:\xampp\htdocs\fastadmin\public/../application/admin/lang/zh-cn/contract/verify.php
[ info ] [ BEHAVIOR ] Run app\admin\behavior\AdminLog @app_end [ RunTime:0.001000s ]
[ info ] [ BEHAVIOR ] Run \addons\loginbgindex\Loginbgindex @response_send [ RunTime:0.000000s ]
[ info ] [ BEHAVIOR ] Run \addons\loginvideo\Loginvideo @response_send [ RunTime:0.001000s ]
[ info ] [ LOG ] INIT File
